{"C:\\Users\\gabib\\Desktop\\PROYECTO_REFRIS\\backend\\controladores\\analyticsControlador.js": {"path":"C:\\Users\\gabib\\Desktop\\PROYECTO_REFRIS\\backend\\controladores\\analyticsControlador.js","statementMap":{"0":{"start":{"line":1,"column":17},"end":{"line":1,"column":36}},"1":{"start":{"line":2,"column":14},"end":{"line":2,"column":41}},"2":{"start":{"line":3,"column":65},"end":{"line":3,"column":84}},"3":{"start":{"line":6,"column":0},"end":{"line":95,"column":2}},"4":{"start":{"line":7,"column":4},"end":{"line":94,"column":5}},"5":{"start":{"line":9,"column":18},"end":{"line":9,"column":19}},"6":{"start":{"line":10,"column":19},"end":{"line":10,"column":23}},"7":{"start":{"line":12,"column":8},"end":{"line":20,"column":9}},"8":{"start":{"line":13,"column":12},"end":{"line":19,"column":13}},"9":{"start":{"line":14,"column":33},"end":{"line":14,"column":58}},"10":{"start":{"line":15,"column":16},"end":{"line":15,"column":46}},"11":{"start":{"line":16,"column":16},"end":{"line":16,"column":46}},"12":{"start":{"line":18,"column":16},"end":{"line":18,"column":75}},"13":{"start":{"line":23,"column":28},"end":{"line":26,"column":10}},"14":{"start":{"line":29,"column":33},"end":{"line":36,"column":16}},"15":{"start":{"line":39,"column":40},"end":{"line":50,"column":16}},"16":{"start":{"line":53,"column":36},"end":{"line":58,"column":11}},"17":{"start":{"line":53,"column":69},"end":{"line":58,"column":9}},"18":{"start":{"line":60,"column":8},"end":{"line":67,"column":11}},"19":{"start":{"line":61,"column":12},"end":{"line":66,"column":13}},"20":{"start":{"line":62,"column":29},"end":{"line":62,"column":52}},"21":{"start":{"line":63,"column":16},"end":{"line":65,"column":17}},"22":{"start":{"line":64,"column":20},"end":{"line":64,"column":89}},"23":{"start":{"line":70,"column":46},"end":{"line":74,"column":10}},"24":{"start":{"line":76,"column":39},"end":{"line":78,"column":15}},"25":{"start":{"line":81,"column":8},"end":{"line":87,"column":11}},"26":{"start":{"line":89,"column":8},"end":{"line":89,"column":67}},"27":{"start":{"line":90,"column":8},"end":{"line":93,"column":11}},"28":{"start":{"line":98,"column":0},"end":{"line":154,"column":2}},"29":{"start":{"line":99,"column":4},"end":{"line":153,"column":5}},"30":{"start":{"line":100,"column":21},"end":{"line":100,"column":89}},"31":{"start":{"line":103,"column":33},"end":{"line":119,"column":16}},"32":{"start":{"line":122,"column":31},"end":{"line":128,"column":11}},"33":{"start":{"line":122,"column":64},"end":{"line":128,"column":9}},"34":{"start":{"line":130,"column":8},"end":{"line":141,"column":11}},"35":{"start":{"line":131,"column":12},"end":{"line":140,"column":13}},"36":{"start":{"line":132,"column":30},"end":{"line":132,"column":42}},"37":{"start":{"line":133,"column":16},"end":{"line":139,"column":17}},"38":{"start":{"line":134,"column":20},"end":{"line":134,"column":73}},"39":{"start":{"line":135,"column":20},"end":{"line":135,"column":79}},"40":{"start":{"line":136,"column":20},"end":{"line":138,"column":28}},"41":{"start":{"line":143,"column":8},"end":{"line":146,"column":11}},"42":{"start":{"line":148,"column":8},"end":{"line":148,"column":73}},"43":{"start":{"line":149,"column":8},"end":{"line":152,"column":11}},"44":{"start":{"line":157,"column":0},"end":{"line":234,"column":2}},"45":{"start":{"line":158,"column":4},"end":{"line":233,"column":5}},"46":{"start":{"line":160,"column":20},"end":{"line":160,"column":63}},"47":{"start":{"line":161,"column":21},"end":{"line":161,"column":69}},"48":{"start":{"line":164,"column":23},"end":{"line":167,"column":53}},"49":{"start":{"line":170,"column":28},"end":{"line":170,"column":102}},"50":{"start":{"line":173,"column":31},"end":{"line":179,"column":11}},"51":{"start":{"line":173,"column":58},"end":{"line":179,"column":9}},"52":{"start":{"line":182,"column":8},"end":{"line":221,"column":11}},"53":{"start":{"line":183,"column":12},"end":{"line":183,"column":37}},"54":{"start":{"line":183,"column":30},"end":{"line":183,"column":37}},"55":{"start":{"line":187,"column":12},"end":{"line":220,"column":13}},"56":{"start":{"line":189,"column":16},"end":{"line":193,"column":17}},"57":{"start":{"line":190,"column":20},"end":{"line":190,"column":76}},"58":{"start":{"line":191,"column":23},"end":{"line":193,"column":17}},"59":{"start":{"line":192,"column":20},"end":{"line":192,"column":76}},"60":{"start":{"line":195,"column":16},"end":{"line":195,"column":57}},"61":{"start":{"line":195,"column":50},"end":{"line":195,"column":57}},"62":{"start":{"line":197,"column":34},"end":{"line":197,"column":50}},"63":{"start":{"line":200,"column":16},"end":{"line":200,"column":56}},"64":{"start":{"line":203,"column":16},"end":{"line":217,"column":17}},"65":{"start":{"line":204,"column":20},"end":{"line":216,"column":23}},"66":{"start":{"line":205,"column":24},"end":{"line":205,"column":86}},"67":{"start":{"line":205,"column":79},"end":{"line":205,"column":86}},"68":{"start":{"line":207,"column":37},"end":{"line":207,"column":86}},"69":{"start":{"line":209,"column":24},"end":{"line":215,"column":25}},"70":{"start":{"line":210,"column":28},"end":{"line":210,"column":74}},"71":{"start":{"line":211,"column":31},"end":{"line":215,"column":25}},"72":{"start":{"line":212,"column":28},"end":{"line":212,"column":73}},"73":{"start":{"line":213,"column":31},"end":{"line":215,"column":25}},"74":{"start":{"line":214,"column":28},"end":{"line":214,"column":73}},"75":{"start":{"line":219,"column":16},"end":{"line":219,"column":76}},"76":{"start":{"line":223,"column":8},"end":{"line":226,"column":11}},"77":{"start":{"line":228,"column":8},"end":{"line":228,"column":71}},"78":{"start":{"line":229,"column":8},"end":{"line":232,"column":11}},"79":{"start":{"line":237,"column":0},"end":{"line":345,"column":2}},"80":{"start":{"line":238,"column":4},"end":{"line":344,"column":5}},"81":{"start":{"line":240,"column":20},"end":{"line":240,"column":66}},"82":{"start":{"line":241,"column":21},"end":{"line":241,"column":69}},"83":{"start":{"line":243,"column":8},"end":{"line":248,"column":9}},"84":{"start":{"line":244,"column":12},"end":{"line":247,"column":15}},"85":{"start":{"line":251,"column":29},"end":{"line":304,"column":16}},"86":{"start":{"line":307,"column":31},"end":{"line":314,"column":11}},"87":{"start":{"line":307,"column":64},"end":{"line":314,"column":9}},"88":{"start":{"line":317,"column":8},"end":{"line":321,"column":11}},"89":{"start":{"line":318,"column":12},"end":{"line":320,"column":13}},"90":{"start":{"line":319,"column":16},"end":{"line":319,"column":49}},"91":{"start":{"line":324,"column":24},"end":{"line":331,"column":70}},"92":{"start":{"line":325,"column":12},"end":{"line":330,"column":14}},"93":{"start":{"line":333,"column":8},"end":{"line":337,"column":11}},"94":{"start":{"line":339,"column":8},"end":{"line":339,"column":77}},"95":{"start":{"line":340,"column":8},"end":{"line":343,"column":11}},"96":{"start":{"line":348,"column":0},"end":{"line":392,"column":2}},"97":{"start":{"line":349,"column":4},"end":{"line":391,"column":5}},"98":{"start":{"line":351,"column":30},"end":{"line":355,"column":9}},"99":{"start":{"line":358,"column":26},"end":{"line":358,"column":35}},"100":{"start":{"line":359,"column":8},"end":{"line":361,"column":9}},"101":{"start":{"line":360,"column":12},"end":{"line":360,"column":110}},"102":{"start":{"line":363,"column":23},"end":{"line":365,"column":19}},"103":{"start":{"line":368,"column":34},"end":{"line":378,"column":11}},"104":{"start":{"line":368,"column":55},"end":{"line":378,"column":9}},"105":{"start":{"line":373,"column":73},"end":{"line":377,"column":13}},"106":{"start":{"line":380,"column":8},"end":{"line":384,"column":11}},"107":{"start":{"line":386,"column":8},"end":{"line":386,"column":65}},"108":{"start":{"line":387,"column":8},"end":{"line":390,"column":11}},"109":{"start":{"line":395,"column":0},"end":{"line":444,"column":2}},"110":{"start":{"line":396,"column":4},"end":{"line":443,"column":5}},"111":{"start":{"line":397,"column":8},"end":{"line":399,"column":9}},"112":{"start":{"line":398,"column":12},"end":{"line":398,"column":96}},"113":{"start":{"line":401,"column":26},"end":{"line":401,"column":34}},"114":{"start":{"line":404,"column":8},"end":{"line":406,"column":9}},"115":{"start":{"line":405,"column":12},"end":{"line":405,"column":95}},"116":{"start":{"line":409,"column":32},"end":{"line":409,"column":34}},"117":{"start":{"line":411,"column":8},"end":{"line":425,"column":11}},"118":{"start":{"line":412,"column":53},"end":{"line":412,"column":57}},"119":{"start":{"line":414,"column":12},"end":{"line":414,"column":76}},"120":{"start":{"line":414,"column":69},"end":{"line":414,"column":76}},"121":{"start":{"line":416,"column":12},"end":{"line":418,"column":13}},"122":{"start":{"line":417,"column":16},"end":{"line":417,"column":42}},"123":{"start":{"line":420,"column":12},"end":{"line":422,"column":13}},"124":{"start":{"line":421,"column":16},"end":{"line":421,"column":50}},"125":{"start":{"line":424,"column":12},"end":{"line":424,"column":69}},"126":{"start":{"line":430,"column":8},"end":{"line":436,"column":11}},"127":{"start":{"line":438,"column":8},"end":{"line":438,"column":80}},"128":{"start":{"line":439,"column":8},"end":{"line":442,"column":11}},"129":{"start":{"line":447,"column":0},"end":{"line":469,"column":2}},"130":{"start":{"line":448,"column":4},"end":{"line":468,"column":5}},"131":{"start":{"line":449,"column":29},"end":{"line":449,"column":37}},"132":{"start":{"line":451,"column":8},"end":{"line":453,"column":9}},"133":{"start":{"line":452,"column":12},"end":{"line":452,"column":94}},"134":{"start":{"line":458,"column":8},"end":{"line":461,"column":11}},"135":{"start":{"line":463,"column":8},"end":{"line":463,"column":72}},"136":{"start":{"line":464,"column":8},"end":{"line":467,"column":11}}},"fnMap":{"0":{"name":"(anonymous_0)","decl":{"start":{"line":6,"column":31},"end":{"line":6,"column":32}},"loc":{"start":{"line":6,"column":51},"end":{"line":95,"column":1}},"line":6},"1":{"name":"(anonymous_1)","decl":{"start":{"line":53,"column":58},"end":{"line":53,"column":59}},"loc":{"start":{"line":53,"column":69},"end":{"line":58,"column":9}},"line":53},"2":{"name":"(anonymous_2)","decl":{"start":{"line":60,"column":40},"end":{"line":60,"column":41}},"loc":{"start":{"line":60,"column":48},"end":{"line":67,"column":9}},"line":60},"3":{"name":"(anonymous_3)","decl":{"start":{"line":98,"column":28},"end":{"line":98,"column":29}},"loc":{"start":{"line":98,"column":48},"end":{"line":154,"column":1}},"line":98},"4":{"name":"(anonymous_4)","decl":{"start":{"line":122,"column":53},"end":{"line":122,"column":54}},"loc":{"start":{"line":122,"column":64},"end":{"line":128,"column":9}},"line":122},"5":{"name":"(anonymous_5)","decl":{"start":{"line":130,"column":33},"end":{"line":130,"column":34}},"loc":{"start":{"line":130,"column":41},"end":{"line":141,"column":9}},"line":130},"6":{"name":"(anonymous_6)","decl":{"start":{"line":157,"column":35},"end":{"line":157,"column":36}},"loc":{"start":{"line":157,"column":55},"end":{"line":234,"column":1}},"line":157},"7":{"name":"(anonymous_7)","decl":{"start":{"line":173,"column":47},"end":{"line":173,"column":48}},"loc":{"start":{"line":173,"column":58},"end":{"line":179,"column":9}},"line":173},"8":{"name":"(anonymous_8)","decl":{"start":{"line":182,"column":23},"end":{"line":182,"column":24}},"loc":{"start":{"line":182,"column":32},"end":{"line":221,"column":9}},"line":182},"9":{"name":"(anonymous_9)","decl":{"start":{"line":204,"column":46},"end":{"line":204,"column":47}},"loc":{"start":{"line":204,"column":60},"end":{"line":216,"column":21}},"line":204},"10":{"name":"(anonymous_10)","decl":{"start":{"line":237,"column":36},"end":{"line":237,"column":37}},"loc":{"start":{"line":237,"column":56},"end":{"line":345,"column":1}},"line":237},"11":{"name":"(anonymous_11)","decl":{"start":{"line":307,"column":53},"end":{"line":307,"column":54}},"loc":{"start":{"line":307,"column":64},"end":{"line":314,"column":9}},"line":307},"12":{"name":"(anonymous_12)","decl":{"start":{"line":317,"column":29},"end":{"line":317,"column":30}},"loc":{"start":{"line":317,"column":37},"end":{"line":321,"column":9}},"line":317},"13":{"name":"(anonymous_13)","decl":{"start":{"line":324,"column":46},"end":{"line":324,"column":47}},"loc":{"start":{"line":324,"column":61},"end":{"line":331,"column":9}},"line":324},"14":{"name":"(anonymous_14)","decl":{"start":{"line":348,"column":33},"end":{"line":348,"column":34}},"loc":{"start":{"line":348,"column":53},"end":{"line":392,"column":1}},"line":348},"15":{"name":"(anonymous_15)","decl":{"start":{"line":368,"column":45},"end":{"line":368,"column":46}},"loc":{"start":{"line":368,"column":55},"end":{"line":378,"column":9}},"line":368},"16":{"name":"(anonymous_16)","decl":{"start":{"line":373,"column":67},"end":{"line":373,"column":68}},"loc":{"start":{"line":373,"column":73},"end":{"line":377,"column":13}},"line":373},"17":{"name":"(anonymous_17)","decl":{"start":{"line":395,"column":32},"end":{"line":395,"column":33}},"loc":{"start":{"line":395,"column":52},"end":{"line":444,"column":1}},"line":395},"18":{"name":"(anonymous_18)","decl":{"start":{"line":411,"column":22},"end":{"line":411,"column":23}},"loc":{"start":{"line":411,"column":30},"end":{"line":425,"column":9}},"line":411},"19":{"name":"(anonymous_19)","decl":{"start":{"line":447,"column":35},"end":{"line":447,"column":36}},"loc":{"start":{"line":447,"column":55},"end":{"line":469,"column":1}},"line":447}},"branchMap":{"0":{"loc":{"start":{"line":12,"column":8},"end":{"line":20,"column":9}},"type":"if","locations":[{"start":{"line":12,"column":8},"end":{"line":20,"column":9}},{"start":{},"end":{}}],"line":12},"1":{"loc":{"start":{"line":29,"column":33},"end":{"line":36,"column":16}},"type":"binary-expr","locations":[{"start":{"line":29,"column":33},"end":{"line":36,"column":10}},{"start":{"line":36,"column":14},"end":{"line":36,"column":16}}],"line":29},"2":{"loc":{"start":{"line":39,"column":40},"end":{"line":50,"column":16}},"type":"binary-expr","locations":[{"start":{"line":39,"column":40},"end":{"line":50,"column":10}},{"start":{"line":50,"column":14},"end":{"line":50,"column":16}}],"line":39},"3":{"loc":{"start":{"line":61,"column":12},"end":{"line":66,"column":13}},"type":"if","locations":[{"start":{"line":61,"column":12},"end":{"line":66,"column":13}},{"start":{},"end":{}}],"line":61},"4":{"loc":{"start":{"line":61,"column":16},"end":{"line":61,"column":49}},"type":"binary-expr","locations":[{"start":{"line":61,"column":16},"end":{"line":61,"column":20}},{"start":{"line":61,"column":24},"end":{"line":61,"column":32}},{"start":{"line":61,"column":36},"end":{"line":61,"column":49}}],"line":61},"5":{"loc":{"start":{"line":63,"column":16},"end":{"line":65,"column":17}},"type":"if","locations":[{"start":{"line":63,"column":16},"end":{"line":65,"column":17}},{"start":{},"end":{}}],"line":63},"6":{"loc":{"start":{"line":63,"column":20},"end":{"line":63,"column":58}},"type":"binary-expr","locations":[{"start":{"line":63,"column":20},"end":{"line":63,"column":32}},{"start":{"line":63,"column":36},"end":{"line":63,"column":45}},{"start":{"line":63,"column":49},"end":{"line":63,"column":58}}],"line":63},"7":{"loc":{"start":{"line":64,"column":46},"end":{"line":64,"column":74}},"type":"binary-expr","locations":[{"start":{"line":64,"column":46},"end":{"line":64,"column":59}},{"start":{"line":64,"column":63},"end":{"line":64,"column":74}}],"line":64},"8":{"loc":{"start":{"line":76,"column":39},"end":{"line":78,"column":15}},"type":"cond-expr","locations":[{"start":{"line":77,"column":14},"end":{"line":77,"column":77}},{"start":{"line":78,"column":14},"end":{"line":78,"column":15}}],"line":76},"9":{"loc":{"start":{"line":100,"column":21},"end":{"line":100,"column":89}},"type":"cond-expr","locations":[{"start":{"line":100,"column":38},"end":{"line":100,"column":62}},{"start":{"line":100,"column":65},"end":{"line":100,"column":89}}],"line":100},"10":{"loc":{"start":{"line":103,"column":33},"end":{"line":119,"column":16}},"type":"binary-expr","locations":[{"start":{"line":103,"column":33},"end":{"line":119,"column":10}},{"start":{"line":119,"column":14},"end":{"line":119,"column":16}}],"line":103},"11":{"loc":{"start":{"line":131,"column":12},"end":{"line":140,"column":13}},"type":"if","locations":[{"start":{"line":131,"column":12},"end":{"line":140,"column":13}},{"start":{},"end":{}}],"line":131},"12":{"loc":{"start":{"line":131,"column":16},"end":{"line":131,"column":32}},"type":"binary-expr","locations":[{"start":{"line":131,"column":16},"end":{"line":131,"column":20}},{"start":{"line":131,"column":24},"end":{"line":131,"column":32}}],"line":131},"13":{"loc":{"start":{"line":133,"column":16},"end":{"line":139,"column":17}},"type":"if","locations":[{"start":{"line":133,"column":16},"end":{"line":139,"column":17}},{"start":{},"end":{}}],"line":133},"14":{"loc":{"start":{"line":133,"column":20},"end":{"line":133,"column":44}},"type":"binary-expr","locations":[{"start":{"line":133,"column":20},"end":{"line":133,"column":30}},{"start":{"line":133,"column":34},"end":{"line":133,"column":44}}],"line":133},"15":{"loc":{"start":{"line":136,"column":55},"end":{"line":138,"column":27}},"type":"cond-expr","locations":[{"start":{"line":137,"column":26},"end":{"line":137,"column":84}},{"start":{"line":138,"column":26},"end":{"line":138,"column":27}}],"line":136},"16":{"loc":{"start":{"line":160,"column":20},"end":{"line":160,"column":63}},"type":"cond-expr","locations":[{"start":{"line":160,"column":36},"end":{"line":160,"column":59}},{"start":{"line":160,"column":62},"end":{"line":160,"column":63}}],"line":160},"17":{"loc":{"start":{"line":161,"column":21},"end":{"line":161,"column":69}},"type":"cond-expr","locations":[{"start":{"line":161,"column":38},"end":{"line":161,"column":62}},{"start":{"line":161,"column":65},"end":{"line":161,"column":69}}],"line":161},"18":{"loc":{"start":{"line":183,"column":12},"end":{"line":183,"column":37}},"type":"if","locations":[{"start":{"line":183,"column":12},"end":{"line":183,"column":37}},{"start":{},"end":{}}],"line":183},"19":{"loc":{"start":{"line":189,"column":16},"end":{"line":193,"column":17}},"type":"if","locations":[{"start":{"line":189,"column":16},"end":{"line":193,"column":17}},{"start":{"line":191,"column":23},"end":{"line":193,"column":17}}],"line":189},"20":{"loc":{"start":{"line":191,"column":23},"end":{"line":193,"column":17}},"type":"if","locations":[{"start":{"line":191,"column":23},"end":{"line":193,"column":17}},{"start":{},"end":{}}],"line":191},"21":{"loc":{"start":{"line":195,"column":16},"end":{"line":195,"column":57}},"type":"if","locations":[{"start":{"line":195,"column":16},"end":{"line":195,"column":57}},{"start":{},"end":{}}],"line":195},"22":{"loc":{"start":{"line":195,"column":20},"end":{"line":195,"column":48}},"type":"binary-expr","locations":[{"start":{"line":195,"column":20},"end":{"line":195,"column":29}},{"start":{"line":195,"column":33},"end":{"line":195,"column":48}}],"line":195},"23":{"loc":{"start":{"line":203,"column":16},"end":{"line":217,"column":17}},"type":"if","locations":[{"start":{"line":203,"column":16},"end":{"line":217,"column":17}},{"start":{},"end":{}}],"line":203},"24":{"loc":{"start":{"line":203,"column":20},"end":{"line":203,"column":69}},"type":"binary-expr","locations":[{"start":{"line":203,"column":20},"end":{"line":203,"column":37}},{"start":{"line":203,"column":41},"end":{"line":203,"column":69}}],"line":203},"25":{"loc":{"start":{"line":205,"column":24},"end":{"line":205,"column":86}},"type":"if","locations":[{"start":{"line":205,"column":24},"end":{"line":205,"column":86}},{"start":{},"end":{}}],"line":205},"26":{"loc":{"start":{"line":205,"column":28},"end":{"line":205,"column":77}},"type":"binary-expr","locations":[{"start":{"line":205,"column":28},"end":{"line":205,"column":47}},{"start":{"line":205,"column":51},"end":{"line":205,"column":77}}],"line":205},"27":{"loc":{"start":{"line":209,"column":24},"end":{"line":215,"column":25}},"type":"if","locations":[{"start":{"line":209,"column":24},"end":{"line":215,"column":25}},{"start":{"line":211,"column":31},"end":{"line":215,"column":25}}],"line":209},"28":{"loc":{"start":{"line":209,"column":28},"end":{"line":209,"column":50}},"type":"binary-expr","locations":[{"start":{"line":209,"column":28},"end":{"line":209,"column":37}},{"start":{"line":209,"column":41},"end":{"line":209,"column":50}}],"line":209},"29":{"loc":{"start":{"line":211,"column":31},"end":{"line":215,"column":25}},"type":"if","locations":[{"start":{"line":211,"column":31},"end":{"line":215,"column":25}},{"start":{"line":213,"column":31},"end":{"line":215,"column":25}}],"line":211},"30":{"loc":{"start":{"line":211,"column":35},"end":{"line":211,"column":58}},"type":"binary-expr","locations":[{"start":{"line":211,"column":35},"end":{"line":211,"column":45}},{"start":{"line":211,"column":49},"end":{"line":211,"column":58}}],"line":211},"31":{"loc":{"start":{"line":213,"column":31},"end":{"line":215,"column":25}},"type":"if","locations":[{"start":{"line":213,"column":31},"end":{"line":215,"column":25}},{"start":{},"end":{}}],"line":213},"32":{"loc":{"start":{"line":213,"column":35},"end":{"line":213,"column":58}},"type":"binary-expr","locations":[{"start":{"line":213,"column":35},"end":{"line":213,"column":45}},{"start":{"line":213,"column":49},"end":{"line":213,"column":58}}],"line":213},"33":{"loc":{"start":{"line":240,"column":20},"end":{"line":240,"column":66}},"type":"cond-expr","locations":[{"start":{"line":240,"column":36},"end":{"line":240,"column":59}},{"start":{"line":240,"column":62},"end":{"line":240,"column":66}}],"line":240},"34":{"loc":{"start":{"line":241,"column":21},"end":{"line":241,"column":69}},"type":"cond-expr","locations":[{"start":{"line":241,"column":38},"end":{"line":241,"column":62}},{"start":{"line":241,"column":65},"end":{"line":241,"column":69}}],"line":241},"35":{"loc":{"start":{"line":243,"column":8},"end":{"line":248,"column":9}},"type":"if","locations":[{"start":{"line":243,"column":8},"end":{"line":248,"column":9}},{"start":{},"end":{}}],"line":243},"36":{"loc":{"start":{"line":243,"column":12},"end":{"line":243,"column":54}},"type":"binary-expr","locations":[{"start":{"line":243,"column":12},"end":{"line":243,"column":16}},{"start":{"line":243,"column":20},"end":{"line":243,"column":25}},{"start":{"line":243,"column":29},"end":{"line":243,"column":39}},{"start":{"line":243,"column":43},"end":{"line":243,"column":54}}],"line":243},"37":{"loc":{"start":{"line":251,"column":29},"end":{"line":304,"column":16}},"type":"binary-expr","locations":[{"start":{"line":251,"column":29},"end":{"line":304,"column":10}},{"start":{"line":304,"column":14},"end":{"line":304,"column":16}}],"line":251},"38":{"loc":{"start":{"line":318,"column":12},"end":{"line":320,"column":13}},"type":"if","locations":[{"start":{"line":318,"column":12},"end":{"line":320,"column":13}},{"start":{},"end":{}}],"line":318},"39":{"loc":{"start":{"line":318,"column":16},"end":{"line":318,"column":56}},"type":"binary-expr","locations":[{"start":{"line":318,"column":16},"end":{"line":318,"column":20}},{"start":{"line":318,"column":24},"end":{"line":318,"column":38}},{"start":{"line":318,"column":42},"end":{"line":318,"column":56}}],"line":318},"40":{"loc":{"start":{"line":326,"column":44},"end":{"line":326,"column":63}},"type":"binary-expr","locations":[{"start":{"line":326,"column":44},"end":{"line":326,"column":58}},{"start":{"line":326,"column":62},"end":{"line":326,"column":63}}],"line":326},"41":{"loc":{"start":{"line":327,"column":52},"end":{"line":327,"column":75}},"type":"binary-expr","locations":[{"start":{"line":327,"column":52},"end":{"line":327,"column":70}},{"start":{"line":327,"column":74},"end":{"line":327,"column":75}}],"line":327},"42":{"loc":{"start":{"line":328,"column":44},"end":{"line":328,"column":63}},"type":"binary-expr","locations":[{"start":{"line":328,"column":44},"end":{"line":328,"column":58}},{"start":{"line":328,"column":62},"end":{"line":328,"column":63}}],"line":328},"43":{"loc":{"start":{"line":329,"column":36},"end":{"line":329,"column":51}},"type":"binary-expr","locations":[{"start":{"line":329,"column":36},"end":{"line":329,"column":46}},{"start":{"line":329,"column":50},"end":{"line":329,"column":51}}],"line":329},"44":{"loc":{"start":{"line":359,"column":8},"end":{"line":361,"column":9}},"type":"if","locations":[{"start":{"line":359,"column":8},"end":{"line":361,"column":9}},{"start":{},"end":{}}],"line":359},"45":{"loc":{"start":{"line":373,"column":25},"end":{"line":377,"column":20}},"type":"cond-expr","locations":[{"start":{"line":373,"column":45},"end":{"line":377,"column":15}},{"start":{"line":377,"column":18},"end":{"line":377,"column":20}}],"line":373},"46":{"loc":{"start":{"line":376,"column":21},"end":{"line":376,"column":43}},"type":"binary-expr","locations":[{"start":{"line":376,"column":21},"end":{"line":376,"column":34}},{"start":{"line":376,"column":38},"end":{"line":376,"column":43}}],"line":376},"47":{"loc":{"start":{"line":397,"column":8},"end":{"line":399,"column":9}},"type":"if","locations":[{"start":{"line":397,"column":8},"end":{"line":399,"column":9}},{"start":{},"end":{}}],"line":397},"48":{"loc":{"start":{"line":397,"column":12},"end":{"line":397,"column":40}},"type":"binary-expr","locations":[{"start":{"line":397,"column":12},"end":{"line":397,"column":21}},{"start":{"line":397,"column":25},"end":{"line":397,"column":40}}],"line":397},"49":{"loc":{"start":{"line":404,"column":8},"end":{"line":406,"column":9}},"type":"if","locations":[{"start":{"line":404,"column":8},"end":{"line":406,"column":9}},{"start":{},"end":{}}],"line":404},"50":{"loc":{"start":{"line":404,"column":12},"end":{"line":404,"column":55}},"type":"binary-expr","locations":[{"start":{"line":404,"column":12},"end":{"line":404,"column":33}},{"start":{"line":404,"column":37},"end":{"line":404,"column":55}}],"line":404},"51":{"loc":{"start":{"line":414,"column":12},"end":{"line":414,"column":76}},"type":"if","locations":[{"start":{"line":414,"column":12},"end":{"line":414,"column":76}},{"start":{},"end":{}}],"line":414},"52":{"loc":{"start":{"line":414,"column":16},"end":{"line":414,"column":67}},"type":"binary-expr","locations":[{"start":{"line":414,"column":16},"end":{"line":414,"column":20}},{"start":{"line":414,"column":24},"end":{"line":414,"column":31}},{"start":{"line":414,"column":35},"end":{"line":414,"column":41}},{"start":{"line":414,"column":45},"end":{"line":414,"column":67}}],"line":414},"53":{"loc":{"start":{"line":416,"column":12},"end":{"line":418,"column":13}},"type":"if","locations":[{"start":{"line":416,"column":12},"end":{"line":418,"column":13}},{"start":{},"end":{}}],"line":416},"54":{"loc":{"start":{"line":420,"column":12},"end":{"line":422,"column":13}},"type":"if","locations":[{"start":{"line":420,"column":12},"end":{"line":422,"column":13}},{"start":{},"end":{}}],"line":420},"55":{"loc":{"start":{"line":451,"column":8},"end":{"line":453,"column":9}},"type":"if","locations":[{"start":{"line":451,"column":8},"end":{"line":453,"column":9}},{"start":{},"end":{}}],"line":451}},"s":{"0":0,"1":0,"2":0,"3":0,"4":0,"5":0,"6":0,"7":0,"8":0,"9":0,"10":0,"11":0,"12":0,"13":0,"14":0,"15":0,"16":0,"17":0,"18":0,"19":0,"20":0,"21":0,"22":0,"23":0,"24":0,"25":0,"26":0,"27":0,"28":0,"29":0,"30":0,"31":0,"32":0,"33":0,"34":0,"35":0,"36":0,"37":0,"38":0,"39":0,"40":0,"41":0,"42":0,"43":0,"44":0,"45":0,"46":0,"47":0,"48":0,"49":0,"50":0,"51":0,"52":0,"53":0,"54":0,"55":0,"56":0,"57":0,"58":0,"59":0,"60":0,"61":0,"62":0,"63":0,"64":0,"65":0,"66":0,"67":0,"68":0,"69":0,"70":0,"71":0,"72":0,"73":0,"74":0,"75":0,"76":0,"77":0,"78":0,"79":0,"80":0,"81":0,"82":0,"83":0,"84":0,"85":0,"86":0,"87":0,"88":0,"89":0,"90":0,"91":0,"92":0,"93":0,"94":0,"95":0,"96":0,"97":0,"98":0,"99":0,"100":0,"101":0,"102":0,"103":0,"104":0,"105":0,"106":0,"107":0,"108":0,"109":0,"110":0,"111":0,"112":0,"113":0,"114":0,"115":0,"116":0,"117":0,"118":0,"119":0,"120":0,"121":0,"122":0,"123":0,"124":0,"125":0,"126":0,"127":0,"128":0,"129":0,"130":0,"131":0,"132":0,"133":0,"134":0,"135":0,"136":0},"f":{"0":0,"1":0,"2":0,"3":0,"4":0,"5":0,"6":0,"7":0,"8":0,"9":0,"10":0,"11":0,"12":0,"13":0,"14":0,"15":0,"16":0,"17":0,"18":0,"19":0},"b":{"0":[0,0],"1":[0,0],"2":[0,0],"3":[0,0],"4":[0,0,0],"5":[0,0],"6":[0,0,0],"7":[0,0],"8":[0,0],"9":[0,0],"10":[0,0],"11":[0,0],"12":[0,0],"13":[0,0],"14":[0,0],"15":[0,0],"16":[0,0],"17":[0,0],"18":[0,0],"19":[0,0],"20":[0,0],"21":[0,0],"22":[0,0],"23":[0,0],"24":[0,0],"25":[0,0],"26":[0,0],"27":[0,0],"28":[0,0],"29":[0,0],"30":[0,0],"31":[0,0],"32":[0,0],"33":[0,0],"34":[0,0],"35":[0,0],"36":[0,0,0,0],"37":[0,0],"38":[0,0],"39":[0,0,0],"40":[0,0],"41":[0,0],"42":[0,0],"43":[0,0],"44":[0,0],"45":[0,0],"46":[0,0],"47":[0,0],"48":[0,0],"49":[0,0],"50":[0,0],"51":[0,0],"52":[0,0,0,0],"53":[0,0],"54":[0,0],"55":[0,0]},"inputSourceMap":null}
,"C:\\Users\\gabib\\Desktop\\PROYECTO_REFRIS\\backend\\controladores\\asesoresControlador.js": {"path":"C:\\Users\\gabib\\Desktop\\PROYECTO_REFRIS\\backend\\controladores\\asesoresControlador.js","statementMap":{"0":{"start":{"line":1,"column":15},"end":{"line":1,"column":43}},"1":{"start":{"line":4,"column":39},"end":{"line":4,"column":92}},"2":{"start":{"line":7,"column":14},"end":{"line":7,"column":41}},"3":{"start":{"line":8,"column":35},"end":{"line":8,"column":54}},"4":{"start":{"line":10,"column":17},"end":{"line":10,"column":36}},"5":{"start":{"line":20,"column":0},"end":{"line":23,"column":2}},"6":{"start":{"line":21,"column":2},"end":{"line":21,"column":56}},"7":{"start":{"line":22,"column":2},"end":{"line":22,"column":58}},"8":{"start":{"line":26,"column":0},"end":{"line":536,"column":2}},"9":{"start":{"line":27,"column":4},"end":{"line":27,"column":68}},"10":{"start":{"line":28,"column":4},"end":{"line":28,"column":116}},"11":{"start":{"line":29,"column":22},"end":{"line":29,"column":31}},"12":{"start":{"line":30,"column":4},"end":{"line":30,"column":95}},"13":{"start":{"line":33,"column":4},"end":{"line":33,"column":74}},"14":{"start":{"line":34,"column":4},"end":{"line":39,"column":5}},"15":{"start":{"line":35,"column":31},"end":{"line":35,"column":106}},"16":{"start":{"line":36,"column":8},"end":{"line":36,"column":104}},"17":{"start":{"line":38,"column":8},"end":{"line":38,"column":69}},"18":{"start":{"line":41,"column":4},"end":{"line":44,"column":5}},"19":{"start":{"line":42,"column":8},"end":{"line":42,"column":94}},"20":{"start":{"line":43,"column":8},"end":{"line":43,"column":28}},"21":{"start":{"line":46,"column":4},"end":{"line":535,"column":5}},"22":{"start":{"line":48,"column":33},"end":{"line":48,"column":55}},"23":{"start":{"line":50,"column":8},"end":{"line":53,"column":9}},"24":{"start":{"line":51,"column":9},"end":{"line":51,"column":89}},"25":{"start":{"line":52,"column":9},"end":{"line":52,"column":96}},"26":{"start":{"line":56,"column":30},"end":{"line":56,"column":39}},"27":{"start":{"line":59,"column":25},"end":{"line":59,"column":74}},"28":{"start":{"line":60,"column":8},"end":{"line":70,"column":9}},"29":{"start":{"line":61,"column":30},"end":{"line":61,"column":47}},"30":{"start":{"line":63,"column":12},"end":{"line":69,"column":13}},"31":{"start":{"line":64,"column":16},"end":{"line":64,"column":44}},"32":{"start":{"line":65,"column":16},"end":{"line":65,"column":112}},"33":{"start":{"line":66,"column":19},"end":{"line":69,"column":13}},"34":{"start":{"line":67,"column":16},"end":{"line":67,"column":43}},"35":{"start":{"line":68,"column":16},"end":{"line":68,"column":111}},"36":{"start":{"line":73,"column":8},"end":{"line":91,"column":9}},"37":{"start":{"line":74,"column":12},"end":{"line":74,"column":78}},"38":{"start":{"line":76,"column":35},"end":{"line":76,"column":122}},"39":{"start":{"line":77,"column":12},"end":{"line":77,"column":123}},"40":{"start":{"line":80,"column":37},"end":{"line":80,"column":98}},"41":{"start":{"line":80,"column":64},"end":{"line":80,"column":97}},"42":{"start":{"line":81,"column":12},"end":{"line":81,"column":120}},"43":{"start":{"line":84,"column":34},"end":{"line":84,"column":86}},"44":{"start":{"line":85,"column":12},"end":{"line":90,"column":13}},"45":{"start":{"line":86,"column":30},"end":{"line":86,"column":112}},"46":{"start":{"line":87,"column":16},"end":{"line":89,"column":17}},"47":{"start":{"line":88,"column":20},"end":{"line":88,"column":112}},"48":{"start":{"line":94,"column":28},"end":{"line":94,"column":55}},"49":{"start":{"line":95,"column":20},"end":{"line":95,"column":34}},"50":{"start":{"line":96,"column":20},"end":{"line":96,"column":34}},"51":{"start":{"line":97,"column":20},"end":{"line":97,"column":34}},"52":{"start":{"line":99,"column":30},"end":{"line":105,"column":9}},"53":{"start":{"line":107,"column":8},"end":{"line":107,"column":111}},"54":{"start":{"line":110,"column":8},"end":{"line":110,"column":120}},"55":{"start":{"line":113,"column":25},"end":{"line":115,"column":107}},"56":{"start":{"line":117,"column":8},"end":{"line":188,"column":9}},"57":{"start":{"line":118,"column":12},"end":{"line":118,"column":159}},"58":{"start":{"line":121,"column":40},"end":{"line":129,"column":15}},"59":{"start":{"line":121,"column":63},"end":{"line":129,"column":13}},"60":{"start":{"line":132,"column":51},"end":{"line":132,"column":98}},"61":{"start":{"line":135,"column":41},"end":{"line":171,"column":18}},"62":{"start":{"line":139,"column":20},"end":{"line":146,"column":21}},"63":{"start":{"line":141,"column":24},"end":{"line":143,"column":25}},"64":{"start":{"line":142,"column":28},"end":{"line":142,"column":177}},"65":{"start":{"line":145,"column":24},"end":{"line":145,"column":37}},"66":{"start":{"line":147,"column":20},"end":{"line":147,"column":32}},"67":{"start":{"line":152,"column":44},"end":{"line":152,"column":46}},"68":{"start":{"line":155,"column":20},"end":{"line":161,"column":21}},"69":{"start":{"line":156,"column":24},"end":{"line":156,"column":93}},"70":{"start":{"line":157,"column":27},"end":{"line":161,"column":21}},"71":{"start":{"line":159,"column":40},"end":{"line":159,"column":85}},"72":{"start":{"line":160,"column":24},"end":{"line":160,"column":98}},"73":{"start":{"line":163,"column":20},"end":{"line":170,"column":22}},"74":{"start":{"line":174,"column":12},"end":{"line":184,"column":15}},"75":{"start":{"line":176,"column":35},"end":{"line":176,"column":71}},"76":{"start":{"line":177,"column":35},"end":{"line":177,"column":71}},"77":{"start":{"line":180,"column":33},"end":{"line":180,"column":109}},"78":{"start":{"line":181,"column":33},"end":{"line":181,"column":109}},"79":{"start":{"line":183,"column":16},"end":{"line":183,"column":43}},"80":{"start":{"line":186,"column":12},"end":{"line":186,"column":152}},"81":{"start":{"line":187,"column":12},"end":{"line":187,"column":50}},"82":{"start":{"line":191,"column":8},"end":{"line":191,"column":148}},"83":{"start":{"line":194,"column":23},"end":{"line":199,"column":17}},"84":{"start":{"line":202,"column":8},"end":{"line":282,"column":9}},"85":{"start":{"line":203,"column":12},"end":{"line":203,"column":141}},"86":{"start":{"line":206,"column":40},"end":{"line":216,"column":15}},"87":{"start":{"line":206,"column":61},"end":{"line":216,"column":13}},"88":{"start":{"line":218,"column":12},"end":{"line":218,"column":88}},"89":{"start":{"line":219,"column":12},"end":{"line":219,"column":119}},"90":{"start":{"line":222,"column":51},"end":{"line":222,"column":98}},"91":{"start":{"line":224,"column":12},"end":{"line":224,"column":104}},"92":{"start":{"line":225,"column":12},"end":{"line":225,"column":126}},"93":{"start":{"line":226,"column":12},"end":{"line":226,"column":172}},"94":{"start":{"line":226,"column":127},"end":{"line":226,"column":160}},"95":{"start":{"line":229,"column":41},"end":{"line":265,"column":18}},"96":{"start":{"line":233,"column":20},"end":{"line":240,"column":21}},"97":{"start":{"line":235,"column":24},"end":{"line":237,"column":25}},"98":{"start":{"line":236,"column":28},"end":{"line":236,"column":177}},"99":{"start":{"line":239,"column":24},"end":{"line":239,"column":37}},"100":{"start":{"line":241,"column":20},"end":{"line":241,"column":32}},"101":{"start":{"line":246,"column":44},"end":{"line":246,"column":46}},"102":{"start":{"line":249,"column":20},"end":{"line":255,"column":21}},"103":{"start":{"line":250,"column":24},"end":{"line":250,"column":93}},"104":{"start":{"line":251,"column":27},"end":{"line":255,"column":21}},"105":{"start":{"line":253,"column":40},"end":{"line":253,"column":85}},"106":{"start":{"line":254,"column":24},"end":{"line":254,"column":98}},"107":{"start":{"line":257,"column":20},"end":{"line":264,"column":22}},"108":{"start":{"line":268,"column":12},"end":{"line":278,"column":15}},"109":{"start":{"line":270,"column":35},"end":{"line":270,"column":71}},"110":{"start":{"line":271,"column":35},"end":{"line":271,"column":71}},"111":{"start":{"line":274,"column":33},"end":{"line":274,"column":109}},"112":{"start":{"line":275,"column":33},"end":{"line":275,"column":109}},"113":{"start":{"line":277,"column":16},"end":{"line":277,"column":43}},"114":{"start":{"line":280,"column":12},"end":{"line":280,"column":151}},"115":{"start":{"line":281,"column":12},"end":{"line":281,"column":50}},"116":{"start":{"line":285,"column":8},"end":{"line":285,"column":145}},"117":{"start":{"line":287,"column":31},"end":{"line":289,"column":22}},"118":{"start":{"line":292,"column":23},"end":{"line":292,"column":25}},"119":{"start":{"line":294,"column":8},"end":{"line":375,"column":9}},"120":{"start":{"line":295,"column":12},"end":{"line":295,"column":38}},"121":{"start":{"line":296,"column":12},"end":{"line":296,"column":124}},"122":{"start":{"line":299,"column":40},"end":{"line":309,"column":15}},"123":{"start":{"line":299,"column":69},"end":{"line":309,"column":13}},"124":{"start":{"line":311,"column":12},"end":{"line":311,"column":99}},"125":{"start":{"line":312,"column":12},"end":{"line":312,"column":129}},"126":{"start":{"line":315,"column":51},"end":{"line":315,"column":98}},"127":{"start":{"line":317,"column":12},"end":{"line":317,"column":115}},"128":{"start":{"line":318,"column":12},"end":{"line":318,"column":136}},"129":{"start":{"line":319,"column":12},"end":{"line":319,"column":183}},"130":{"start":{"line":319,"column":138},"end":{"line":319,"column":171}},"131":{"start":{"line":322,"column":41},"end":{"line":358,"column":18}},"132":{"start":{"line":326,"column":20},"end":{"line":333,"column":21}},"133":{"start":{"line":328,"column":24},"end":{"line":330,"column":25}},"134":{"start":{"line":329,"column":28},"end":{"line":329,"column":177}},"135":{"start":{"line":332,"column":24},"end":{"line":332,"column":37}},"136":{"start":{"line":334,"column":20},"end":{"line":334,"column":32}},"137":{"start":{"line":339,"column":44},"end":{"line":339,"column":46}},"138":{"start":{"line":342,"column":20},"end":{"line":348,"column":21}},"139":{"start":{"line":343,"column":24},"end":{"line":343,"column":93}},"140":{"start":{"line":344,"column":27},"end":{"line":348,"column":21}},"141":{"start":{"line":346,"column":40},"end":{"line":346,"column":85}},"142":{"start":{"line":347,"column":24},"end":{"line":347,"column":98}},"143":{"start":{"line":350,"column":20},"end":{"line":357,"column":22}},"144":{"start":{"line":361,"column":12},"end":{"line":371,"column":15}},"145":{"start":{"line":363,"column":35},"end":{"line":363,"column":71}},"146":{"start":{"line":364,"column":35},"end":{"line":364,"column":71}},"147":{"start":{"line":367,"column":33},"end":{"line":367,"column":109}},"148":{"start":{"line":368,"column":33},"end":{"line":368,"column":109}},"149":{"start":{"line":370,"column":16},"end":{"line":370,"column":43}},"150":{"start":{"line":373,"column":12},"end":{"line":373,"column":152}},"151":{"start":{"line":374,"column":12},"end":{"line":374,"column":50}},"152":{"start":{"line":379,"column":8},"end":{"line":445,"column":9}},"153":{"start":{"line":380,"column":12},"end":{"line":380,"column":135}},"154":{"start":{"line":383,"column":29},"end":{"line":383,"column":78}},"155":{"start":{"line":384,"column":12},"end":{"line":444,"column":13}},"156":{"start":{"line":385,"column":34},"end":{"line":385,"column":51}},"157":{"start":{"line":386,"column":38},"end":{"line":386,"column":47}},"158":{"start":{"line":388,"column":16},"end":{"line":394,"column":17}},"159":{"start":{"line":389,"column":20},"end":{"line":389,"column":48}},"160":{"start":{"line":390,"column":20},"end":{"line":390,"column":116}},"161":{"start":{"line":391,"column":23},"end":{"line":394,"column":17}},"162":{"start":{"line":392,"column":20},"end":{"line":392,"column":47}},"163":{"start":{"line":393,"column":20},"end":{"line":393,"column":115}},"164":{"start":{"line":397,"column":16},"end":{"line":443,"column":17}},"165":{"start":{"line":398,"column":20},"end":{"line":398,"column":112}},"166":{"start":{"line":399,"column":20},"end":{"line":403,"column":23}},"167":{"start":{"line":405,"column":20},"end":{"line":420,"column":21}},"168":{"start":{"line":406,"column":24},"end":{"line":406,"column":137}},"169":{"start":{"line":409,"column":24},"end":{"line":409,"column":151}},"170":{"start":{"line":410,"column":24},"end":{"line":414,"column":27}},"171":{"start":{"line":416,"column":24},"end":{"line":419,"column":25}},"172":{"start":{"line":417,"column":28},"end":{"line":417,"column":132}},"173":{"start":{"line":418,"column":28},"end":{"line":418,"column":56}},"174":{"start":{"line":423,"column":20},"end":{"line":442,"column":21}},"175":{"start":{"line":424,"column":24},"end":{"line":424,"column":131}},"176":{"start":{"line":427,"column":48},"end":{"line":436,"column":36}},"177":{"start":{"line":438,"column":24},"end":{"line":441,"column":25}},"178":{"start":{"line":439,"column":28},"end":{"line":439,"column":142}},"179":{"start":{"line":440,"column":28},"end":{"line":440,"column":55}},"180":{"start":{"line":448,"column":8},"end":{"line":526,"column":9}},"181":{"start":{"line":450,"column":40},"end":{"line":460,"column":15}},"182":{"start":{"line":450,"column":63},"end":{"line":460,"column":13}},"183":{"start":{"line":462,"column":12},"end":{"line":462,"column":88}},"184":{"start":{"line":463,"column":12},"end":{"line":463,"column":119}},"185":{"start":{"line":466,"column":51},"end":{"line":466,"column":98}},"186":{"start":{"line":468,"column":12},"end":{"line":468,"column":104}},"187":{"start":{"line":469,"column":12},"end":{"line":469,"column":126}},"188":{"start":{"line":470,"column":12},"end":{"line":470,"column":172}},"189":{"start":{"line":470,"column":127},"end":{"line":470,"column":160}},"190":{"start":{"line":473,"column":41},"end":{"line":509,"column":18}},"191":{"start":{"line":477,"column":20},"end":{"line":484,"column":21}},"192":{"start":{"line":479,"column":24},"end":{"line":481,"column":25}},"193":{"start":{"line":480,"column":28},"end":{"line":480,"column":177}},"194":{"start":{"line":483,"column":24},"end":{"line":483,"column":37}},"195":{"start":{"line":485,"column":20},"end":{"line":485,"column":32}},"196":{"start":{"line":490,"column":44},"end":{"line":490,"column":46}},"197":{"start":{"line":493,"column":20},"end":{"line":499,"column":21}},"198":{"start":{"line":494,"column":24},"end":{"line":494,"column":93}},"199":{"start":{"line":495,"column":27},"end":{"line":499,"column":21}},"200":{"start":{"line":497,"column":40},"end":{"line":497,"column":85}},"201":{"start":{"line":498,"column":24},"end":{"line":498,"column":98}},"202":{"start":{"line":501,"column":20},"end":{"line":508,"column":22}},"203":{"start":{"line":512,"column":12},"end":{"line":522,"column":15}},"204":{"start":{"line":514,"column":35},"end":{"line":514,"column":71}},"205":{"start":{"line":515,"column":35},"end":{"line":515,"column":71}},"206":{"start":{"line":518,"column":33},"end":{"line":518,"column":109}},"207":{"start":{"line":519,"column":33},"end":{"line":519,"column":109}},"208":{"start":{"line":521,"column":16},"end":{"line":521,"column":43}},"209":{"start":{"line":524,"column":12},"end":{"line":524,"column":119}},"210":{"start":{"line":525,"column":12},"end":{"line":525,"column":50}},"211":{"start":{"line":529,"column":8},"end":{"line":529,"column":128}},"212":{"start":{"line":530,"column":8},"end":{"line":530,"column":28}},"213":{"start":{"line":533,"column":8},"end":{"line":533,"column":109}},"214":{"start":{"line":534,"column":8},"end":{"line":534,"column":81}},"215":{"start":{"line":539,"column":0},"end":{"line":582,"column":2}},"216":{"start":{"line":540,"column":4},"end":{"line":581,"column":5}},"217":{"start":{"line":541,"column":26},"end":{"line":541,"column":35}},"218":{"start":{"line":543,"column":8},"end":{"line":545,"column":9}},"219":{"start":{"line":544,"column":12},"end":{"line":544,"column":111}},"220":{"start":{"line":548,"column":8},"end":{"line":550,"column":9}},"221":{"start":{"line":549,"column":12},"end":{"line":549,"column":99}},"222":{"start":{"line":552,"column":8},"end":{"line":552,"column":74}},"223":{"start":{"line":555,"column":25},"end":{"line":558,"column":19}},"224":{"start":{"line":560,"column":8},"end":{"line":562,"column":9}},"225":{"start":{"line":561,"column":12},"end":{"line":561,"column":107}},"226":{"start":{"line":565,"column":33},"end":{"line":570,"column":11}},"227":{"start":{"line":565,"column":57},"end":{"line":570,"column":9}},"228":{"start":{"line":573,"column":8},"end":{"line":577,"column":11}},"229":{"start":{"line":579,"column":8},"end":{"line":579,"column":99}},"230":{"start":{"line":580,"column":8},"end":{"line":580,"column":101}},"231":{"start":{"line":593,"column":2},"end":{"line":593,"column":29}},"232":{"start":{"line":593,"column":17},"end":{"line":593,"column":29}},"233":{"start":{"line":595,"column":2},"end":{"line":644,"column":3}},"234":{"start":{"line":597,"column":4},"end":{"line":619,"column":5}},"235":{"start":{"line":599,"column":6},"end":{"line":618,"column":7}},"236":{"start":{"line":602,"column":28},"end":{"line":602,"column":57}},"237":{"start":{"line":603,"column":8},"end":{"line":605,"column":9}},"238":{"start":{"line":604,"column":10},"end":{"line":604,"column":29}},"239":{"start":{"line":608,"column":26},"end":{"line":608,"column":46}},"240":{"start":{"line":609,"column":8},"end":{"line":609,"column":67}},"241":{"start":{"line":611,"column":8},"end":{"line":615,"column":9}},"242":{"start":{"line":612,"column":34},"end":{"line":612,"column":65}},"243":{"start":{"line":613,"column":10},"end":{"line":613,"column":103}},"244":{"start":{"line":614,"column":10},"end":{"line":614,"column":33}},"245":{"start":{"line":617,"column":8},"end":{"line":617,"column":97}},"246":{"start":{"line":622,"column":29},"end":{"line":625,"column":5}},"247":{"start":{"line":627,"column":4},"end":{"line":632,"column":5}},"248":{"start":{"line":628,"column":23},"end":{"line":628,"column":59}},"249":{"start":{"line":629,"column":6},"end":{"line":631,"column":7}},"250":{"start":{"line":630,"column":8},"end":{"line":630,"column":46}},"251":{"start":{"line":635,"column":18},"end":{"line":635,"column":36}},"252":{"start":{"line":636,"column":4},"end":{"line":638,"column":5}},"253":{"start":{"line":637,"column":6},"end":{"line":637,"column":41}},"254":{"start":{"line":640,"column":4},"end":{"line":640,"column":16}},"255":{"start":{"line":642,"column":4},"end":{"line":642,"column":88}},"256":{"start":{"line":643,"column":4},"end":{"line":643,"column":16}},"257":{"start":{"line":653,"column":2},"end":{"line":653,"column":65}},"258":{"start":{"line":653,"column":53},"end":{"line":653,"column":65}},"259":{"start":{"line":655,"column":2},"end":{"line":671,"column":3}},"260":{"start":{"line":657,"column":19},"end":{"line":657,"column":40}},"261":{"start":{"line":658,"column":4},"end":{"line":658,"column":39}},"262":{"start":{"line":658,"column":27},"end":{"line":658,"column":39}},"263":{"start":{"line":660,"column":16},"end":{"line":660,"column":35}},"264":{"start":{"line":661,"column":18},"end":{"line":661,"column":37}},"265":{"start":{"line":664,"column":4},"end":{"line":664,"column":29}},"266":{"start":{"line":667,"column":4},"end":{"line":667,"column":89}},"267":{"start":{"line":669,"column":4},"end":{"line":669,"column":97}},"268":{"start":{"line":670,"column":4},"end":{"line":670,"column":16}},"269":{"start":{"line":677,"column":0},"end":{"line":768,"column":2}},"270":{"start":{"line":678,"column":2},"end":{"line":767,"column":3}},"271":{"start":{"line":679,"column":4},"end":{"line":679,"column":68}},"272":{"start":{"line":680,"column":4},"end":{"line":680,"column":77}},"273":{"start":{"line":682,"column":23},"end":{"line":682,"column":38}},"274":{"start":{"line":684,"column":4},"end":{"line":689,"column":5}},"275":{"start":{"line":685,"column":6},"end":{"line":688,"column":9}},"276":{"start":{"line":692,"column":29},"end":{"line":692,"column":56}},"277":{"start":{"line":694,"column":4},"end":{"line":699,"column":5}},"278":{"start":{"line":695,"column":6},"end":{"line":698,"column":9}},"279":{"start":{"line":702,"column":4},"end":{"line":702,"column":116}},"280":{"start":{"line":706,"column":24},"end":{"line":706,"column":51}},"281":{"start":{"line":707,"column":16},"end":{"line":707,"column":30}},"282":{"start":{"line":708,"column":16},"end":{"line":708,"column":30}},"283":{"start":{"line":709,"column":16},"end":{"line":709,"column":30}},"284":{"start":{"line":711,"column":26},"end":{"line":717,"column":5}},"285":{"start":{"line":720,"column":21},"end":{"line":722,"column":6}},"286":{"start":{"line":724,"column":4},"end":{"line":727,"column":5}},"287":{"start":{"line":725,"column":6},"end":{"line":725,"column":120}},"288":{"start":{"line":726,"column":6},"end":{"line":726,"column":48}},"289":{"start":{"line":730,"column":4},"end":{"line":730,"column":144}},"290":{"start":{"line":733,"column":19},"end":{"line":738,"column":6}},"291":{"start":{"line":740,"column":4},"end":{"line":755,"column":5}},"292":{"start":{"line":741,"column":6},"end":{"line":741,"column":116}},"293":{"start":{"line":744,"column":31},"end":{"line":752,"column":9}},"294":{"start":{"line":744,"column":52},"end":{"line":752,"column":7}},"295":{"start":{"line":754,"column":6},"end":{"line":754,"column":66}},"296":{"start":{"line":758,"column":4},"end":{"line":758,"column":130}},"297":{"start":{"line":759,"column":4},"end":{"line":759,"column":50}},"298":{"start":{"line":762,"column":4},"end":{"line":762,"column":62}},"299":{"start":{"line":763,"column":4},"end":{"line":766,"column":7}},"300":{"start":{"line":773,"column":0},"end":{"line":795,"column":2}},"301":{"start":{"line":774,"column":2},"end":{"line":794,"column":3}},"302":{"start":{"line":775,"column":21},"end":{"line":775,"column":34}},"303":{"start":{"line":777,"column":19},"end":{"line":777,"column":50}},"304":{"start":{"line":779,"column":4},"end":{"line":784,"column":5}},"305":{"start":{"line":780,"column":6},"end":{"line":783,"column":9}},"306":{"start":{"line":786,"column":4},"end":{"line":786,"column":37}},"307":{"start":{"line":789,"column":4},"end":{"line":789,"column":60}},"308":{"start":{"line":790,"column":4},"end":{"line":793,"column":7}},"309":{"start":{"line":800,"column":0},"end":{"line":823,"column":2}},"310":{"start":{"line":801,"column":2},"end":{"line":822,"column":3}},"311":{"start":{"line":803,"column":4},"end":{"line":805,"column":5}},"312":{"start":{"line":804,"column":6},"end":{"line":804,"column":88}},"313":{"start":{"line":807,"column":24},"end":{"line":807,"column":44}},"314":{"start":{"line":808,"column":27},"end":{"line":808,"column":51}},"315":{"start":{"line":810,"column":4},"end":{"line":814,"column":7}},"316":{"start":{"line":817,"column":4},"end":{"line":817,"column":51}},"317":{"start":{"line":818,"column":4},"end":{"line":821,"column":7}},"318":{"start":{"line":828,"column":0},"end":{"line":863,"column":2}},"319":{"start":{"line":829,"column":2},"end":{"line":862,"column":3}},"320":{"start":{"line":830,"column":21},"end":{"line":830,"column":34}},"321":{"start":{"line":833,"column":4},"end":{"line":835,"column":5}},"322":{"start":{"line":834,"column":6},"end":{"line":834,"column":88}},"323":{"start":{"line":837,"column":30},"end":{"line":841,"column":5}},"324":{"start":{"line":843,"column":4},"end":{"line":848,"column":5}},"325":{"start":{"line":844,"column":6},"end":{"line":847,"column":9}},"326":{"start":{"line":850,"column":4},"end":{"line":854,"column":7}},"327":{"start":{"line":857,"column":4},"end":{"line":857,"column":56}},"328":{"start":{"line":858,"column":4},"end":{"line":861,"column":7}},"329":{"start":{"line":868,"column":0},"end":{"line":893,"column":2}},"330":{"start":{"line":869,"column":2},"end":{"line":892,"column":3}},"331":{"start":{"line":870,"column":21},"end":{"line":870,"column":34}},"332":{"start":{"line":872,"column":28},"end":{"line":872,"column":68}},"333":{"start":{"line":874,"column":4},"end":{"line":879,"column":5}},"334":{"start":{"line":875,"column":6},"end":{"line":878,"column":9}},"335":{"start":{"line":881,"column":4},"end":{"line":884,"column":7}},"336":{"start":{"line":887,"column":4},"end":{"line":887,"column":54}},"337":{"start":{"line":888,"column":4},"end":{"line":891,"column":7}}},"fnMap":{"0":{"name":"(anonymous_0)","decl":{"start":{"line":20,"column":22},"end":{"line":20,"column":23}},"loc":{"start":{"line":20,"column":42},"end":{"line":23,"column":1}},"line":20},"1":{"name":"(anonymous_1)","decl":{"start":{"line":26,"column":24},"end":{"line":26,"column":25}},"loc":{"start":{"line":26,"column":44},"end":{"line":536,"column":1}},"line":26},"2":{"name":"(anonymous_2)","decl":{"start":{"line":80,"column":59},"end":{"line":80,"column":60}},"loc":{"start":{"line":80,"column":64},"end":{"line":80,"column":97}},"line":80},"3":{"name":"(anonymous_3)","decl":{"start":{"line":121,"column":53},"end":{"line":121,"column":54}},"loc":{"start":{"line":121,"column":63},"end":{"line":129,"column":13}},"line":121},"4":{"name":"(anonymous_4)","decl":{"start":{"line":137,"column":24},"end":{"line":137,"column":25}},"loc":{"start":{"line":137,"column":33},"end":{"line":148,"column":17}},"line":137},"5":{"name":"(anonymous_5)","decl":{"start":{"line":150,"column":21},"end":{"line":150,"column":22}},"loc":{"start":{"line":150,"column":30},"end":{"line":171,"column":17}},"line":150},"6":{"name":"(anonymous_6)","decl":{"start":{"line":174,"column":38},"end":{"line":174,"column":39}},"loc":{"start":{"line":174,"column":48},"end":{"line":184,"column":13}},"line":174},"7":{"name":"(anonymous_7)","decl":{"start":{"line":206,"column":51},"end":{"line":206,"column":52}},"loc":{"start":{"line":206,"column":61},"end":{"line":216,"column":13}},"line":206},"8":{"name":"(anonymous_8)","decl":{"start":{"line":226,"column":122},"end":{"line":226,"column":123}},"loc":{"start":{"line":226,"column":127},"end":{"line":226,"column":160}},"line":226},"9":{"name":"(anonymous_9)","decl":{"start":{"line":231,"column":24},"end":{"line":231,"column":25}},"loc":{"start":{"line":231,"column":33},"end":{"line":242,"column":17}},"line":231},"10":{"name":"(anonymous_10)","decl":{"start":{"line":244,"column":21},"end":{"line":244,"column":22}},"loc":{"start":{"line":244,"column":30},"end":{"line":265,"column":17}},"line":244},"11":{"name":"(anonymous_11)","decl":{"start":{"line":268,"column":38},"end":{"line":268,"column":39}},"loc":{"start":{"line":268,"column":48},"end":{"line":278,"column":13}},"line":268},"12":{"name":"(anonymous_12)","decl":{"start":{"line":299,"column":59},"end":{"line":299,"column":60}},"loc":{"start":{"line":299,"column":69},"end":{"line":309,"column":13}},"line":299},"13":{"name":"(anonymous_13)","decl":{"start":{"line":319,"column":133},"end":{"line":319,"column":134}},"loc":{"start":{"line":319,"column":138},"end":{"line":319,"column":171}},"line":319},"14":{"name":"(anonymous_14)","decl":{"start":{"line":324,"column":24},"end":{"line":324,"column":25}},"loc":{"start":{"line":324,"column":33},"end":{"line":335,"column":17}},"line":324},"15":{"name":"(anonymous_15)","decl":{"start":{"line":337,"column":21},"end":{"line":337,"column":22}},"loc":{"start":{"line":337,"column":30},"end":{"line":358,"column":17}},"line":337},"16":{"name":"(anonymous_16)","decl":{"start":{"line":361,"column":38},"end":{"line":361,"column":39}},"loc":{"start":{"line":361,"column":48},"end":{"line":371,"column":13}},"line":361},"17":{"name":"(anonymous_17)","decl":{"start":{"line":450,"column":53},"end":{"line":450,"column":54}},"loc":{"start":{"line":450,"column":63},"end":{"line":460,"column":13}},"line":450},"18":{"name":"(anonymous_18)","decl":{"start":{"line":470,"column":122},"end":{"line":470,"column":123}},"loc":{"start":{"line":470,"column":127},"end":{"line":470,"column":160}},"line":470},"19":{"name":"(anonymous_19)","decl":{"start":{"line":475,"column":24},"end":{"line":475,"column":25}},"loc":{"start":{"line":475,"column":33},"end":{"line":486,"column":17}},"line":475},"20":{"name":"(anonymous_20)","decl":{"start":{"line":488,"column":21},"end":{"line":488,"column":22}},"loc":{"start":{"line":488,"column":30},"end":{"line":509,"column":17}},"line":488},"21":{"name":"(anonymous_21)","decl":{"start":{"line":512,"column":38},"end":{"line":512,"column":39}},"loc":{"start":{"line":512,"column":48},"end":{"line":522,"column":13}},"line":512},"22":{"name":"(anonymous_22)","decl":{"start":{"line":539,"column":33},"end":{"line":539,"column":34}},"loc":{"start":{"line":539,"column":53},"end":{"line":582,"column":1}},"line":539},"23":{"name":"(anonymous_23)","decl":{"start":{"line":565,"column":46},"end":{"line":565,"column":47}},"loc":{"start":{"line":565,"column":57},"end":{"line":570,"column":9}},"line":565},"24":{"name":"normalizarFecha","decl":{"start":{"line":592,"column":9},"end":{"line":592,"column":24}},"loc":{"start":{"line":592,"column":35},"end":{"line":645,"column":1}},"line":592},"25":{"name":"calcularHoraFin","decl":{"start":{"line":652,"column":9},"end":{"line":652,"column":24}},"loc":{"start":{"line":652,"column":37},"end":{"line":672,"column":1}},"line":652},"26":{"name":"(anonymous_26)","decl":{"start":{"line":677,"column":34},"end":{"line":677,"column":35}},"loc":{"start":{"line":677,"column":54},"end":{"line":768,"column":1}},"line":677},"27":{"name":"(anonymous_27)","decl":{"start":{"line":744,"column":42},"end":{"line":744,"column":43}},"loc":{"start":{"line":744,"column":52},"end":{"line":752,"column":7}},"line":744},"28":{"name":"(anonymous_28)","decl":{"start":{"line":773,"column":29},"end":{"line":773,"column":30}},"loc":{"start":{"line":773,"column":49},"end":{"line":795,"column":1}},"line":773},"29":{"name":"(anonymous_29)","decl":{"start":{"line":800,"column":22},"end":{"line":800,"column":23}},"loc":{"start":{"line":800,"column":42},"end":{"line":823,"column":1}},"line":800},"30":{"name":"(anonymous_30)","decl":{"start":{"line":828,"column":27},"end":{"line":828,"column":28}},"loc":{"start":{"line":828,"column":47},"end":{"line":863,"column":1}},"line":828},"31":{"name":"(anonymous_31)","decl":{"start":{"line":868,"column":25},"end":{"line":868,"column":26}},"loc":{"start":{"line":868,"column":45},"end":{"line":893,"column":1}},"line":868}},"branchMap":{"0":{"loc":{"start":{"line":36,"column":49},"end":{"line":36,"column":100}},"type":"cond-expr","locations":[{"start":{"line":36,"column":77},"end":{"line":36,"column":81}},{"start":{"line":36,"column":84},"end":{"line":36,"column":100}}],"line":36},"1":{"loc":{"start":{"line":41,"column":4},"end":{"line":44,"column":5}},"type":"if","locations":[{"start":{"line":41,"column":4},"end":{"line":44,"column":5}},{"start":{},"end":{}}],"line":41},"2":{"loc":{"start":{"line":50,"column":8},"end":{"line":53,"column":9}},"type":"if","locations":[{"start":{"line":50,"column":8},"end":{"line":53,"column":9}},{"start":{},"end":{}}],"line":50},"3":{"loc":{"start":{"line":60,"column":8},"end":{"line":70,"column":9}},"type":"if","locations":[{"start":{"line":60,"column":8},"end":{"line":70,"column":9}},{"start":{},"end":{}}],"line":60},"4":{"loc":{"start":{"line":63,"column":12},"end":{"line":69,"column":13}},"type":"if","locations":[{"start":{"line":63,"column":12},"end":{"line":69,"column":13}},{"start":{"line":66,"column":19},"end":{"line":69,"column":13}}],"line":63},"5":{"loc":{"start":{"line":66,"column":19},"end":{"line":69,"column":13}},"type":"if","locations":[{"start":{"line":66,"column":19},"end":{"line":69,"column":13}},{"start":{},"end":{}}],"line":66},"6":{"loc":{"start":{"line":73,"column":8},"end":{"line":91,"column":9}},"type":"if","locations":[{"start":{"line":73,"column":8},"end":{"line":91,"column":9}},{"start":{},"end":{}}],"line":73},"7":{"loc":{"start":{"line":80,"column":64},"end":{"line":80,"column":97}},"type":"binary-expr","locations":[{"start":{"line":80,"column":64},"end":{"line":80,"column":80}},{"start":{"line":80,"column":84},"end":{"line":80,"column":97}}],"line":80},"8":{"loc":{"start":{"line":87,"column":16},"end":{"line":89,"column":17}},"type":"if","locations":[{"start":{"line":87,"column":16},"end":{"line":89,"column":17}},{"start":{},"end":{}}],"line":87},"9":{"loc":{"start":{"line":117,"column":8},"end":{"line":188,"column":9}},"type":"if","locations":[{"start":{"line":117,"column":8},"end":{"line":188,"column":9}},{"start":{},"end":{}}],"line":117},"10":{"loc":{"start":{"line":117,"column":12},"end":{"line":117,"column":43}},"type":"binary-expr","locations":[{"start":{"line":117,"column":12},"end":{"line":117,"column":20}},{"start":{"line":117,"column":24},"end":{"line":117,"column":43}}],"line":117},"11":{"loc":{"start":{"line":139,"column":20},"end":{"line":146,"column":21}},"type":"if","locations":[{"start":{"line":139,"column":20},"end":{"line":146,"column":21}},{"start":{},"end":{}}],"line":139},"12":{"loc":{"start":{"line":139,"column":24},"end":{"line":139,"column":67}},"type":"binary-expr","locations":[{"start":{"line":139,"column":24},"end":{"line":139,"column":45}},{"start":{"line":139,"column":49},"end":{"line":139,"column":67}}],"line":139},"13":{"loc":{"start":{"line":141,"column":24},"end":{"line":143,"column":25}},"type":"if","locations":[{"start":{"line":141,"column":24},"end":{"line":143,"column":25}},{"start":{},"end":{}}],"line":141},"14":{"loc":{"start":{"line":141,"column":28},"end":{"line":141,"column":97}},"type":"binary-expr","locations":[{"start":{"line":141,"column":28},"end":{"line":141,"column":40}},{"start":{"line":141,"column":44},"end":{"line":141,"column":97}}],"line":141},"15":{"loc":{"start":{"line":142,"column":90},"end":{"line":142,"column":124}},"type":"binary-expr","locations":[{"start":{"line":142,"column":90},"end":{"line":142,"column":108}},{"start":{"line":142,"column":112},"end":{"line":142,"column":124}}],"line":142},"16":{"loc":{"start":{"line":155,"column":20},"end":{"line":161,"column":21}},"type":"if","locations":[{"start":{"line":155,"column":20},"end":{"line":161,"column":21}},{"start":{"line":157,"column":27},"end":{"line":161,"column":21}}],"line":155},"17":{"loc":{"start":{"line":155,"column":24},"end":{"line":155,"column":65}},"type":"binary-expr","locations":[{"start":{"line":155,"column":24},"end":{"line":155,"column":44}},{"start":{"line":155,"column":48},"end":{"line":155,"column":65}}],"line":155},"18":{"loc":{"start":{"line":157,"column":27},"end":{"line":161,"column":21}},"type":"if","locations":[{"start":{"line":157,"column":27},"end":{"line":161,"column":21}},{"start":{},"end":{}}],"line":157},"19":{"loc":{"start":{"line":160,"column":81},"end":{"line":160,"column":95}},"type":"binary-expr","locations":[{"start":{"line":160,"column":81},"end":{"line":160,"column":88}},{"start":{"line":160,"column":92},"end":{"line":160,"column":95}}],"line":160},"20":{"loc":{"start":{"line":165,"column":38},"end":{"line":165,"column":72}},"type":"binary-expr","locations":[{"start":{"line":165,"column":38},"end":{"line":165,"column":56}},{"start":{"line":165,"column":60},"end":{"line":165,"column":72}}],"line":165},"21":{"loc":{"start":{"line":169,"column":33},"end":{"line":169,"column":65}},"type":"binary-expr","locations":[{"start":{"line":169,"column":33},"end":{"line":169,"column":46}},{"start":{"line":169,"column":50},"end":{"line":169,"column":65}}],"line":169},"22":{"loc":{"start":{"line":180,"column":33},"end":{"line":180,"column":109}},"type":"cond-expr","locations":[{"start":{"line":180,"column":47},"end":{"line":180,"column":101}},{"start":{"line":180,"column":105},"end":{"line":180,"column":109}}],"line":180},"23":{"loc":{"start":{"line":181,"column":33},"end":{"line":181,"column":109}},"type":"cond-expr","locations":[{"start":{"line":181,"column":47},"end":{"line":181,"column":101}},{"start":{"line":181,"column":105},"end":{"line":181,"column":109}}],"line":181},"24":{"loc":{"start":{"line":202,"column":8},"end":{"line":282,"column":9}},"type":"if","locations":[{"start":{"line":202,"column":8},"end":{"line":282,"column":9}},{"start":{},"end":{}}],"line":202},"25":{"loc":{"start":{"line":202,"column":12},"end":{"line":202,"column":39}},"type":"binary-expr","locations":[{"start":{"line":202,"column":12},"end":{"line":202,"column":18}},{"start":{"line":202,"column":22},"end":{"line":202,"column":39}}],"line":202},"26":{"loc":{"start":{"line":208,"column":30},"end":{"line":208,"column":72}},"type":"binary-expr","locations":[{"start":{"line":208,"column":30},"end":{"line":208,"column":42}},{"start":{"line":208,"column":46},"end":{"line":208,"column":66}},{"start":{"line":208,"column":70},"end":{"line":208,"column":72}}],"line":208},"27":{"loc":{"start":{"line":210,"column":25},"end":{"line":210,"column":102}},"type":"binary-expr","locations":[{"start":{"line":210,"column":25},"end":{"line":210,"column":38}},{"start":{"line":210,"column":42},"end":{"line":210,"column":102}}],"line":210},"28":{"loc":{"start":{"line":210,"column":45},"end":{"line":210,"column":71}},"type":"binary-expr","locations":[{"start":{"line":210,"column":45},"end":{"line":210,"column":65}},{"start":{"line":210,"column":69},"end":{"line":210,"column":71}}],"line":210},"29":{"loc":{"start":{"line":210,"column":77},"end":{"line":210,"column":100}},"type":"binary-expr","locations":[{"start":{"line":210,"column":77},"end":{"line":210,"column":94}},{"start":{"line":210,"column":98},"end":{"line":210,"column":100}}],"line":210},"30":{"loc":{"start":{"line":211,"column":40},"end":{"line":211,"column":98}},"type":"binary-expr","locations":[{"start":{"line":211,"column":40},"end":{"line":211,"column":60}},{"start":{"line":211,"column":64},"end":{"line":211,"column":92}},{"start":{"line":211,"column":96},"end":{"line":211,"column":98}}],"line":211},"31":{"loc":{"start":{"line":214,"column":34},"end":{"line":214,"column":121}},"type":"cond-expr","locations":[{"start":{"line":214,"column":78},"end":{"line":214,"column":113}},{"start":{"line":214,"column":116},"end":{"line":214,"column":121}}],"line":214},"32":{"loc":{"start":{"line":214,"column":34},"end":{"line":214,"column":75}},"type":"binary-expr","locations":[{"start":{"line":214,"column":34},"end":{"line":214,"column":51}},{"start":{"line":214,"column":55},"end":{"line":214,"column":75}}],"line":214},"33":{"loc":{"start":{"line":215,"column":35},"end":{"line":215,"column":122}},"type":"cond-expr","locations":[{"start":{"line":215,"column":79},"end":{"line":215,"column":114}},{"start":{"line":215,"column":117},"end":{"line":215,"column":122}}],"line":215},"34":{"loc":{"start":{"line":215,"column":35},"end":{"line":215,"column":76}},"type":"binary-expr","locations":[{"start":{"line":215,"column":35},"end":{"line":215,"column":52}},{"start":{"line":215,"column":56},"end":{"line":215,"column":76}}],"line":215},"35":{"loc":{"start":{"line":226,"column":127},"end":{"line":226,"column":160}},"type":"binary-expr","locations":[{"start":{"line":226,"column":127},"end":{"line":226,"column":143}},{"start":{"line":226,"column":147},"end":{"line":226,"column":160}}],"line":226},"36":{"loc":{"start":{"line":233,"column":20},"end":{"line":240,"column":21}},"type":"if","locations":[{"start":{"line":233,"column":20},"end":{"line":240,"column":21}},{"start":{},"end":{}}],"line":233},"37":{"loc":{"start":{"line":233,"column":24},"end":{"line":233,"column":67}},"type":"binary-expr","locations":[{"start":{"line":233,"column":24},"end":{"line":233,"column":45}},{"start":{"line":233,"column":49},"end":{"line":233,"column":67}}],"line":233},"38":{"loc":{"start":{"line":235,"column":24},"end":{"line":237,"column":25}},"type":"if","locations":[{"start":{"line":235,"column":24},"end":{"line":237,"column":25}},{"start":{},"end":{}}],"line":235},"39":{"loc":{"start":{"line":235,"column":28},"end":{"line":235,"column":97}},"type":"binary-expr","locations":[{"start":{"line":235,"column":28},"end":{"line":235,"column":40}},{"start":{"line":235,"column":44},"end":{"line":235,"column":97}}],"line":235},"40":{"loc":{"start":{"line":236,"column":90},"end":{"line":236,"column":124}},"type":"binary-expr","locations":[{"start":{"line":236,"column":90},"end":{"line":236,"column":108}},{"start":{"line":236,"column":112},"end":{"line":236,"column":124}}],"line":236},"41":{"loc":{"start":{"line":249,"column":20},"end":{"line":255,"column":21}},"type":"if","locations":[{"start":{"line":249,"column":20},"end":{"line":255,"column":21}},{"start":{"line":251,"column":27},"end":{"line":255,"column":21}}],"line":249},"42":{"loc":{"start":{"line":249,"column":24},"end":{"line":249,"column":65}},"type":"binary-expr","locations":[{"start":{"line":249,"column":24},"end":{"line":249,"column":44}},{"start":{"line":249,"column":48},"end":{"line":249,"column":65}}],"line":249},"43":{"loc":{"start":{"line":251,"column":27},"end":{"line":255,"column":21}},"type":"if","locations":[{"start":{"line":251,"column":27},"end":{"line":255,"column":21}},{"start":{},"end":{}}],"line":251},"44":{"loc":{"start":{"line":254,"column":81},"end":{"line":254,"column":95}},"type":"binary-expr","locations":[{"start":{"line":254,"column":81},"end":{"line":254,"column":88}},{"start":{"line":254,"column":92},"end":{"line":254,"column":95}}],"line":254},"45":{"loc":{"start":{"line":259,"column":38},"end":{"line":259,"column":72}},"type":"binary-expr","locations":[{"start":{"line":259,"column":38},"end":{"line":259,"column":56}},{"start":{"line":259,"column":60},"end":{"line":259,"column":72}}],"line":259},"46":{"loc":{"start":{"line":263,"column":33},"end":{"line":263,"column":65}},"type":"binary-expr","locations":[{"start":{"line":263,"column":33},"end":{"line":263,"column":46}},{"start":{"line":263,"column":50},"end":{"line":263,"column":65}}],"line":263},"47":{"loc":{"start":{"line":274,"column":33},"end":{"line":274,"column":109}},"type":"cond-expr","locations":[{"start":{"line":274,"column":47},"end":{"line":274,"column":101}},{"start":{"line":274,"column":105},"end":{"line":274,"column":109}}],"line":274},"48":{"loc":{"start":{"line":275,"column":33},"end":{"line":275,"column":109}},"type":"cond-expr","locations":[{"start":{"line":275,"column":47},"end":{"line":275,"column":101}},{"start":{"line":275,"column":105},"end":{"line":275,"column":109}}],"line":275},"49":{"loc":{"start":{"line":294,"column":8},"end":{"line":375,"column":9}},"type":"if","locations":[{"start":{"line":294,"column":8},"end":{"line":375,"column":9}},{"start":{},"end":{}}],"line":294},"50":{"loc":{"start":{"line":294,"column":12},"end":{"line":294,"column":55}},"type":"binary-expr","locations":[{"start":{"line":294,"column":12},"end":{"line":294,"column":26}},{"start":{"line":294,"column":30},"end":{"line":294,"column":55}}],"line":294},"51":{"loc":{"start":{"line":301,"column":30},"end":{"line":301,"column":72}},"type":"binary-expr","locations":[{"start":{"line":301,"column":30},"end":{"line":301,"column":42}},{"start":{"line":301,"column":46},"end":{"line":301,"column":66}},{"start":{"line":301,"column":70},"end":{"line":301,"column":72}}],"line":301},"52":{"loc":{"start":{"line":303,"column":25},"end":{"line":303,"column":102}},"type":"binary-expr","locations":[{"start":{"line":303,"column":25},"end":{"line":303,"column":38}},{"start":{"line":303,"column":42},"end":{"line":303,"column":102}}],"line":303},"53":{"loc":{"start":{"line":303,"column":45},"end":{"line":303,"column":71}},"type":"binary-expr","locations":[{"start":{"line":303,"column":45},"end":{"line":303,"column":65}},{"start":{"line":303,"column":69},"end":{"line":303,"column":71}}],"line":303},"54":{"loc":{"start":{"line":303,"column":77},"end":{"line":303,"column":100}},"type":"binary-expr","locations":[{"start":{"line":303,"column":77},"end":{"line":303,"column":94}},{"start":{"line":303,"column":98},"end":{"line":303,"column":100}}],"line":303},"55":{"loc":{"start":{"line":304,"column":40},"end":{"line":304,"column":98}},"type":"binary-expr","locations":[{"start":{"line":304,"column":40},"end":{"line":304,"column":60}},{"start":{"line":304,"column":64},"end":{"line":304,"column":92}},{"start":{"line":304,"column":96},"end":{"line":304,"column":98}}],"line":304},"56":{"loc":{"start":{"line":307,"column":34},"end":{"line":307,"column":121}},"type":"cond-expr","locations":[{"start":{"line":307,"column":78},"end":{"line":307,"column":113}},{"start":{"line":307,"column":116},"end":{"line":307,"column":121}}],"line":307},"57":{"loc":{"start":{"line":307,"column":34},"end":{"line":307,"column":75}},"type":"binary-expr","locations":[{"start":{"line":307,"column":34},"end":{"line":307,"column":51}},{"start":{"line":307,"column":55},"end":{"line":307,"column":75}}],"line":307},"58":{"loc":{"start":{"line":308,"column":35},"end":{"line":308,"column":122}},"type":"cond-expr","locations":[{"start":{"line":308,"column":79},"end":{"line":308,"column":114}},{"start":{"line":308,"column":117},"end":{"line":308,"column":122}}],"line":308},"59":{"loc":{"start":{"line":308,"column":35},"end":{"line":308,"column":76}},"type":"binary-expr","locations":[{"start":{"line":308,"column":35},"end":{"line":308,"column":52}},{"start":{"line":308,"column":56},"end":{"line":308,"column":76}}],"line":308},"60":{"loc":{"start":{"line":319,"column":138},"end":{"line":319,"column":171}},"type":"binary-expr","locations":[{"start":{"line":319,"column":138},"end":{"line":319,"column":154}},{"start":{"line":319,"column":158},"end":{"line":319,"column":171}}],"line":319},"61":{"loc":{"start":{"line":326,"column":20},"end":{"line":333,"column":21}},"type":"if","locations":[{"start":{"line":326,"column":20},"end":{"line":333,"column":21}},{"start":{},"end":{}}],"line":326},"62":{"loc":{"start":{"line":326,"column":24},"end":{"line":326,"column":67}},"type":"binary-expr","locations":[{"start":{"line":326,"column":24},"end":{"line":326,"column":45}},{"start":{"line":326,"column":49},"end":{"line":326,"column":67}}],"line":326},"63":{"loc":{"start":{"line":328,"column":24},"end":{"line":330,"column":25}},"type":"if","locations":[{"start":{"line":328,"column":24},"end":{"line":330,"column":25}},{"start":{},"end":{}}],"line":328},"64":{"loc":{"start":{"line":328,"column":28},"end":{"line":328,"column":97}},"type":"binary-expr","locations":[{"start":{"line":328,"column":28},"end":{"line":328,"column":40}},{"start":{"line":328,"column":44},"end":{"line":328,"column":97}}],"line":328},"65":{"loc":{"start":{"line":329,"column":90},"end":{"line":329,"column":124}},"type":"binary-expr","locations":[{"start":{"line":329,"column":90},"end":{"line":329,"column":108}},{"start":{"line":329,"column":112},"end":{"line":329,"column":124}}],"line":329},"66":{"loc":{"start":{"line":342,"column":20},"end":{"line":348,"column":21}},"type":"if","locations":[{"start":{"line":342,"column":20},"end":{"line":348,"column":21}},{"start":{"line":344,"column":27},"end":{"line":348,"column":21}}],"line":342},"67":{"loc":{"start":{"line":342,"column":24},"end":{"line":342,"column":65}},"type":"binary-expr","locations":[{"start":{"line":342,"column":24},"end":{"line":342,"column":44}},{"start":{"line":342,"column":48},"end":{"line":342,"column":65}}],"line":342},"68":{"loc":{"start":{"line":344,"column":27},"end":{"line":348,"column":21}},"type":"if","locations":[{"start":{"line":344,"column":27},"end":{"line":348,"column":21}},{"start":{},"end":{}}],"line":344},"69":{"loc":{"start":{"line":347,"column":81},"end":{"line":347,"column":95}},"type":"binary-expr","locations":[{"start":{"line":347,"column":81},"end":{"line":347,"column":88}},{"start":{"line":347,"column":92},"end":{"line":347,"column":95}}],"line":347},"70":{"loc":{"start":{"line":352,"column":38},"end":{"line":352,"column":72}},"type":"binary-expr","locations":[{"start":{"line":352,"column":38},"end":{"line":352,"column":56}},{"start":{"line":352,"column":60},"end":{"line":352,"column":72}}],"line":352},"71":{"loc":{"start":{"line":356,"column":33},"end":{"line":356,"column":65}},"type":"binary-expr","locations":[{"start":{"line":356,"column":33},"end":{"line":356,"column":46}},{"start":{"line":356,"column":50},"end":{"line":356,"column":65}}],"line":356},"72":{"loc":{"start":{"line":367,"column":33},"end":{"line":367,"column":109}},"type":"cond-expr","locations":[{"start":{"line":367,"column":47},"end":{"line":367,"column":101}},{"start":{"line":367,"column":105},"end":{"line":367,"column":109}}],"line":367},"73":{"loc":{"start":{"line":368,"column":33},"end":{"line":368,"column":109}},"type":"cond-expr","locations":[{"start":{"line":368,"column":47},"end":{"line":368,"column":101}},{"start":{"line":368,"column":105},"end":{"line":368,"column":109}}],"line":368},"74":{"loc":{"start":{"line":379,"column":8},"end":{"line":445,"column":9}},"type":"if","locations":[{"start":{"line":379,"column":8},"end":{"line":445,"column":9}},{"start":{},"end":{}}],"line":379},"75":{"loc":{"start":{"line":384,"column":12},"end":{"line":444,"column":13}},"type":"if","locations":[{"start":{"line":384,"column":12},"end":{"line":444,"column":13}},{"start":{},"end":{}}],"line":384},"76":{"loc":{"start":{"line":388,"column":16},"end":{"line":394,"column":17}},"type":"if","locations":[{"start":{"line":388,"column":16},"end":{"line":394,"column":17}},{"start":{"line":391,"column":23},"end":{"line":394,"column":17}}],"line":388},"77":{"loc":{"start":{"line":391,"column":23},"end":{"line":394,"column":17}},"type":"if","locations":[{"start":{"line":391,"column":23},"end":{"line":394,"column":17}},{"start":{},"end":{}}],"line":391},"78":{"loc":{"start":{"line":397,"column":16},"end":{"line":443,"column":17}},"type":"if","locations":[{"start":{"line":397,"column":16},"end":{"line":443,"column":17}},{"start":{},"end":{}}],"line":397},"79":{"loc":{"start":{"line":405,"column":20},"end":{"line":420,"column":21}},"type":"if","locations":[{"start":{"line":405,"column":20},"end":{"line":420,"column":21}},{"start":{"line":407,"column":27},"end":{"line":420,"column":21}}],"line":405},"80":{"loc":{"start":{"line":416,"column":24},"end":{"line":419,"column":25}},"type":"if","locations":[{"start":{"line":416,"column":24},"end":{"line":419,"column":25}},{"start":{},"end":{}}],"line":416},"81":{"loc":{"start":{"line":423,"column":20},"end":{"line":442,"column":21}},"type":"if","locations":[{"start":{"line":423,"column":20},"end":{"line":442,"column":21}},{"start":{},"end":{}}],"line":423},"82":{"loc":{"start":{"line":438,"column":24},"end":{"line":441,"column":25}},"type":"if","locations":[{"start":{"line":438,"column":24},"end":{"line":441,"column":25}},{"start":{},"end":{}}],"line":438},"83":{"loc":{"start":{"line":448,"column":8},"end":{"line":526,"column":9}},"type":"if","locations":[{"start":{"line":448,"column":8},"end":{"line":526,"column":9}},{"start":{},"end":{}}],"line":448},"84":{"loc":{"start":{"line":448,"column":12},"end":{"line":448,"column":43}},"type":"binary-expr","locations":[{"start":{"line":448,"column":12},"end":{"line":448,"column":20}},{"start":{"line":448,"column":24},"end":{"line":448,"column":43}}],"line":448},"85":{"loc":{"start":{"line":452,"column":30},"end":{"line":452,"column":72}},"type":"binary-expr","locations":[{"start":{"line":452,"column":30},"end":{"line":452,"column":42}},{"start":{"line":452,"column":46}
[...]
"16":{"start":{"line":33,"column":6},"end":{"line":36,"column":7}},"17":{"start":{"line":33,"column":19},"end":{"line":33,"column":20}},"18":{"start":{"line":34,"column":29},"end":{"line":34,"column":43}},"19":{"start":{"line":35,"column":8},"end":{"line":35,"column":87}},"20":{"start":{"line":40,"column":23},"end":{"line":40,"column":61}},"21":{"start":{"line":41,"column":4},"end":{"line":46,"column":5}},"22":{"start":{"line":42,"column":8},"end":{"line":45,"column":9}},"23":{"start":{"line":42,"column":21},"end":{"line":42,"column":22}},"24":{"start":{"line":43,"column":33},"end":{"line":43,"column":47}},"25":{"start":{"line":44,"column":12},"end":{"line":44,"column":91}},"26":{"start":{"line":50,"column":2},"end":{"line":62,"column":3}},"27":{"start":{"line":51,"column":19},"end":{"line":51,"column":42}},"28":{"start":{"line":52,"column":4},"end":{"line":61,"column":5}},"29":{"start":{"line":54,"column":17},"end":{"line":54,"column":40}},"30":{"start":{"line":55,"column":17},"end":{"line":55,"column":28}},"31":{"start":{"line":56,"column":27},"end":{"line":56,"column":88}},"32":{"start":{"line":57,"column":6},"end":{"line":60,"column":8}},"33":{"start":{"line":64,"column":2},"end":{"line":64,"column":46}},"34":{"start":{"line":67,"column":0},"end":{"line":67,"column":52}}},"fnMap":{"0":{"name":"horaAMinutos","decl":{"start":{"line":4,"column":9},"end":{"line":4,"column":21}},"loc":{"start":{"line":4,"column":28},"end":{"line":9,"column":1}},"line":4},"1":{"name":"validarDistribucionRefrigerios","decl":{"start":{"line":16,"column":9},"end":{"line":16,"column":39}},"loc":{"start":{"line":16,"column":50},"end":{"line":65,"column":1}},"line":16}},"branchMap":{"0":{"loc":{"start":{"line":5,"column":2},"end":{"line":5,"column":48}},"type":"if","locations":[{"start":{"line":5,"column":2},"end":{"line":5,"column":48}},{"start":{},"end":{}}],"line":5},"1":{"loc":{"start":{"line":5,"column":6},"end":{"line":5,"column":34}},"type":"binary-expr","locations":[{"start":{"line":5,"column":6},"end":{"line":5,"column":11}},{"start":{"line":5,"column":15},"end":{"line":5,"column":34}}],"line":5},"2":{"loc":{"start":{"line":7,"column":2},"end":{"line":7,"column":40}},"type":"if","locations":[{"start":{"line":7,"column":2},"end":{"line":7,"column":40}},{"start":{},"end":{}}],"line":7},"3":{"loc":{"start":{"line":7,"column":6},"end":{"line":7,"column":26}},"type":"binary-expr","locations":[{"start":{"line":7,"column":6},"end":{"line":7,"column":14}},{"start":{"line":7,"column":18},"end":{"line":7,"column":26}}],"line":7},"4":{"loc":{"start":{"line":17,"column":2},"end":{"line":19,"column":3}},"type":"if","locations":[{"start":{"line":17,"column":2},"end":{"line":19,"column":3}},{"start":{},"end":{}}],"line":17},"5":{"loc":{"start":{"line":17,"column":6},"end":{"line":17,"column":55}},"type":"binary-expr","locations":[{"start":{"line":17,"column":6},"end":{"line":17,"column":30}},{"start":{"line":17,"column":34},"end":{"line":17,"column":55}}],"line":17},"6":{"loc":{"start":{"line":32,"column":4},"end":{"line":37,"column":5}},"type":"if","locations":[{"start":{"line":32,"column":4},"end":{"line":37,"column":5}},{"start":{},"end":{}}],"line":32},"7":{"loc":{"start":{"line":35,"column":44},"end":{"line":35,"column":81}},"type":"binary-expr","locations":[{"start":{"line":35,"column":44},"end":{"line":35,"column":76}},{"start":{"line":35,"column":80},"end":{"line":35,"column":81}}],"line":35},"8":{"loc":{"start":{"line":41,"column":4},"end":{"line":46,"column":5}},"type":"if","locations":[{"start":{"line":41,"column":4},"end":{"line":46,"column":5}},{"start":{},"end":{}}],"line":41},"9":{"loc":{"start":{"line":44,"column":48},"end":{"line":44,"column":85}},"type":"binary-expr","locations":[{"start":{"line":44,"column":48},"end":{"line":44,"column":80}},{"start":{"line":44,"column":84},"end":{"line":44,"column":85}}],"line":44},"10":{"loc":{"start":{"line":52,"column":4},"end":{"line":61,"column":5}},"type":"if","locations":[{"start":{"line":52,"column":4},"end":{"line":61,"column":5}},{"start":{},"end":{}}],"line":52}},"s":{"0":0,"1":0,"2":0,"3":0,"4":0,"5":0,"6":0,"7":0,"8":0,"9":0,"10":0,"11":0,"12":0,"13":0,"14":0,"15":0,"16":0,"17":0,"18":0,"19":0,"20":0,"21":0,"22":0,"23":0,"24":0,"25":0,"26":0,"27":0,"28":0,"29":0,"30":0,"31":0,"32":0,"33":0,"34":0},"f":{"0":0,"1":0},"b":{"0":[0,0],"1":[0,0],"2":[0,0],"3":[0,0],"4":[0,0],"5":[0,0],"6":[0,0],"7":[0,0],"8":[0,0],"9":[0,0],"10":[0,0]},"inputSourceMap":null}
,"C:\\Users\\gabib\\Desktop\\PROYECTO_REFRIS\\backend\\utilidades\\formateoFechas.js": {"path":"C:\\Users\\gabib\\Desktop\\PROYECTO_REFRIS\\backend\\utilidades\\formateoFechas.js","statementMap":{"0":{"start":{"line":7,"column":18},"end":{"line":10,"column":5}},"1":{"start":{"line":13,"column":4},"end":{"line":16,"column":5}},"2":{"start":{"line":14,"column":8},"end":{"line":14,"column":77}},"3":{"start":{"line":15,"column":8},"end":{"line":15,"column":30}},"4":{"start":{"line":18,"column":4},"end":{"line":18,"column":29}},"5":{"start":{"line":27,"column":4},"end":{"line":29,"column":5}},"6":{"start":{"line":28,"column":8},"end":{"line":28,"column":21}},"7":{"start":{"line":31,"column":18},"end":{"line":31,"column":36}},"8":{"start":{"line":32,"column":22},"end":{"line":32,"column":36}},"9":{"start":{"line":34,"column":4},"end":{"line":34,"column":46}},"10":{"start":{"line":43,"column":4},"end":{"line":45,"column":5}},"11":{"start":{"line":44,"column":8},"end":{"line":44,"column":32}},"12":{"start":{"line":47,"column":29},"end":{"line":47,"column":60}},"13":{"start":{"line":48,"column":4},"end":{"line":48,"column":59}},"14":{"start":{"line":57,"column":4},"end":{"line":59,"column":5}},"15":{"start":{"line":58,"column":8},"end":{"line":58,"column":25}},"16":{"start":{"line":61,"column":18},"end":{"line":61,"column":36}},"17":{"start":{"line":62,"column":22},"end":{"line":62,"column":36}},"18":{"start":{"line":64,"column":4},"end":{"line":64,"column":42}},"19":{"start":{"line":64,"column":25},"end":{"line":64,"column":42}},"20":{"start":{"line":65,"column":4},"end":{"line":65,"column":41}},"21":{"start":{"line":65,"column":25},"end":{"line":65,"column":41}},"22":{"start":{"line":66,"column":4},"end":{"line":66,"column":19}},"23":{"start":{"line":69,"column":0},"end":{"line":74,"column":2}}},"fnMap":{"0":{"name":"obtenerNombreMes","decl":{"start":{"line":6,"column":9},"end":{"line":6,"column":25}},"loc":{"start":{"line":6,"column":34},"end":{"line":19,"column":1}},"line":6},"1":{"name":"esFinDeSemana","decl":{"start":{"line":26,"column":9},"end":{"line":26,"column":22}},"loc":{"start":{"line":26,"column":33},"end":{"line":35,"column":1}},"line":26},"2":{"name":"formatearFechaLegible","decl":{"start":{"line":42,"column":9},"end":{"line":42,"column":30}},"loc":{"start":{"line":42,"column":41},"end":{"line":49,"column":1}},"line":42},"3":{"name":"obtenerTipoDia","decl":{"start":{"line":56,"column":9},"end":{"line":56,"column":23}},"loc":{"start":{"line":56,"column":34},"end":{"line":67,"column":1}},"line":56}},"branchMap":{"0":{"loc":{"start":{"line":13,"column":4},"end":{"line":16,"column":5}},"type":"if","locations":[{"start":{"line":13,"column":4},"end":{"line":16,"column":5}},{"start":{},"end":{}}],"line":13},"1":{"loc":{"start":{"line":13,"column":8},"end":{"line":13,"column":62}},"type":"binary-expr","locations":[{"start":{"line":13,"column":8},"end":{"line":13,"column":18}},{"start":{"line":13,"column":22},"end":{"line":13,"column":33}},{"start":{"line":13,"column":37},"end":{"line":13,"column":62}}],"line":13},"2":{"loc":{"start":{"line":27,"column":4},"end":{"line":29,"column":5}},"type":"if","locations":[{"start":{"line":27,"column":4},"end":{"line":29,"column":5}},{"start":{},"end":{}}],"line":27},"3":{"loc":{"start":{"line":27,"column":8},"end":{"line":27,"column":91}},"type":"binary-expr","locations":[{"start":{"line":27,"column":8},"end":{"line":27,"column":17}},{"start":{"line":27,"column":21},"end":{"line":27,"column":49}},{"start":{"line":27,"column":53},"end":{"line":27,"column":91}}],"line":27},"4":{"loc":{"start":{"line":34,"column":11},"end":{"line":34,"column":45}},"type":"binary-expr","locations":[{"start":{"line":34,"column":11},"end":{"line":34,"column":26}},{"start":{"line":34,"column":30},"end":{"line":34,"column":45}}],"line":34},"5":{"loc":{"start":{"line":43,"column":4},"end":{"line":45,"column":5}},"type":"if","locations":[{"start":{"line":43,"column":4},"end":{"line":45,"column":5}},{"start":{},"end":{}}],"line":43},"6":{"loc":{"start":{"line":43,"column":8},"end":{"line":43,"column":91}},"type":"binary-expr","locations":[{"start":{"line":43,"column":8},"end":{"line":43,"column":17}},{"start":{"line":43,"column":21},"end":{"line":43,"column":49}},{"start":{"line":43,"column":53},"end":{"line":43,"column":91}}],"line":43},"7":{"loc":{"start":{"line":57,"column":4},"end":{"line":59,"column":5}},"type":"if","locations":[{"start":{"line":57,"column":4},"end":{"line":59,"column":5}},{"start":{},"end":{}}],"line":57},"8":{"loc":{"start":{"line":57,"column":8},"end":{"line":57,"column":91}},"type":"binary-expr","locations":[{"start":{"line":57,"column":8},"end":{"line":57,"column":17}},{"start":{"line":57,"column":21},"end":{"line":57,"column":49}},{"start":{"line":57,"column":53},"end":{"line":57,"column":91}}],"line":57},"9":{"loc":{"start":{"line":64,"column":4},"end":{"line":64,"column":42}},"type":"if","locations":[{"start":{"line":64,"column":4},"end":{"line":64,"column":42}},{"start":{},"end":{}}],"line":64},"10":{"loc":{"start":{"line":65,"column":4},"end":{"line":65,"column":41}},"type":"if","locations":[{"start":{"line":65,"column":4},"end":{"line":65,"column":41}},{"start":{},"end":{}}],"line":65}},"s":{"0":0,"1":0,"2":0,"3":0,"4":0,"5":0,"6":0,"7":0,"8":0,"9":0,"10":0,"11":0,"12":0,"13":0,"14":0,"15":0,"16":0,"17":0,"18":0,"19":0,"20":0,"21":0,"22":0,"23":0},"f":{"0":0,"1":0,"2":0,"3":0},"b":{"0":[0,0],"1":[0,0,0],"2":[0,0],"3":[0,0,0],"4":[0,0],"5":[0,0],"6":[0,0,0],"7":[0,0],"8":[0,0,0],"9":[0,0],"10":[0,0]},"inputSourceMap":null}
,"C:\\Users\\gabib\\Desktop\\PROYECTO_REFRIS\\backend\\utilidades\\migrarTiposDia.js": {"path":"C:\\Users\\gabib\\Desktop\\PROYECTO_REFRIS\\backend\\utilidades\\migrarTiposDia.js","statementMap":{"0":{"start":{"line":2,"column":17},"end":{"line":2,"column":36}},"1":{"start":{"line":3,"column":15},"end":{"line":3,"column":35}},"2":{"start":{"line":4,"column":14},"end":{"line":4,"column":41}},"3":{"start":{"line":5,"column":32},"end":{"line":5,"column":77}},"4":{"start":{"line":8,"column":2},"end":{"line":57,"column":3}},"5":{"start":{"line":9,"column":4},"end":{"line":9,"column":52}},"6":{"start":{"line":10,"column":4},"end":{"line":10,"column":71}},"7":{"start":{"line":11,"column":4},"end":{"line":11,"column":46}},"8":{"start":{"line":14,"column":4},"end":{"line":14,"column":69}},"9":{"start":{"line":15,"column":28},"end":{"line":18,"column":5}},"10":{"start":{"line":20,"column":4},"end":{"line":20,"column":108}},"11":{"start":{"line":23,"column":4},"end":{"line":23,"column":78}},"12":{"start":{"line":26,"column":24},"end":{"line":28,"column":6}},"13":{"start":{"line":30,"column":4},"end":{"line":30,"column":101}},"14":{"start":{"line":33,"column":34},"end":{"line":33,"column":35}},"15":{"start":{"line":34,"column":4},"end":{"line":46,"column":5}},"16":{"start":{"line":36,"column":6},"end":{"line":42,"column":9}},"17":{"start":{"line":37,"column":8},"end":{"line":40,"column":9}},"18":{"start":{"line":38,"column":10},"end":{"line":38,"column":36}},"19":{"start":{"line":39,"column":10},"end":{"line":39,"column":50}},"20":{"start":{"line":41,"column":8},"end":{"line":41,"column":21}},"21":{"start":{"line":45,"column":6},"end":{"line":45,"column":27}},"22":{"start":{"line":48,"column":4},"end":{"line":48,"column":103}},"23":{"start":{"line":49,"column":4},"end":{"line":49,"column":53}},"24":{"start":{"line":52,"column":4},"end":{"line":52,"column":56}},"25":{"start":{"line":55,"column":4},"end":{"line":55,"column":38}},"26":{"start":{"line":56,"column":4},"end":{"line":56,"column":46}},"27":{"start":{"line":61,"column":0},"end":{"line":63,"column":70}},"28":{"start":{"line":62,"column":14},"end":{"line":62,"column":60}},"29":{"start":{"line":63,"column":16},"end":{"line":63,"column":68}}},"fnMap":{"0":{"name":"migrarTiposDia","decl":{"start":{"line":7,"column":15},"end":{"line":7,"column":29}},"loc":{"start":{"line":7,"column":32},"end":{"line":58,"column":1}},"line":7},"1":{"name":"(anonymous_1)","decl":{"start":{"line":36,"column":60},"end":{"line":36,"column":61}},"loc":{"start":{"line":36,"column":69},"end":{"line":42,"column":7}},"line":36},"2":{"name":"(anonymous_2)","decl":{"start":{"line":62,"column":8},"end":{"line":62,"column":9}},"loc":{"start":{"line":62,"column":14},"end":{"line":62,"column":60}},"line":62},"3":{"name":"(anonymous_3)","decl":{"start":{"line":63,"column":9},"end":{"line":63,"column":10}},"loc":{"start":{"line":63,"column":16},"end":{"line":63,"column":68}},"line":63}},"branchMap":{"0":{"loc":{"start":{"line":37,"column":8},"end":{"line":40,"column":9}},"type":"if","locations":[{"start":{"line":37,"column":8},"end":{"line":40,"column":9}},{"start":{},"end":{}}],"line":37}},"s":{"0":0,"1":0,"2":0,"3":0,"4":0,"5":0,"6":0,"7":0,"8":0,"9":0,"10":0,"11":0,"12":0,"13":0,"14":0,"15":0,"16":0,"17":0,"18":0,"19":0,"20":0,"21":0,"22":0,"23":0,"24":0,"25":0,"26":0,"27":0,"28":0,"29":0},"f":{"0":0,"1":0,"2":0,"3":0},"b":{"0":[0,0]},"inputSourceMap":null}
,"C:\\Users\\gabib\\Desktop\\PROYECTO_REFRIS\\backend\\utilidades\\prepararBaseDatos.js": {"path":"C:\\Users\\gabib\\Desktop\\PROYECTO_REFRIS\\backend\\utilidades\\prepararBaseDatos.js","statementMap":{"0":{"start":{"line":10,"column":17},"end":{"line":10,"column":36}},"1":{"start":{"line":11,"column":15},"end":{"line":11,"column":35}},"2":{"start":{"line":12,"column":14},"end":{"line":12,"column":41}},"3":{"start":{"line":13,"column":32},"end":{"line":13,"column":77}},"4":{"start":{"line":14,"column":15},"end":{"line":14,"column":43}},"5":{"start":{"line":15,"column":16},"end":{"line":15,"column":45}},"6":{"start":{"line":21,"column":2},"end":{"line":21,"column":57}},"7":{"start":{"line":23,"column":2},"end":{"line":123,"column":3}},"8":{"start":{"line":25,"column":4},"end":{"line":25,"column":43}},"9":{"start":{"line":26,"column":4},"end":{"line":26,"column":71}},"10":{"start":{"line":27,"column":4},"end":{"line":27,"column":71}},"11":{"start":{"line":30,"column":4},"end":{"line":30,"column":48}},"12":{"start":{"line":31,"column":24},"end":{"line":31,"column":80}},"13":{"start":{"line":32,"column":28},"end":{"line":32,"column":56}},"14":{"start":{"line":32,"column":49},"end":{"line":32,"column":55}},"15":{"start":{"line":34,"column":4},"end":{"line":34,"column":73}},"16":{"start":{"line":37,"column":4},"end":{"line":37,"column":58}},"17":{"start":{"line":38,"column":4},"end":{"line":53,"column":5}},"18":{"start":{"line":39,"column":24},"end":{"line":39,"column":62}},"19":{"start":{"line":40,"column":6},"end":{"line":50,"column":7}},"20":{"start":{"line":41,"column":8},"end":{"line":41,"column":78}},"21":{"start":{"line":42,"column":8},"end":{"line":47,"column":9}},"22":{"start":{"line":43,"column":10},"end":{"line":43,"column":45}},"23":{"start":{"line":44,"column":10},"end":{"line":44,"column":70}},"24":{"start":{"line":46,"column":10},"end":{"line":46,"column":78}},"25":{"start":{"line":49,"column":8},"end":{"line":49,"column":70}},"26":{"start":{"line":52,"column":6},"end":{"line":52,"column":70}},"27":{"start":{"line":56,"column":4},"end":{"line":56,"column":44}},"28":{"start":{"line":59,"column":25},"end":{"line":67,"column":5}},"29":{"start":{"line":69,"column":4},"end":{"line":76,"column":5}},"30":{"start":{"line":70,"column":6},"end":{"line":75,"column":7}},"31":{"start":{"line":71,"column":8},"end":{"line":71,"column":54}},"32":{"start":{"line":72,"column":8},"end":{"line":72,"column":76}},"33":{"start":{"line":74,"column":8},"end":{"line":74,"column":85}},"34":{"start":{"line":79,"column":27},"end":{"line":82,"column":5}},"35":{"start":{"line":84,"column":4},"end":{"line":91,"column":5}},"36":{"start":{"line":85,"column":6},"end":{"line":90,"column":7}},"37":{"start":{"line":86,"column":8},"end":{"line":86,"column":93}},"38":{"start":{"line":87,"column":8},"end":{"line":87,"column":94}},"39":{"start":{"line":89,"column":8},"end":{"line":89,"column":103}},"40":{"start":{"line":94,"column":4},"end":{"line":99,"column":5}},"41":{"start":{"line":95,"column":6},"end":{"line":95,"column":61}},"42":{"start":{"line":96,"column":6},"end":{"line":96,"column":74}},"43":{"start":{"line":98,"column":6},"end":{"line":98,"column":70}},"44":{"start":{"line":102,"column":4},"end":{"line":102,"column":55}},"45":{"start":{"line":103,"column":4},"end":{"line":113,"column":5}},"46":{"start":{"line":104,"column":26},"end":{"line":104,"column":62}},"47":{"start":{"line":105,"column":28},"end":{"line":105,"column":82}},"48":{"start":{"line":106,"column":28},"end":{"line":106,"column":65}},"49":{"start":{"line":108,"column":6},"end":{"line":108,"column":46}},"50":{"start":{"line":109,"column":6},"end":{"line":109,"column":50}},"51":{"start":{"line":110,"column":6},"end":{"line":110,"column":50}},"52":{"start":{"line":112,"column":6},"end":{"line":112,"column":68}},"53":{"start":{"line":115,"column":4},"end":{"line":115,"column":67}},"54":{"start":{"line":118,"column":4},"end":{"line":118,"column":80}},"55":{"start":{"line":121,"column":4},"end":{"line":121,"column":32}},"56":{"start":{"line":122,"column":4},"end":{"line":122,"column":47}},"57":{"start":{"line":127,"column":0},"end":{"line":137,"column":1}},"58":{"start":{"line":128,"column":2},"end":{"line":133,"column":7}},"59":{"start":{"line":129,"column":16},"end":{"line":129,"column":31}},"60":{"start":{"line":131,"column":6},"end":{"line":131,"column":41}},"61":{"start":{"line":132,"column":6},"end":{"line":132,"column":22}},"62":{"start":{"line":136,"column":2},"end":{"line":136,"column":37}}},"fnMap":{"0":{"name":"prepararBaseDatos","decl":{"start":{"line":20,"column":15},"end":{"line":20,"column":32}},"loc":{"start":{"line":20,"column":35},"end":{"line":124,"column":1}},"line":20},"1":{"name":"(anonymous_1)","decl":{"start":{"line":32,"column":44},"end":{"line":32,"column":45}},"loc":{"start":{"line":32,"column":49},"end":{"line":32,"column":55}},"line":32},"2":{"name":"(anonymous_2)","decl":{"start":{"line":129,"column":10},"end":{"line":129,"column":11}},"loc":{"start":{"line":129,"column":16},"end":{"line":129,"column":31}},"line":129},"3":{"name":"(anonymous_3)","decl":{"start":{"line":130,"column":11},"end":{"line":130,"column":12}},"loc":{"start":{"line":130,"column":18},"end":{"line":133,"column":5}},"line":130}},"branchMap":{"0":{"loc":{"start":{"line":40,"column":6},"end":{"line":50,"column":7}},"type":"if","locations":[{"start":{"line":40,"column":6},"end":{"line":50,"column":7}},{"start":{"line":48,"column":13},"end":{"line":50,"column":7}}],"line":40},"1":{"loc":{"start":{"line":86,"column":72},"end":{"line":86,"column":91}},"type":"binary-expr","locations":[{"start":{"line":86,"column":72},"end":{"line":86,"column":85}},{"start":{"line":86,"column":89},"end":{"line":86,"column":91}}],"line":86},"2":{"loc":{"start":{"line":127,"column":0},"end":{"line":137,"column":1}},"type":"if","locations":[{"start":{"line":127,"column":0},"end":{"line":137,"column":1}},{"start":{"line":134,"column":7},"end":{"line":137,"column":1}}],"line":127}},"s":{"0":0,"1":0,"2":0,"3":0,"4":0,"5":0,"6":0,"7":0,"8":0,"9":0,"10":0,"11":0,"12":0,"13":0,"14":0,"15":0,"16":0,"17":0,"18":0,"19":0,"20":0,"21":0,"22":0,"23":0,"24":0,"25":0,"26":0,"27":0,"28":0,"29":0,"30":0,"31":0,"32":0,"33":0,"34":0,"35":0,"36":0,"37":0,"38":0,"39":0,"40":0,"41":0,"42":0,"43":0,"44":0,"45":0,"46":0,"47":0,"48":0,"49":0,"50":0,"51":0,"52":0,"53":0,"54":0,"55":0,"56":0,"57":0,"58":0,"59":0,"60":0,"61":0,"62":0},"f":{"0":0,"1":0,"2":0,"3":0},"b":{"0":[0,0],"1":[0,0],"2":[0,0]},"inputSourceMap":null}
}
