TN:
SF:controladores\analyticsControlador.js
FN:6,(anonymous_0)
FN:53,(anonymous_1)
FN:60,(anonymous_2)
FN:98,(anonymous_3)
FN:122,(anonymous_4)
FN:130,(anonymous_5)
FN:157,(anonymous_6)
FN:173,(anonymous_7)
FN:182,(anonymous_8)
FN:204,(anonymous_9)
FN:237,(anonymous_10)
FN:307,(anonymous_11)
FN:317,(anonymous_12)
FN:324,(anonymous_13)
FN:348,(anonymous_14)
FN:368,(anonymous_15)
FN:373,(anonymous_16)
FN:395,(anonymous_17)
FN:411,(anonymous_18)
FN:447,(anonymous_19)
FNF:20
FNH:0
FNDA:0,(anonymous_0)
FNDA:0,(anonymous_1)
FNDA:0,(anonymous_2)
FNDA:0,(anonymous_3)
FNDA:0,(anonymous_4)
FNDA:0,(anonymous_5)
FNDA:0,(anonymous_6)
FNDA:0,(anonymous_7)
FNDA:0,(anonymous_8)
FNDA:0,(anonymous_9)
FNDA:0,(anonymous_10)
FNDA:0,(anonymous_11)
FNDA:0,(anonymous_12)
FNDA:0,(anonymous_13)
FNDA:0,(anonymous_14)
FNDA:0,(anonymous_15)
FNDA:0,(anonymous_16)
FNDA:0,(anonymous_17)
FNDA:0,(anonymous_18)
FNDA:0,(anonymous_19)
DA:1,0
DA:2,0
DA:3,0
DA:6,0
DA:7,0
DA:9,0
DA:10,0
DA:12,0
DA:13,0
DA:14,0
DA:15,0
DA:16,0
DA:18,0
DA:23,0
DA:29,0
DA:39,0
DA:53,0
DA:60,0
DA:61,0
DA:62,0
DA:63,0
DA:64,0
DA:70,0
DA:76,0
DA:81,0
DA:89,0
DA:90,0
DA:98,0
DA:99,0
DA:100,0
DA:103,0
DA:122,0
DA:130,0
DA:131,0
DA:132,0
DA:133,0
DA:134,0
DA:135,0
DA:136,0
DA:143,0
DA:148,0
DA:149,0
DA:157,0
DA:158,0
DA:160,0
DA:161,0
DA:164,0
DA:170,0
DA:173,0
DA:182,0
DA:183,0
DA:187,0
DA:189,0
DA:190,0
DA:191,0
DA:192,0
DA:195,0
DA:197,0
DA:200,0
DA:203,0
DA:204,0
DA:205,0
DA:207,0
DA:209,0
DA:210,0
DA:211,0
DA:212,0
DA:213,0
DA:214,0
DA:219,0
DA:223,0
DA:228,0
DA:229,0
DA:237,0
DA:238,0
DA:240,0
DA:241,0
DA:243,0
DA:244,0
DA:251,0
DA:307,0
DA:317,0
DA:318,0
DA:319,0
DA:324,0
DA:325,0
DA:333,0
DA:339,0
DA:340,0
DA:348,0
DA:349,0
DA:351,0
DA:358,0
DA:359,0
DA:360,0
DA:363,0
DA:368,0
DA:373,0
DA:380,0
DA:386,0
DA:387,0
DA:395,0
DA:396,0
DA:397,0
DA:398,0
DA:401,0
DA:404,0
DA:405,0
DA:409,0
DA:411,0
DA:412,0
DA:414,0
DA:416,0
DA:417,0
DA:420,0
DA:421,0
DA:424,0
DA:430,0
DA:438,0
DA:439,0
DA:447,0
DA:448,0
DA:449,0
DA:451,0
DA:452,0
DA:458,0
DA:463,0
DA:464,0
LF:128
LH:0
BRDA:12,0,0,0
BRDA:12,0,1,0
BRDA:29,1,0,0
BRDA:29,1,1,0
BRDA:39,2,0,0
BRDA:39,2,1,0
BRDA:61,3,0,0
BRDA:61,3,1,0
BRDA:61,4,0,0
BRDA:61,4,1,0
BRDA:61,4,2,0
BRDA:63,5,0,0
BRDA:63,5,1,0
BRDA:63,6,0,0
BRDA:63,6,1,0
BRDA:63,6,2,0
BRDA:64,7,0,0
BRDA:64,7,1,0
BRDA:76,8,0,0
BRDA:76,8,1,0
BRDA:100,9,0,0
BRDA:100,9,1,0
BRDA:103,10,0,0
BRDA:103,10,1,0
BRDA:131,11,0,0
BRDA:131,11,1,0
BRDA:131,12,0,0
BRDA:131,12,1,0
BRDA:133,13,0,0
BRDA:133,13,1,0
BRDA:133,14,0,0
BRDA:133,14,1,0
BRDA:136,15,0,0
BRDA:136,15,1,0
BRDA:160,16,0,0
BRDA:160,16,1,0
BRDA:161,17,0,0
BRDA:161,17,1,0
BRDA:183,18,0,0
BRDA:183,18,1,0
BRDA:189,19,0,0
BRDA:189,19,1,0
BRDA:191,20,0,0
BRDA:191,20,1,0
BRDA:195,21,0,0
BRDA:195,21,1,0
BRDA:195,22,0,0
BRDA:195,22,1,0
BRDA:203,23,0,0
BRDA:203,23,1,0
BRDA:203,24,0,0
BRDA:203,24,1,0
BRDA:205,25,0,0
BRDA:205,25,1,0
BRDA:205,26,0,0
BRDA:205,26,1,0
BRDA:209,27,0,0
BRDA:209,27,1,0
BRDA:209,28,0,0
BRDA:209,28,1,0
BRDA:211,29,0,0
BRDA:211,29,1,0
BRDA:211,30,0,0
BRDA:211,30,1,0
BRDA:213,31,0,0
BRDA:213,31,1,0
BRDA:213,32,0,0
BRDA:213,32,1,0
BRDA:240,33,0,0
BRDA:240,33,1,0
BRDA:241,34,0,0
BRDA:241,34,1,0
BRDA:243,35,0,0
BRDA:243,35,1,0
BRDA:243,36,0,0
BRDA:243,36,1,0
BRDA:243,36,2,0
BRDA:243,36,3,0
BRDA:251,37,0,0
BRDA:251,37,1,0
BRDA:318,38,0,0
BRDA:318,38,1,0
BRDA:318,39,0,0
BRDA:318,39,1,0
BRDA:318,39,2,0
BRDA:326,40,0,0
BRDA:326,40,1,0
BRDA:327,41,0,0
BRDA:327,41,1,0
BRDA:328,42,0,0
BRDA:328,42,1,0
BRDA:329,43,0,0
BRDA:329,43,1,0
BRDA:359,44,0,0
BRDA:359,44,1,0
BRDA:373,45,0,0
BRDA:373,45,1,0
BRDA:376,46,0,0
BRDA:376,46,1,0
BRDA:397,47,0,0
BRDA:397,47,1,0
BRDA:397,48,0,0
BRDA:397,48,1,0
BRDA:404,49,0,0
BRDA:404,49,1,0
BRDA:404,50,0,0
BRDA:404,50,1,0
BRDA:414,51,0,0
BRDA:414,51,1,0
BRDA:414,52,0,0
BRDA:414,52,1,0
BRDA:414,52,2,0
BRDA:414,52,3,0
BRDA:416,53,0,0
BRDA:416,53,1,0
BRDA:420,54,0,0
BRDA:420,54,1,0
BRDA:451,55,0,0
BRDA:451,55,1,0
BRF:119
BRH:0
end_of_record
TN:
SF:controladores\asesoresControlador.js
FN:20,(anonymous_0)
FN:26,(anonymous_1)
FN:80,(anonymous_2)
FN:121,(anonymous_3)
FN:137,(anonymous_4)
FN:150,(anonymous_5)
FN:174,(anonymous_6)
FN:206,(anonymous_7)
FN:226,(anonymous_8)
FN:231,(anonymous_9)
FN:244,(anonymous_10)
FN:268,(anonymous_11)
FN:299,(anonymous_12)
FN:319,(anonymous_13)
FN:324,(anonymous_14)
FN:337,(anonymous_15)
FN:361,(anonymous_16)
FN:450,(anonymous_17)
FN:470,(anonymous_18)
FN:475,(anonymous_19)
FN:488,(anonymous_20)
FN:512,(anonymous_21)
FN:539,(anonymous_22)
FN:565,(anonymous_23)
FN:592,normalizarFecha
FN:652,calcularHoraFin
FN:677,(anonymous_26)
FN:744,(anonymous_27)
FN:773,(anonymous_28)
FN:800,(anonymous_29)
FN:828,(anonymous_30)
FN:868,(anonymous_31)
FNF:32
FNH:0
FNDA:0,(anonymous_0)
FNDA:0,(anonymous_1)
FNDA:0,(anonymous_2)
FNDA:0,(anonymous_3)
FNDA:0,(anonymous_4)
FNDA:0,(anonymous_5)
FNDA:0,(anonymous_6)
FNDA:0,(anonymous_7)
FNDA:0,(anonymous_8)
FNDA:0,(anonymous_9)
FNDA:0,(anonymous_10)
FNDA:0,(anonymous_11)
FNDA:0,(anonymous_12)
FNDA:0,(anonymous_13)
FNDA:0,(anonymous_14)
FNDA:0,(anonymous_15)
FNDA:0,(anonymous_16)
FNDA:0,(anonymous_17)
FNDA:0,(anonymous_18)
FNDA:0,(anonymous_19)
FNDA:0,(anonymous_20)
FNDA:0,(anonymous_21)
FNDA:0,(anonymous_22)
FNDA:0,(anonymous_23)
FNDA:0,normalizarFecha
FNDA:0,calcularHoraFin
FNDA:0,(anonymous_26)
FNDA:0,(anonymous_27)
FNDA:0,(anonymous_28)
FNDA:0,(anonymous_29)
FNDA:0,(anonymous_30)
FNDA:0,(anonymous_31)
DA:1,0
DA:4,0
DA:7,0
DA:8,0
DA:10,0
DA:20,0
DA:21,0
DA:22,0
DA:26,0
DA:27,0
DA:28,0
DA:29,0
DA:30,0
DA:33,0
DA:34,0
DA:35,0
DA:36,0
DA:38,0
DA:41,0
DA:42,0
DA:43,0
DA:46,0
DA:48,0
DA:50,0
DA:51,0
DA:52,0
DA:56,0
DA:59,0
DA:60,0
DA:61,0
DA:63,0
DA:64,0
DA:65,0
DA:66,0
DA:67,0
DA:68,0
DA:73,0
DA:74,0
DA:76,0
DA:77,0
DA:80,0
DA:81,0
DA:84,0
DA:85,0
DA:86,0
DA:87,0
DA:88,0
DA:94,0
DA:95,0
DA:96,0
DA:97,0
DA:99,0
DA:107,0
DA:110,0
DA:113,0
DA:117,0
DA:118,0
DA:121,0
DA:132,0
DA:135,0
DA:139,0
DA:141,0
DA:142,0
DA:145,0
DA:147,0
DA:152,0
DA:155,0
DA:156,0
DA:157,0
DA:159,0
DA:160,0
DA:163,0
DA:174,0
DA:176,0
DA:177,0
DA:180,0
DA:181,0
DA:183,0
DA:186,0
DA:187,0
DA:191,0
DA:194,0
DA:202,0
DA:203,0
DA:206,0
DA:218,0
DA:219,0
DA:222,0
DA:224,0
DA:225,0
DA:226,0
DA:229,0
DA:233,0
DA:235,0
DA:236,0
DA:239,0
DA:241,0
DA:246,0
DA:249,0
DA:250,0
DA:251,0
DA:253,0
DA:254,0
DA:257,0
DA:268,0
DA:270,0
DA:271,0
DA:274,0
DA:275,0
DA:277,0
DA:280,0
DA:281,0
DA:285,0
DA:287,0
DA:292,0
DA:294,0
DA:295,0
DA:296,0
DA:299,0
DA:311,0
DA:312,0
DA:315,0
DA:317,0
DA:318,0
DA:319,0
DA:322,0
DA:326,0
DA:328,0
DA:329,0
DA:332,0
DA:334,0
DA:339,0
DA:342,0
DA:343,0
DA:344,0
DA:346,0
DA:347,0
DA:350,0
DA:361,0
DA:363,0
DA:364,0
DA:367,0
DA:368,0
DA:370,0
DA:373,0
DA:374,0
DA:379,0
DA:380,0
DA:383,0
DA:384,0
DA:385,0
DA:386,0
DA:388,0
DA:389,0
DA:390,0
DA:391,0
DA:392,0
DA:393,0
DA:397,0
DA:398,0
DA:399,0
DA:405,0
DA:406,0
DA:409,0
DA:410,0
DA:416,0
DA:417,0
DA:418,0
DA:423,0
DA:424,0
DA:427,0
DA:438,0
DA:439,0
DA:440,0
DA:448,0
DA:450,0
DA:462,0
DA:463,0
DA:466,0
DA:468,0
DA:469,0
DA:470,0
DA:473,0
DA:477,0
DA:479,0
DA:480,0
DA:483,0
DA:485,0
DA:490,0
DA:493,0
DA:494,0
DA:495,0
DA:497,0
DA:498,0
DA:501,0
DA:512,0
DA:514,0
DA:515,0
DA:518,0
DA:519,0
DA:521,0
DA:524,0
DA:525,0
DA:529,0
DA:530,0
DA:533,0
DA:534,0
DA:539,0
DA:540,0
DA:541,0
DA:543,0
DA:544,0
DA:548,0
DA:549,0
DA:552,0
DA:555,0
DA:560,0
DA:561,0
DA:565,0
DA:573,0
DA:579,0
DA:580,0
DA:593,0
DA:595,0
DA:597,0
DA:599,0
DA:602,0
DA:603,0
DA:604,0
DA:608,0
DA:609,0
DA:611,0
DA:612,0
DA:613,0
DA:614,0
DA:617,0
DA:622,0
DA:627,0
DA:628,0
DA:629,0
DA:630,0
DA:635,0
DA:636,0
DA:637,0
DA:640,0
DA:642,0
DA:643,0
DA:653,0
DA:655,0
DA:657,0
DA:658,0
DA:660,0
DA:661,0
DA:664,0
DA:667,0
DA:669,0
DA:670,0
DA:677,0
DA:678,0
DA:679,0
DA:680,0
DA:682,0
DA:684,0
DA:685,0
DA:692,0
DA:694,0
DA:695,0
DA:702,0
DA:706,0
DA:707,0
DA:708,0
DA:709,0
DA:711,0
DA:720,0
DA:724,0
DA:725,0
DA:726,0
DA:730,0
DA:733,0
DA:740,0
DA:741,0
DA:744,0
DA:754,0
DA:758,0
DA:759,0
DA:762,0
DA:763,0
DA:773,0
DA:774,0
DA:775,0
DA:777,0
DA:779,0
DA:780,0
DA:786,0
DA:789,0
DA:790,0
DA:800,0
DA:801,0
DA:803,0
DA:804,0
DA:807,0
DA:808,0
DA:810,0
DA:817,0
DA:818,0
DA:828,0
DA:829,0
DA:830,0
DA:833,0
DA:834,0
DA:837,0
DA:843,0
DA:844,0
DA:850,0
DA:857,0
DA:858,0
DA:868,0
DA:869,0
DA:870,0
DA:872,0
DA:874,0
DA:875,0
DA:881,0
DA:887,0
DA:888,0
LF:325
LH:0
BRDA:36,0,0,0
BRDA:36,0,1,0
BRDA:41,1,0,0
BRDA:41,1,1,0
BRDA:50,2,0,0
BRDA:50,2,1,0
BRDA:60,3,0,0
BRDA:60,3,1,0
BRDA:63,4,0,0
BRDA:63,4,1,0
BRDA:66,5,0,0
BRDA:66,5,1,0
BRDA:73,6,0,0
BRDA:73,6,1,0
BRDA:80,7,0,0
BRDA:80,7,1,0
BRDA:87,8,0,0
BRDA:87,8,1,0
BRDA:117,9,0,0
BRDA:117,9,1,0
BRDA:117,10,0,0
BRDA:117,10,1,0
BRDA:139,11,0,0
BRDA:139,11,1,0
BRDA:139,12,0,0
BRDA:139,12,1,0
BRDA:141,13,0,0
BRDA:141,13,1,0
BRDA:141,14,0,0
BRDA:141,14,1,0
BRDA:142,15,0,0
BRDA:142,15,1,0
BRDA:155,16,0,0
BRDA:155,16,1,0
BRDA:155,17,0,0
BRDA:155,17,1,0
BRDA:157,18,0,0
BRDA:157,18,1,0
BRDA:160,19,0,0
BRDA:160,19,1,0
BRDA:165,20,0,0
BRDA:165,20,1,0
BRDA:169,21,0,0
BRDA:169,21,1,0
BRDA:180,22,0,0
BRDA:180,22,1,0
BRDA:181,23,0,0
BRDA:181,23,1,0
BRDA:202,24,0,0
BRDA:202,24,1,0
BRDA:202,25,0,0
BRDA:202,25,1,0
BRDA:208,26,0,0
BRDA:208,26,1,0
BRDA:208,26,2,0
BRDA:210,27,0,0
BRDA:210,27,1,0
BRDA:210,28,0,0
BRDA:210,28,1,0
BRDA:210,29,0,0
BRDA:210,29,1,0
BRDA:211,30,0,0
BRDA:211,30,1,0
BRDA:211,30,2,0
BRDA:214,31,0,0
BRDA:214,31,1,0
BRDA:214,32,0,0
BRDA:214,32,1,0
BRDA:215,33,0,0
BRDA:215,33,1,0
BRDA:215,34,0,0
BRDA:215,34,1,0
BRDA:226,35,0,0
BRDA:226,35,1,0
BRDA:233,36,0,0
BRDA:233,36,1,0
BRDA:233,37,0,0
BRDA:233,37,1,0
BRDA:235,38,0,0
BRDA:235,38,1,0
BRDA:235,39,0,0
BRDA:235,39,1,0
BRDA:236,40,0,0
BRDA:236,40,1,0
BRDA:249,41,0,0
BRDA:249,41,1,0
BRDA:249,42,0,0
BRDA:249,42,1,0
BRDA:251,43,0,0
BRDA:251,43,1,0
BRDA:254,44,0,0
BRDA:254,44,1,0
BRDA:259,45,0,0
BRDA:259,45,1,0
BRDA:263,46,0,0
BRDA:263,46,1,0
BRDA:274,47,0,0
BRDA:274,47,1,0
BRDA:275,48,0,0
BRDA:275,48,1,0
BRDA:294,49,0,0
BRDA:294,49,1,0
BRDA:294,50,0,0
BRDA:294,50,1,0
BRDA:301,51,0,0
BRDA:301,51,1,0
BRDA:301,51,2,0
BRDA:303,52,0,0
BRDA:303,52,1,0
BRDA:303,53,0,0
BRDA:303,53,1,0
BRDA:303,54,0,0
BRDA:303,54,1,0
BRDA:304,55,0,0
BRDA:304,55,1,0
BRDA:304,55,2,0
BRDA:307,56,0,0
BRDA:307,56,1,0
BRDA:307,57,0,0
BRDA:307,57,1,0
BRDA:308,58,0,0
BRDA:308,58,1,0
BRDA:308,59,0,0
BRDA:308,59,1,0
BRDA:319,60,0,0
BRDA:319,60,1,0
BRDA:326,61,0,0
BRDA:326,61,1,0
BRDA:326,62,0,0
BRDA:326,62,1,0
BRDA:328,63,0,0
BRDA:328,63,1,0
BRDA:328,64,0,0
BRDA:328,64,1,0
BRDA:329,65,0,0
BRDA:329,65,1,0
BRDA:342,66,0,0
BRDA:342,66,1,0
BRDA:342,67,0,0
BRDA:342,67,1,0
BRDA:344,68,0,0
BRDA:344,68,1,0
BRDA:347,69,0,0
BRDA:347,69,1,0
BRDA:352,70,0,0
BRDA:352,70,1,0
BRDA:356,71,0,0
BRDA:356,71,1,0
BRDA:367,72,0,0
BRDA:367,72,1,0
BRDA:368,73,0,0
BRDA:368,73,1,0
BRDA:379,74,0,0
BRDA:379,74,1,0
BRDA:384,75,0,0
BRDA:384,75,1,0
BRDA:388,76,0,0
BRDA:388,76,1,0
BRDA:391,77,0,0
BRDA:391,77,1,0
BRDA:397,78,0,0
BRDA:397,78,1,0
BRDA:405,79,0,0
BRDA:405,79,1,0
BRDA:416,80,0,0
BRDA:416,80,1,0
BRDA:423,81,0,0
BRDA:423,81,1,0
BRDA:438,82,0,0
BRDA:438,82,1,0
BRDA:448,83,0,0
BRDA:448,83,1,0
BRDA:448,84,0,0
BRDA:448,84,1,0
BRDA:452,85,0,0
BRDA:452,85,1,0
BRDA:452,85,2,0
BRDA:454,86,0,0
BRDA:454,86,1,0
BRDA:454,87,0,0
BRDA:454,87,1,0
BRDA:454,88,0,0
BRDA:454,88,1,0
BRDA:455,89,0,0
BRDA:455,89,1,0
BRDA:455,89,2,0
BRDA:458,90,0,0
BRDA:458,90,1,0
BRDA:458,91,0,0
BRDA:458,91,1,0
BRDA:459,92,0,0
BRDA:459,92,1,0
BRDA:459,93,0,0
BRDA:459,93,1,0
BRDA:470,94,0,0
BRDA:470,94,1,0
BRDA:477,95,0,0
BRDA:477,95,1,0
BRDA:477,96,0,0
BRDA:477,96,1,0
BRDA:479,97,0,0
BRDA:479,97,1,0
BRDA:479,98,0,0
BRDA:479,98,1,0
BRDA:480,99,0,0
BRDA:480,99,1,0
BRDA:493,100,0,0
BRDA:493,100,1,0
BRDA:493,101,0,0
BRDA:493,101,1,0
BRDA:495,102,0,0
BRDA:495,102,1,0
BRDA:498,103,0,0
BRDA:498,103,1,0
BRDA:503,104,0,0
BRDA:503,104,1,0
BRDA:507,105,0,0
BRDA:507,105,1,0
BRDA:518,106,0,0
BRDA:518,106,1,0
BRDA:519,107,0,0
BRDA:519,107,1,0
BRDA:543,108,0,0
BRDA:543,108,1,0
BRDA:548,109,0,0
BRDA:548,109,1,0
BRDA:560,110,0,0
BRDA:560,110,1,0
BRDA:560,111,0,0
BRDA:560,111,1,0
BRDA:568,112,0,0
BRDA:568,112,1,0
BRDA:569,113,0,0
BRDA:569,113,1,0
BRDA:593,114,0,0
BRDA:593,114,1,0
BRDA:597,115,0,0
BRDA:597,115,1,0
BRDA:603,116,0,0
BRDA:603,116,1,0
BRDA:611,117,0,0
BRDA:611,117,1,0
BRDA:629,118,0,0
BRDA:629,118,1,0
BRDA:636,119,0,0
BRDA:636,119,1,0
BRDA:653,120,0,0
BRDA:653,120,1,0
BRDA:653,121,0,0
BRDA:653,121,1,0
BRDA:658,122,0,0
BRDA:658,122,1,0
BRDA:684,123,0,0
BRDA:684,123,1,0
BRDA:694,124,0,0
BRDA:694,124,1,0
BRDA:724,125,0,0
BRDA:724,125,1,0
BRDA:740,126,0,0
BRDA:740,126,1,0
BRDA:746,127,0,0
BRDA:746,127,1,0
BRDA:746,127,2,0
BRDA:748,128,0,0
BRDA:748,128,1,0
BRDA:748,129,0,0
BRDA:748,129,1,0
BRDA:748,130,0,0
BRDA:748,130,1,0
BRDA:749,131,0,0
BRDA:749,131,1,0
BRDA:750,132,0,0
BRDA:750,132,1,0
BRDA:750,133,0,0
BRDA:750,133,1,0
BRDA:751,134,0,0
BRDA:751,134,1,0
BRDA:751,135,0,0
BRDA:751,135,1,0
BRDA:779,136,0,0
BRDA:779,136,1,0
BRDA:803,137,0,0
BRDA:803,137,1,0
BRDA:804,138,0,0
BRDA:804,138,1,0
BRDA:833,139,0,0
BRDA:833,139,1,0
BRDA:834,140,0,0
BRDA:834,140,1,0
BRDA:843,141,0,0
BRDA:843,141,1,0
BRDA:874,142,0,0
BRDA:874,142,1,0
BRF:293
BRH:0
end_of_record
TN:
SF:controladores\geminiControlador.js
FN:16,(anonymous_0)
FN:58,obtenerContextoSistema
FN:104,(anonymous_2)
FN:107,(anonymous_3)
FN:110,(anonymous_4)
FN:119,simularRespuestaGemini
FN:188,(anonymous_6)
FN:212,(anonymous_7)
FNF:8
FNH:0
FNDA:0,(anonymous_0)
FNDA:0,obtenerContextoSistema
FNDA:0,(anonymous_2)
FNDA:0,(anonymous_3)
FNDA:0,(anonymous_4)
FNDA:0,simularRespuestaGemini
FNDA:0,(anonymous_6)
FNDA:0,(anonymous_7)
DA:1,0
DA:2,0
DA:3,0
DA:8,0
DA:10,0
DA:12,0
DA:16,0
DA:17,0
DA:18,0
DA:20,0
DA:21,0
DA:25,0
DA:28,0
DA:41,0
DA:43,0
DA:49,0
DA:50,0
DA:59,0
DA:61,0
DA:64,0
DA:65,0
DA:66,0
DA:68,0
DA:71,0
DA:77,0
DA:85,0
DA:97,0
DA:104,0
DA:107,0
DA:110,0
DA:113,0
DA:114,0
DA:121,0
DA:123,0
DA:124,0
DA:135,0
DA:136,0
DA:152,0
DA:153,0
DA:174,0
DA:188,0
DA:189,0
DA:190,0
DA:192,0
DA:193,0
DA:197,0
DA:199,0
DA:203,0
DA:204,0
DA:211,0
DA:212,0
DA:213,0
DA:215,0
DA:216,0
DA:219,0
DA:222,0
DA:229,0
DA:230,0
DA:238,0
LF:59
LH:0
BRDA:20,0,0,0
BRDA:20,0,1,0
BRDA:123,1,0,0
BRDA:123,1,1,0
BRDA:123,2,0,0
BRDA:123,2,1,0
BRDA:135,3,0,0
BRDA:135,3,1,0
BRDA:135,4,0,0
BRDA:135,4,1,0
BRDA:135,4,2,0
BRDA:152,5,0,0
BRDA:152,5,1,0
BRDA:152,6,0,0
BRDA:152,6,1,0
BRDA:152,6,2,0
BRDA:192,7,0,0
BRDA:192,7,1,0
BRDA:203,8,0,0
BRDA:203,8,1,0
BRDA:203,9,0,0
BRDA:203,9,1,0
BRDA:213,10,0,0
BRDA:213,10,1,0
BRDA:215,11,0,0
BRDA:215,11,1,0
BRF:26
BRH:0
end_of_record
TN:
SF:controladores\turnoController.js
FN:5,(anonymous_0)
FN:16,(anonymous_1)
FN:44,(anonymous_2)
FN:78,(anonymous_3)
FNF:4
FNH:0
FNDA:0,(anonymous_0)
FNDA:0,(anonymous_1)
FNDA:0,(anonymous_2)
FNDA:0,(anonymous_3)
DA:1,0
DA:2,0
DA:5,0
DA:6,0
DA:7,0
DA:8,0
DA:9,0
DA:11,0
DA:16,0
DA:17,0
DA:18,0
DA:19,0
DA:21,0
DA:22,0
DA:23,0
DA:26,0
DA:27,0
DA:28,0
DA:31,0
DA:32,0
DA:33,0
DA:34,0
DA:36,0
DA:37,0
DA:39,0
DA:44,0
DA:45,0
DA:46,0
DA:47,0
DA:49,0
DA:50,0
DA:51,0
DA:55,0
DA:62,0
DA:67,0
DA:68,0
DA:70,0
DA:71,0
DA:73,0
DA:78,0
DA:79,0
DA:80,0
DA:81,0
DA:83,0
DA:84,0
DA:85,0
DA:86,0
DA:89,0
DA:90,0
DA:92,0
LF:50
LH:0
BRDA:22,0,0,0
BRDA:22,0,1,0
BRDA:27,1,0,0
BRDA:27,1,1,0
BRDA:50,2,0,0
BRDA:50,2,1,0
BRDA:84,3,0,0
BRDA:84,3,1,0
BRDA:84,4,0,0
BRDA:84,4,1,0
BRF:10
BRH:0
end_of_record
TN:
SF:controladores\uploadControlador.js
FN:13,(anonymous_0)
FN:23,(anonymous_1)
FN:35,(anonymous_2)
FN:62,(anonymous_3)
FN:67,(anonymous_4)
FN:100,(anonymous_5)
FN:103,(anonymous_6)
FN:154,(anonymous_7)
FN:163,(anonymous_8)
FN:170,(anonymous_9)
FN:176,(anonymous_10)
FN:195,(anonymous_11)
FN:205,(anonymous_12)
FN:216,(anonymous_13)
FN:226,(anonymous_14)
FNF:15
FNH:0
FNDA:0,(anonymous_0)
FNDA:0,(anonymous_1)
FNDA:0,(anonymous_2)
FNDA:0,(anonymous_3)
FNDA:0,(anonymous_4)
FNDA:0,(anonymous_5)
FNDA:0,(anonymous_6)
FNDA:0,(anonymous_7)
FNDA:0,(anonymous_8)
FNDA:0,(anonymous_9)
FNDA:0,(anonymous_10)
FNDA:0,(anonymous_11)
FNDA:0,(anonymous_12)
FNDA:0,(anonymous_13)
FNDA:0,(anonymous_14)
DA:1,0
DA:2,0
DA:3,0
DA:4,0
DA:5,0
DA:6,0
DA:7,0
DA:8,0
DA:9,0
DA:12,0
DA:14,0
DA:17,0
DA:18,0
DA:21,0
DA:25,0
DA:26,0
DA:29,0
DA:30,0
DA:35,0
DA:37,0
DA:39,0
DA:41,0
DA:43,0
DA:44,0
DA:46,0
DA:51,0
DA:62,0
DA:63,0
DA:65,0
DA:67,0
DA:68,0
DA:69,0
DA:70,0
DA:74,0
DA:75,0
DA:79,0
DA:80,0
DA:82,0
DA:84,0
DA:85,0
DA:87,0
DA:88,0
DA:92,0
DA:93,0
DA:100,0
DA:101,0
DA:103,0
DA:104,0
DA:106,0
DA:107,0
DA:108,0
DA:115,0
DA:116,0
DA:122,0
DA:124,0
DA:126,0
DA:129,0
DA:135,0
DA:136,0
DA:142,0
DA:143,0
DA:154,0
DA:155,0
DA:158,0
DA:159,0
DA:163,0
DA:164,0
DA:165,0
DA:166,0
DA:170,0
DA:171,0
DA:172,0
DA:176,0
DA:177,0
DA:178,0
DA:180,0
DA:188,0
DA:195,0
DA:196,0
DA:197,0
DA:200,0
DA:201,0
DA:205,0
DA:206,0
DA:207,0
DA:208,0
DA:216,0
DA:217,0
DA:218,0
DA:221,0
DA:222,0
DA:226,0
DA:227,0
DA:228,0
DA:229,0
DA:232,0
LF:96
LH:0
BRDA:17,0,0,0
BRDA:17,0,1,0
BRDA:43,1,0,0
BRDA:43,1,1,0
BRDA:43,2,0,0
BRDA:43,2,1,0
BRDA:68,3,0,0
BRDA:68,3,1,0
BRDA:74,4,0,0
BRDA:74,4,1,0
BRDA:74,5,0,0
BRDA:74,5,1,0
BRDA:106,6,0,0
BRDA:106,6,1,0
BRDA:110,7,0,0
BRDA:110,7,1,0
BRDA:115,8,0,0
BRDA:115,8,1,0
BRDA:158,9,0,0
BRDA:158,9,1,0
BRDA:164,10,0,0
BRDA:164,10,1,0
BRDA:172,11,0,0
BRDA:172,11,1,0
BRDA:172,11,2,0
BRDA:200,12,0,0
BRDA:200,12,1,0
BRDA:206,13,0,0
BRDA:206,13,1,0
BRDA:221,14,0,0
BRDA:221,14,1,0
BRDA:227,15,0,0
BRDA:227,15,1,0
BRF:33
BRH:0
end_of_record
TN:
SF:middleware\auth.js
FN:4,(anonymous_0)
FN:24,(anonymous_1)
FNF:2
FNH:0
FNDA:0,(anonymous_0)
FNDA:0,(anonymous_1)
DA:1,0
DA:2,0
DA:4,0
DA:5,0
DA:6,0
DA:8,0
DA:9,0
DA:14,0
DA:15,0
DA:16,0
DA:18,0
DA:24,0
DA:25,0
DA:26,0
DA:28,0
DA:29,0
DA:34,0
DA:36,0
DA:37,0
DA:42,0
DA:43,0
DA:45,0
DA:51,0
LF:23
LH:0
BRDA:8,0,0,0
BRDA:8,0,1,0
BRDA:28,1,0,0
BRDA:28,1,1,0
BRDA:36,2,0,0
BRDA:36,2,1,0
BRF:6
BRH:0
end_of_record
TN:
SF:middleware\cache.js
FN:4,(anonymous_0)
FN:5,(anonymous_1)
FN:19,(anonymous_2)
FN:28,(anonymous_3)
FN:32,(anonymous_4)
FNF:5
FNH:0
FNDA:0,(anonymous_0)
FNDA:0,(anonymous_1)
FNDA:0,(anonymous_2)
FNDA:0,(anonymous_3)
FNDA:0,(anonymous_4)
DA:1,0
DA:2,0
DA:4,0
DA:5,0
DA:6,0
DA:7,0
DA:10,0
DA:11,0
DA:13,0
DA:14,0
DA:15,0
DA:18,0
DA:19,0
DA:20,0
DA:21,0
DA:23,0
DA:28,0
DA:29,0
DA:31,0
DA:32,0
DA:33,0
DA:34,0
DA:39,0
LF:23
LH:0
BRDA:6,0,0,0
BRDA:6,0,1,0
BRDA:10,1,0,0
BRDA:10,1,1,0
BRDA:13,2,0,0
BRDA:13,2,1,0
BRDA:29,3,0,0
BRDA:29,3,1,0
BRDA:33,4,0,0
BRDA:33,4,1,0
BRF:10
BRH:0
end_of_record
TN:
SF:middleware\errorHandler.js
FN:22,(anonymous_0)
FN:39,(anonymous_1)
FNF:2
FNH:0
FNDA:0,(anonymous_0)
FNDA:0,(anonymous_1)
DA:1,0
DA:4,0
DA:16,0
DA:17,0
DA:22,0
DA:24,0
DA:36,0
DA:37,0
DA:39,0
DA:43,0
DA:44,0
DA:50,0
DA:51,0
DA:58,0
DA:68,0
LF:15
LH:0
BRDA:16,0,0,0
BRDA:16,0,1,0
BRDA:36,1,0,0
BRDA:36,1,1,0
BRDA:43,2,0,0
BRDA:43,2,1,0
BRDA:50,3,0,0
BRDA:50,3,1,0
BRDA:58,4,0,0
BRDA:58,4,1,0
BRDA:59,5,0,0
BRDA:59,5,1,0
BRDA:62,6,0,0
BRDA:62,6,1,0
BRF:14
BRH:0
end_of_record
TN:
SF:middleware\rateLimiter.js
FNF:0
FNH:0
DA:1,0
DA:2,0
DA:4,0
DA:16,0
DA:25,0
LF:5
LH:0
BRF:0
BRH:0
end_of_record
TN:
SF:modelos\ArchivoDimensionamiento.js
FN:81,(anonymous_0)
FN:87,(anonymous_1)
FN:92,(anonymous_2)
FN:121,(anonymous_3)
FN:158,(anonymous_4)
FN:165,(anonymous_5)
FN:185,obtenerNombreMes
FN:200,(anonymous_7)
FNF:8
FNH:0
FNDA:0,(anonymous_0)
FNDA:0,(anonymous_1)
FNDA:0,(anonymous_2)
FNDA:0,(anonymous_3)
FNDA:0,(anonymous_4)
FNDA:0,(anonymous_5)
FNDA:0,obtenerNombreMes
FNDA:0,(anonymous_7)
DA:1,0
DA:3,0
DA:81,0
DA:87,0
DA:92,0
DA:117,0
DA:118,0
DA:121,0
DA:122,0
DA:124,0
DA:152,0
DA:153,0
DA:154,0
DA:158,0
DA:159,0
DA:160,0
DA:161,0
DA:165,0
DA:166,0
DA:167,0
DA:169,0
DA:172,0
DA:173,0
DA:175,0
DA:176,0
DA:186,0
DA:191,0
DA:192,0
DA:193,0
DA:196,0
DA:200,0
DA:201,0
DA:204,0
DA:219,0
DA:220,0
DA:221,0
DA:222,0
DA:223,0
DA:224,0
DA:225,0
DA:229,0
DA:231,0
DA:232,0
DA:236,0
DA:238,0
LF:45
LH:0
BRDA:121,0,0,0
BRDA:152,1,0,0
BRDA:152,1,1,0
BRDA:152,2,0,0
BRDA:152,2,1,0
BRDA:159,3,0,0
BRDA:159,3,1,0
BRDA:159,4,0,0
BRDA:159,4,1,0
BRDA:160,5,0,0
BRDA:160,5,1,0
BRDA:160,6,0,0
BRDA:160,6,1,0
BRDA:166,7,0,0
BRDA:166,7,1,0
BRDA:192,8,0,0
BRDA:192,8,1,0
BRDA:192,9,0,0
BRDA:192,9,1,0
BRDA:192,9,2,0
BRDA:212,10,0,0
BRDA:212,10,1,0
BRDA:219,11,0,0
BRDA:219,11,1,0
BRDA:224,12,0,0
BRDA:224,12,1,0
BRF:26
BRH:0
end_of_record
TN:
SF:modelos\DatosLlamadas.js
FN:96,(anonymous_0)
FN:105,(anonymous_1)
FN:123,(anonymous_2)
FN:131,(anonymous_3)
FN:169,(anonymous_4)
FN:172,(anonymous_5)
FN:188,(anonymous_6)
FN:189,(anonymous_7)
FN:193,(anonymous_8)
FN:194,(anonymous_9)
FNF:10
FNH:0
FNDA:0,(anonymous_0)
FNDA:0,(anonymous_1)
FNDA:0,(anonymous_2)
FNDA:0,(anonymous_3)
FNDA:0,(anonymous_4)
FNDA:0,(anonymous_5)
FNDA:0,(anonymous_6)
FNDA:0,(anonymous_7)
FNDA:0,(anonymous_8)
FNDA:0,(anonymous_9)
DA:1,0
DA:3,0
DA:88,0
DA:89,0
DA:90,0
DA:91,0
DA:92,0
DA:93,0
DA:96,0
DA:97,0
DA:100,0
DA:101,0
DA:102,0
DA:103,0
DA:105,0
DA:106,0
DA:107,0
DA:108,0
DA:109,0
DA:112,0
DA:113,0
DA:114,0
DA:115,0
DA:116,0
DA:117,0
DA:119,0
DA:123,0
DA:124,0
DA:126,0
DA:127,0
DA:131,0
DA:133,0
DA:134,0
DA:137,0
DA:146,0
DA:160,0
DA:161,0
DA:163,0
DA:164,0
DA:169,0
DA:170,0
DA:172,0
DA:173,0
DA:174,0
DA:177,0
DA:178,0
DA:181,0
DA:184,0
DA:188,0
DA:189,0
DA:193,0
DA:194,0
DA:198,0
DA:200,0
LF:54
LH:0
BRDA:97,0,0,0
BRDA:97,0,1,0
BRDA:123,1,0,0
BRDA:123,2,0,0
BRDA:126,3,0,0
BRDA:126,3,1,0
BRDA:126,4,0,0
BRDA:126,4,1,0
BRDA:133,5,0,0
BRDA:133,5,1,0
BRDA:133,6,0,0
BRDA:133,6,1,0
BRDA:133,6,2,0
BRDA:133,6,3,0
BRDA:152,7,0,0
BRDA:152,7,1,0
BRDA:173,8,0,0
BRDA:173,8,1,0
BRDA:177,9,0,0
BRDA:177,9,1,0
BRF:20
BRH:0
end_of_record
TN:
SF:modelos\Turno.js
FN:104,(anonymous_0)
FN:282,(anonymous_1)
FN:298,calcularFinRefrigerio
FN:316,(anonymous_3)
FN:330,(anonymous_4)
FN:343,(anonymous_5)
FN:347,(anonymous_6)
FNF:7
FNH:0
FNDA:0,(anonymous_0)
FNDA:0,(anonymous_1)
FNDA:0,calcularFinRefrigerio
FNDA:0,(anonymous_3)
FNDA:0,(anonymous_4)
FNDA:0,(anonymous_5)
FNDA:0,(anonymous_6)
DA:1,0
DA:95,0
DA:105,0
DA:272,0
DA:273,0
DA:274,0
DA:275,0
DA:276,0
DA:277,0
DA:278,0
DA:279,0
DA:282,0
DA:283,0
DA:285,0
DA:294,0
DA:299,0
DA:302,0
DA:303,0
DA:306,0
DA:309,0
DA:310,0
DA:312,0
DA:316,0
DA:317,0
DA:318,0
DA:319,0
DA:320,0
DA:321,0
DA:322,0
DA:323,0
DA:324,0
DA:326,0
DA:330,0
DA:331,0
DA:336,0
DA:337,0
DA:338,0
DA:339,0
DA:343,0
DA:344,0
DA:345,0
DA:347,0
DA:348,0
DA:349,0
DA:350,0
DA:357,0
DA:358,0
DA:362,0
DA:365,0
DA:367,0
LF:50
LH:0
BRDA:282,0,0,0
BRDA:283,1,0,0
BRDA:283,1,1,0
BRDA:289,2,0,0
BRDA:289,2,1,0
BRDA:289,3,0,0
BRDA:289,3,1,0
BRDA:299,4,0,0
BRDA:299,4,1,0
BRDA:299,5,0,0
BRDA:299,5,1,0
BRDA:318,6,0,0
BRDA:318,6,1,0
BRDA:349,7,0,0
BRDA:349,7,1,0
BRF:15
BRH:0
end_of_record
TN:
SF:modelos\Usuario.js
FN:25,(anonymous_0)
FN:30,(anonymous_1)
FN:43,(anonymous_2)
FNF:3
FNH:0
FNDA:0,(anonymous_0)
FNDA:0,(anonymous_1)
FNDA:0,(anonymous_2)
DA:1,0
DA:2,0
DA:4,0
DA:25,0
DA:26,0
DA:30,0
DA:31,0
DA:33,0
DA:34,0
DA:35,0
DA:36,0
DA:38,0
DA:43,0
DA:44,0
DA:45,0
DA:47,0
DA:48,0
DA:53,0
DA:56,0
DA:60,0
DA:62,0
LF:21
LH:0
BRDA:31,0,0,0
BRDA:31,0,1,0
BRDA:47,1,0,0
BRDA:47,1,1,0
BRF:4
BRH:0
end_of_record
TN:
SF:modelos\asesor.js
FN:65,(anonymous_0)
FNF:1
FNH:0
FNDA:0,(anonymous_0)
DA:1,0
DA:61,0
DA:67,0
DA:107,0
DA:110,0
LF:5
LH:0
BRDA:110,0,0,0
BRDA:110,0,1,0
BRF:2
BRH:0
end_of_record
TN:
SF:rutas\analytics.js
FNF:0
FNH:0
DA:1,0
DA:2,0
DA:3,0
DA:4,0
DA:40,0
DA:70,0
DA:84,0
DA:130,0
DA:144,0
DA:171,0
DA:209,0
DA:232,0
DA:234,0
LF:13
LH:0
BRF:0
BRH:0
end_of_record
TN:
SF:rutas\asesoresRutas.js
FNF:0
FNH:0
DA:1,0
DA:2,0
DA:3,0
DA:4,0
DA:54,0
DA:85,0
DA:126,0
DA:166,0
DA:168,0
LF:9
LH:0
BRF:0
BRH:0
end_of_record
TN:
SF:rutas\authRutas.js
FN:9,(anonymous_0)
FN:71,(anonymous_1)
FNF:2
FNH:0
FNDA:0,(anonymous_0)
FNDA:0,(anonymous_1)
DA:1,0
DA:2,0
DA:3,0
DA:4,0
DA:5,0
DA:6,0
DA:9,0
DA:10,0
DA:11,0
DA:14,0
DA:15,0
DA:22,0
DA:25,0
DA:26,0
DA:33,0
DA:34,0
DA:35,0
DA:42,0
DA:52,0
DA:62,0
DA:63,0
DA:71,0
DA:72,0
DA:73,0
DA:75,0
DA:76,0
DA:82,0
DA:83,0
DA:92,0
DA:99,0
LF:30
LH:0
BRDA:14,0,0,0
BRDA:14,0,1,0
BRDA:14,1,0,0
BRDA:14,1,1,0
BRDA:25,2,0,0
BRDA:25,2,1,0
BRDA:34,3,0,0
BRDA:34,3,1,0
BRDA:75,4,0,0
BRDA:75,4,1,0
BRF:10
BRH:0
end_of_record
TN:
SF:rutas\turnoRutas.js
FNF:0
FNH:0
DA:1,0
DA:2,0
DA:3,0
DA:4,0
DA:5,0
DA:6,0
DA:52,0
DA:101,0
DA:136,0
DA:165,0
DA:167,0
LF:11
LH:0
BRF:0
BRH:0
end_of_record
TN:
SF:rutas\uploadRutas.js
FNF:0
FNH:0
DA:1,0
DA:2,0
DA:3,0
DA:4,0
DA:11,0
DA:12,0
DA:13,0
DA:14,0
DA:15,0
DA:17,0
LF:10
LH:0
BRF:0
BRH:0
end_of_record
TN:
SF:servicios\geminiService.js
FN:25,procesarDimensionamientoConGemini
FN:47,(anonymous_1)
FN:146,(anonymous_2)
FN:161,crearRespuestaDegradada
FN:187,(anonymous_4)
FN:332,(anonymous_5)
FN:361,validarYCorregirRespuesta
FN:377,(anonymous_7)
FN:419,obtenerNombreMes
FN:438,esFinDeSemana
FN:453,esSabado
FN:467,prepararDatosParaGemini
FN:494,(anonymous_12)
FN:517,(anonymous_13)
FN:532,(anonymous_14)
FN:536,(anonymous_15)
FN:537,(anonymous_16)
FN:544,(anonymous_17)
FN:553,(anonymous_18)
FN:639,crearPromptGemini
FN:745,parsearRespuestaGemini
FN:778,corregirFormatoJSON
FN:817,analizarRefrigeriosConGemini
FN:978,(anonymous_23)
FNF:24
FNH:0
FNDA:0,procesarDimensionamientoConGemini
FNDA:0,(anonymous_1)
FNDA:0,(anonymous_2)
FNDA:0,crearRespuestaDegradada
FNDA:0,(anonymous_4)
FNDA:0,(anonymous_5)
FNDA:0,validarYCorregirRespuesta
FNDA:0,(anonymous_7)
FNDA:0,obtenerNombreMes
FNDA:0,esFinDeSemana
FNDA:0,esSabado
FNDA:0,prepararDatosParaGemini
FNDA:0,(anonymous_12)
FNDA:0,(anonymous_13)
FNDA:0,(anonymous_14)
FNDA:0,(anonymous_15)
FNDA:0,(anonymous_16)
FNDA:0,(anonymous_17)
FNDA:0,(anonymous_18)
FNDA:0,crearPromptGemini
FNDA:0,parsearRespuestaGemini
FNDA:0,corregirFormatoJSON
FNDA:0,analizarRefrigeriosConGemini
FNDA:0,(anonymous_23)
DA:1,0
DA:4,0
DA:5,0
DA:8,0
DA:9,0
DA:12,0
DA:27,0
DA:28,0
DA:29,0
DA:32,0
DA:33,0
DA:35,0
DA:36,0
DA:37,0
DA:40,0
DA:43,0
DA:46,0
DA:47,0
DA:48,0
DA:49,0
DA:52,0
DA:54,0
DA:61,0
DA:67,0
DA:69,0
DA:70,0
DA:73,0
DA:76,0
DA:78,0
DA:81,0
DA:84,0
DA:87,0
DA:88,0
DA:91,0
DA:97,0
DA:98,0
DA:101,0
DA:104,0
DA:105,0
DA:106,0
DA:107,0
DA:108,0
DA:114,0
DA:118,0
DA:123,0
DA:130,0
DA:131,0
DA:134,0
DA:135,0
DA:137,0
DA:142,0
DA:143,0
DA:146,0
DA:151,0
DA:162,0
DA:164,0
DA:166,0
DA:169,0
DA:171,0
DA:172,0
DA:173,0
DA:174,0
DA:178,0
DA:179,0
DA:182,0
DA:183,0
DA:186,0
DA:187,0
DA:188,0
DA:190,0
DA:191,0
DA:194,0
DA:195,0
DA:196,0
DA:197,0
DA:198,0
DA:201,0
DA:203,0
DA:207,0
DA:208,0
DA:209,0
DA:210,0
DA:211,0
DA:214,0
DA:216,0
DA:220,0
DA:228,0
DA:231,0
DA:232,0
DA:236,0
DA:237,0
DA:238,0
DA:247,0
DA:251,0
DA:252,0
DA:253,0
DA:254,0
DA:256,0
DA:264,0
DA:267,0
DA:269,0
DA:271,0
DA:272,0
DA:274,0
DA:276,0
DA:280,0
DA:282,0
DA:283,0
DA:284,0
DA:285,0
DA:286,0
DA:287,0
DA:289,0
DA:290,0
DA:291,0
DA:292,0
DA:293,0
DA:297,0
DA:299,0
DA:300,0
DA:301,0
DA:302,0
DA:303,0
DA:304,0
DA:308,0
DA:309,0
DA:311,0
DA:324,0
DA:330,0
DA:332,0
DA:351,0
DA:352,0
DA:362,0
DA:364,0
DA:365,0
DA:373,0
DA:374,0
DA:377,0
DA:378,0
DA:379,0
DA:381,0
DA:386,0
DA:387,0
DA:391,0
DA:392,0
DA:396,0
DA:397,0
DA:403,0
DA:405,0
DA:406,0
DA:420,0
DA:425,0
DA:426,0
DA:427,0
DA:430,0
DA:439,0
DA:440,0
DA:441,0
DA:442,0
DA:444,0
DA:454,0
DA:455,0
DA:456,0
DA:458,0
DA:468,0
DA:469,0
DA:470,0
DA:482,0
DA:483,0
DA:486,0
DA:487,0
DA:488,0
DA:491,0
DA:494,0
DA:495,0
DA:496,0
DA:497,0
DA:508,0
DA:514,0
DA:515,0
DA:516,0
DA:517,0
DA:518,0
DA:523,0
DA:524,0
DA:525,0
DA:526,0
DA:527,0
DA:530,0
DA:531,0
DA:532,0
DA:536,0
DA:537,0
DA:538,0
DA:539,0
DA:540,0
DA:541,0
DA:543,0
DA:544,0
DA:547,0
DA:548,0
DA:549,0
DA:550,0
DA:551,0
DA:553,0
DA:554,0
DA:555,0
DA:556,0
DA:557,0
DA:558,0
DA:559,0
DA:562,0
DA:564,0
DA:567,0
DA:569,0
DA:571,0
DA:577,0
DA:578,0
DA:580,0
DA:581,0
DA:582,0
DA:583,0
DA:586,0
DA:589,0
DA:590,0
DA:591,0
DA:593,0
DA:594,0
DA:595,0
DA:596,0
DA:597,0
DA:598,0
DA:599,0
DA:600,0
DA:601,0
DA:602,0
DA:603,0
DA:604,0
DA:605,0
DA:606,0
DA:610,0
DA:622,0
DA:641,0
DA:642,0
DA:643,0
DA:644,0
DA:648,0
DA:737,0
DA:746,0
DA:748,0
DA:751,0
DA:753,0
DA:755,0
DA:756,0
DA:757,0
DA:759,0
DA:761,0
DA:762,0
DA:765,0
DA:768,0
DA:769,0
DA:780,0
DA:783,0
DA:786,0
DA:789,0
DA:792,0
DA:795,0
DA:796,0
DA:800,0
DA:801,0
DA:802,0
DA:804,0
DA:806,0
DA:819,0
DA:820,0
DA:823,0
DA:824,0
DA:826,0
DA:827,0
DA:828,0
DA:831,0
DA:946,0
DA:947,0
DA:948,0
DA:951,0
DA:954,0
DA:956,0
DA:958,0
DA:959,0
DA:962,0
DA:968,0
DA:969,0
DA:970,0
DA:974,0
DA:975,0
DA:978,0
DA:983,0
DA:986,0
LF:298
LH:0
BRDA:91,0,0,0
BRDA:91,0,1,0
BRDA:91,0,2,0
BRDA:91,0,3,0
BRDA:91,0,4,0
BRDA:91,0,5,0
BRDA:91,0,6,0
BRDA:97,1,0,0
BRDA:97,1,1,0
BRDA:98,2,0,0
BRDA:98,2,1,0
BRDA:104,3,0,0
BRDA:104,3,1,0
BRDA:118,4,0,0
BRDA:118,4,1,0
BRDA:118,4,2,0
BRDA:123,5,0,0
BRDA:123,5,1,0
BRDA:123,5,2,0
BRDA:123,5,3,0
BRDA:123,5,4,0
BRDA:130,6,0,0
BRDA:130,6,1,0
BRDA:130,7,0,0
BRDA:130,7,1,0
BRDA:134,8,0,0
BRDA:134,8,1,0
BRDA:151,9,0,0
BRDA:151,9,1,0
BRDA:169,10,0,0
BRDA:169,10,1,0
BRDA:169,11,0,0
BRDA:169,11,1,0
BRDA:171,12,0,0
BRDA:171,12,1,0
BRDA:173,13,0,0
BRDA:173,13,1,0
BRDA:173,14,0,0
BRDA:173,14,1,0
BRDA:186,15,0,0
BRDA:186,15,1,0
BRDA:188,16,0,0
BRDA:188,16,1,0
BRDA:188,17,0,0
BRDA:188,17,1,0
BRDA:195,18,0,0
BRDA:195,18,1,0
BRDA:201,19,0,0
BRDA:201,19,1,0
BRDA:201,20,0,0
BRDA:201,20,1,0
BRDA:208,21,0,0
BRDA:208,21,1,0
BRDA:211,22,0,0
BRDA:211,22,1,0
BRDA:214,23,0,0
BRDA:214,23,1,0
BRDA:214,24,0,0
BRDA:214,24,1,0
BRDA:220,25,0,0
BRDA:220,25,1,0
BRDA:220,26,0,0
BRDA:220,26,1,0
BRDA:220,26,2,0
BRDA:220,26,3,0
BRDA:220,26,4,0
BRDA:220,26,5,0
BRDA:231,27,0,0
BRDA:231,27,1,0
BRDA:237,28,0,0
BRDA:237,28,1,0
BRDA:251,29,0,0
BRDA:251,29,1,0
BRDA:264,30,0,0
BRDA:264,30,1,0
BRDA:269,31,0,0
BRDA:269,31,1,0
BRDA:269,32,0,0
BRDA:269,32,1,0
BRDA:274,33,0,0
BRDA:274,33,1,0
BRDA:280,34,0,0
BRDA:280,34,1,0
BRDA:282,35,0,0
BRDA:282,35,1,0
BRDA:283,36,0,0
BRDA:283,36,1,0
BRDA:284,37,0,0
BRDA:284,37,1,0
BRDA:285,38,0,0
BRDA:285,38,1,0
BRDA:286,39,0,0
BRDA:286,39,1,0
BRDA:287,40,0,0
BRDA:287,40,1,0
BRDA:289,41,0,0
BRDA:289,41,1,0
BRDA:289,41,2,0
BRDA:289,41,3,0
BRDA:290,42,0,0
BRDA:290,42,1,0
BRDA:290,42,2,0
BRDA:291,43,0,0
BRDA:291,43,1,0
BRDA:291,43,2,0
BRDA:292,44,0,0
BRDA:292,44,1,0
BRDA:292,44,2,0
BRDA:293,45,0,0
BRDA:293,45,1,0
BRDA:297,46,0,0
BRDA:297,46,1,0
BRDA:297,47,0,0
BRDA:297,47,1,0
BRDA:297,47,2,0
BRDA:297,47,3,0
BRDA:297,47,4,0
BRDA:297,47,5,0
BRDA:301,48,0,0
BRDA:301,48,1,0
BRDA:304,49,0,0
BRDA:304,49,1,0
BRDA:305,50,0,0
BRDA:305,50,1,0
BRDA:308,51,0,0
BRDA:308,51,1,0
BRDA:314,52,0,0
BRDA:314,52,1,0
BRDA:314,53,0,0
BRDA:314,53,1,0
BRDA:334,54,0,0
BRDA:334,54,1,0
BRDA:334,55,0,0
BRDA:334,55,1,0
BRDA:336,56,0,0
BRDA:336,56,1,0
BRDA:364,57,0,0
BRDA:364,57,1,0
BRDA:373,58,0,0
BRDA:373,58,1,0
BRDA:373,59,0,0
BRDA:373,59,1,0
BRDA:373,59,2,0
BRDA:378,60,0,0
BRDA:378,60,1,0
BRDA:378,61,0,0
BRDA:378,61,1,0
BRDA:386,62,0,0
BRDA:386,62,1,0
BRDA:386,63,0,0
BRDA:386,63,1,0
BRDA:391,64,0,0
BRDA:391,64,1,0
BRDA:391,65,0,0
BRDA:391,65,1,0
BRDA:396,66,0,0
BRDA:396,66,1,0
BRDA:426,67,0,0
BRDA:426,67,1,0
BRDA:426,68,0,0
BRDA:426,68,1,0
BRDA:426,68,2,0
BRDA:442,69,0,0
BRDA:442,69,1,0
BRDA:468,70,0,0
BRDA:468,70,1,0
BRDA:468,71,0,0
BRDA:468,71,1,0
BRDA:468,71,2,0
BRDA:487,72,0,0
BRDA:487,72,1,0
BRDA:487,73,0,0
BRDA:487,73,1,0
BRDA:495,74,0,0
BRDA:495,74,1,0
BRDA:495,75,0,0
BRDA:495,75,1,0
BRDA:497,76,0,0
BRDA:497,76,1,0
BRDA:499,77,0,0
BRDA:499,77,1,0
BRDA:499,77,2,0
BRDA:499,77,3,0
BRDA:499,77,4,0
BRDA:499,77,5,0
BRDA:499,77,6,0
BRDA:499,77,7,0
BRDA:514,78,0,0
BRDA:514,78,1,0
BRDA:516,79,0,0
BRDA:516,79,1,0
BRDA:516,80,0,0
BRDA:516,80,1,0
BRDA:524,81,0,0
BRDA:524,81,1,0
BRDA:526,82,0,0
BRDA:526,82,1,0
BRDA:526,83,0,0
BRDA:526,83,1,0
BRDA:530,84,0,0
BRDA:530,84,1,0
BRDA:531,85,0,0
BRDA:531,85,1,0
BRDA:538,86,0,0
BRDA:538,86,1,0
BRDA:540,87,0,0
BRDA:540,87,1,0
BRDA:540,88,0,0
BRDA:540,88,1,0
BRDA:544,89,0,0
BRDA:544,89,1,0
BRDA:554,90,0,0
BRDA:554,90,1,0
BRDA:554,91,0,0
BRDA:554,91,1,0
BRDA:554,91,2,0
BRDA:556,92,0,0
BRDA:556,92,1,0
BRDA:558,93,0,0
BRDA:558,93,1,0
BRDA:562,94,0,0
BRDA:562,94,1,0
BRDA:562,95,0,0
BRDA:562,95,1,0
BRDA:567,96,0,0
BRDA:567,96,1,0
BRDA:567,97,0,0
BRDA:567,97,1,0
BRDA:580,98,0,0
BRDA:580,98,1,0
BRDA:580,99,0,0
BRDA:580,99,1,0
BRDA:581,100,0,0
BRDA:581,100,1,0
BRDA:581,101,0,0
BRDA:581,101,1,0
BRDA:582,102,0,0
BRDA:582,102,1,0
BRDA:582,103,0,0
BRDA:582,103,1,0
BRDA:583,104,0,0
BRDA:583,104,1,0
BRDA:583,105,0,0
BRDA:583,105,1,0
BRDA:586,106,0,0
BRDA:586,106,1,0
BRDA:590,107,0,0
BRDA:590,107,1,0
BRDA:590,108,0,0
BRDA:590,108,1,0
BRDA:593,109,0,0
BRDA:593,109,1,0
BRDA:595,110,0,0
BRDA:595,110,1,0
BRDA:597,111,0,0
BRDA:597,111,1,0
BRDA:599,112,0,0
BRDA:599,112,1,0
BRDA:601,113,0,0
BRDA:601,113,1,0
BRDA:603,114,0,0
BRDA:603,114,1,0
BRDA:605,115,0,0
BRDA:605,115,1,0
BRDA:611,116,0,0
BRDA:611,116,1,0
BRDA:643,117,0,0
BRDA:643,117,1,0
BRDA:648,118,0,0
BRDA:648,118,1,0
BRDA:748,119,0,0
BRDA:748,119,1,0
BRDA:751,120,0,0
BRDA:751,120,1,0
BRDA:795,121,0,0
BRDA:795,121,1,0
BRDA:795,122,0,0
BRDA:795,122,1,0
BRDA:842,123,0,0
BRDA:842,123,1,0
BRDA:962,124,0,0
BRDA:962,124,1,0
BRDA:962,124,2,0
BRDA:962,124,3,0
BRDA:968,125,0,0
BRDA:968,125,1,0
BRDA:968,126,0,0
BRDA:968,126,1,0
BRF:288
BRH:0
end_of_record
TN:
SF:servicios\procesarDimensionamiento.js
FN:16,obtenerNombreMes
FN:35,normalizarHora
FN:59,extraerPeriodoDeNombreArchivo
FN:110,procesarArchivoDimensionamiento
FN:142,(anonymous_4)
FN:149,(anonymous_5)
FN:189,(anonymous_6)
FN:193,(anonymous_7)
FN:194,(anonymous_8)
FN:195,(anonymous_9)
FN:196,(anonymous_10)
FN:197,(anonymous_11)
FN:198,(anonymous_12)
FN:199,(anonymous_13)
FN:200,(anonymous_14)
FN:205,(anonymous_15)
FN:206,(anonymous_16)
FN:219,(anonymous_17)
FN:346,(anonymous_18)
FN:348,(anonymous_19)
FN:348,(anonymous_20)
FN:350,(anonymous_21)
FN:405,(anonymous_22)
FN:407,(anonymous_23)
FNF:24
FNH:0
FNDA:0,obtenerNombreMes
FNDA:0,normalizarHora
FNDA:0,extraerPeriodoDeNombreArchivo
FNDA:0,procesarArchivoDimensionamiento
FNDA:0,(anonymous_4)
FNDA:0,(anonymous_5)
FNDA:0,(anonymous_6)
FNDA:0,(anonymous_7)
FNDA:0,(anonymous_8)
FNDA:0,(anonymous_9)
FNDA:0,(anonymous_10)
FNDA:0,(anonymous_11)
FNDA:0,(anonymous_12)
FNDA:0,(anonymous_13)
FNDA:0,(anonymous_14)
FNDA:0,(anonymous_15)
FNDA:0,(anonymous_16)
FNDA:0,(anonymous_17)
FNDA:0,(anonymous_18)
FNDA:0,(anonymous_19)
FNDA:0,(anonymous_20)
FNDA:0,(anonymous_21)
FNDA:0,(anonymous_22)
FNDA:0,(anonymous_23)
DA:1,0
DA:2,0
DA:3,0
DA:4,0
DA:5,0
DA:6,0
DA:7,0
DA:8,0
DA:9,0
DA:17,0
DA:23,0
DA:24,0
DA:27,0
DA:36,0
DA:39,0
DA:40,0
DA:42,0
DA:44,0
DA:45,0
DA:48,0
DA:51,0
DA:60,0
DA:63,0
DA:64,0
DA:65,0
DA:66,0
DA:69,0
DA:85,0
DA:86,0
DA:87,0
DA:93,0
DA:94,0
DA:95,0
DA:96,0
DA:97,0
DA:98,0
DA:102,0
DA:111,0
DA:113,0
DA:115,0
DA:116,0
DA:119,0
DA:122,0
DA:123,0
DA:124,0
DA:125,0
DA:132,0
DA:135,0
DA:138,0
DA:139,0
DA:142,0
DA:143,0
DA:149,0
DA:150,0
DA:159,0
DA:160,0
DA:162,0
DA:163,0
DA:168,0
DA:171,0
DA:172,0
DA:173,0
DA:174,0
DA:176,0
DA:177,0
DA:180,0
DA:181,0
DA:183,0
DA:184,0
DA:185,0
DA:189,0
DA:192,0
DA:193,0
DA:194,0
DA:195,0
DA:196,0
DA:197,0
DA:198,0
DA:199,0
DA:200,0
DA:204,0
DA:205,0
DA:206,0
DA:208,0
DA:209,0
DA:210,0
DA:211,0
DA:215,0
DA:216,0
DA:219,0
DA:222,0
DA:223,0
DA:224,0
DA:225,0
DA:226,0
DA:227,0
DA:228,0
DA:229,0
DA:232,0
DA:233,0
DA:234,0
DA:237,0
DA:238,0
DA:239,0
DA:243,0
DA:244,0
DA:246,0
DA:248,0
DA:251,0
DA:252,0
DA:253,0
DA:256,0
DA:261,0
DA:262,0
DA:263,0
DA:264,0
DA:265,0
DA:272,0
DA:273,0
DA:274,0
DA:278,0
DA:279,0
DA:280,0
DA:281,0
DA:282,0
DA:283,0
DA:284,0
DA:285,0
DA:286,0
DA:290,0
DA:294,0
DA:295,0
DA:298,0
DA:299,0
DA:300,0
DA:304,0
DA:305,0
DA:306,0
DA:310,0
DA:325,0
DA:326,0
DA:327,0
DA:329,0
DA:334,0
DA:336,0
DA:337,0
DA:341,0
DA:346,0
DA:348,0
DA:350,0
DA:355,0
DA:358,0
DA:360,0
DA:361,0
DA:363,0
DA:385,0
DA:392,0
DA:395,0
DA:396,0
DA:398,0
DA:402,0
DA:405,0
DA:406,0
DA:407,0
DA:410,0
DA:412,0
DA:414,0
DA:421,0
DA:425,0
DA:437,0
DA:438,0
DA:442,0
LF:172
LH:0
BRDA:23,0,0,0
BRDA:23,0,1,0
BRDA:23,1,0,0
BRDA:23,1,1,0
BRDA:36,2,0,0
BRDA:36,2,1,0
BRDA:36,3,0,0
BRDA:36,3,1,0
BRDA:42,4,0,0
BRDA:42,4,1,0
BRDA:48,5,0,0
BRDA:48,5,1,0
BRDA:48,6,0,0
BRDA:48,6,1,0
BRDA:48,6,2,0
BRDA:48,6,3,0
BRDA:60,7,0,0
BRDA:60,7,1,0
BRDA:64,8,0,0
BRDA:64,8,1,0
BRDA:86,9,0,0
BRDA:86,9,1,0
BRDA:94,10,0,0
BRDA:94,10,1,0
BRDA:97,11,0,0
BRDA:97,11,1,0
BRDA:97,12,0,0
BRDA:97,12,1,0
BRDA:122,13,0,0
BRDA:122,13,1,0
BRDA:143,14,0,0
BRDA:143,14,1,0
BRDA:143,14,2,0
BRDA:143,14,3,0
BRDA:150,15,0,0
BRDA:150,15,1,0
BRDA:150,15,2,0
BRDA:150,15,3,0
BRDA:150,15,4,0
BRDA:150,15,5,0
BRDA:150,15,6,0
BRDA:159,16,0,0
BRDA:159,16,1,0
BRDA:159,17,0,0
BRDA:159,17,1,0
BRDA:162,18,0,0
BRDA:162,18,1,0
BRDA:172,19,0,0
BRDA:172,19,1,0
BRDA:173,20,0,0
BRDA:173,20,1,0
BRDA:174,21,0,0
BRDA:174,21,1,0
BRDA:183,22,0,0
BRDA:183,22,1,0
BRDA:189,23,0,0
BRDA:189,23,1,0
BRDA:197,24,0,0
BRDA:197,24,1,0
BRDA:208,25,0,0
BRDA:208,25,1,0
BRDA:219,26,0,0
BRDA:219,26,1,0
BRDA:219,27,0,0
BRDA:219,27,1,0
BRDA:222,28,0,0
BRDA:222,28,1,0
BRDA:223,29,0,0
BRDA:223,29,1,0
BRDA:224,30,0,0
BRDA:224,30,1,0
BRDA:225,31,0,0
BRDA:225,31,1,0
BRDA:226,32,0,0
BRDA:226,32,1,0
BRDA:227,33,0,0
BRDA:227,33,1,0
BRDA:228,34,0,0
BRDA:228,34,1,0
BRDA:229,35,0,0
BRDA:229,35,1,0
BRDA:232,36,0,0
BRDA:232,36,1,0
BRDA:233,37,0,0
BRDA:233,37,1,0
BRDA:234,38,0,0
BRDA:234,38,1,0
BRDA:237,39,0,0
BRDA:237,39,1,0
BRDA:237,40,0,0
BRDA:237,40,1,0
BRDA:246,41,0,0
BRDA:246,41,1,0
BRDA:248,42,0,0
BRDA:248,42,1,0
BRDA:251,43,0,0
BRDA:251,43,1,0
BRDA:263,44,0,0
BRDA:263,44,1,0
BRDA:272,45,0,0
BRDA:272,45,1,0
BRDA:279,46,0,0
BRDA:279,46,1,0
BRDA:281,47,0,0
BRDA:281,47,1,0
BRDA:281,48,0,0
BRDA:281,48,1,0
BRDA:283,49,0,0
BRDA:283,49,1,0
BRDA:283,50,0,0
BRDA:283,50,1,0
BRDA:285,51,0,0
BRDA:285,51,1,0
BRDA:290,52,0,0
BRDA:290,52,1,0
BRDA:298,53,0,0
BRDA:298,53,1,0
BRDA:298,54,0,0
BRDA:298,54,1,0
BRDA:305,55,0,0
BRDA:305,55,1,0
BRDA:326,56,0,0
BRDA:326,56,1,0
BRDA:336,57,0,0
BRDA:336,57,1,0
BRDA:350,58,0,0
BRDA:350,58,1,0
BRDA:361,59,0,0
BRDA:361,59,1,0
BRDA:376,60,0,0
BRDA:376,60,1,0
BRDA:376,61,0,0
BRDA:376,61,1,0
BRDA:412,62,0,0
BRDA:412,62,1,0
BRF:135
BRH:0
end_of_record
TN:
SF:servicios\procesarDimensionamientoGemini.js
FN:17,extraerPeriodoDeNombreArchivo
FN:68,obtenerNombreMes
FN:86,normalizarHora
FN:129,procesarArchivoDimensionamientoGemini
FN:170,(anonymous_4)
FN:187,(anonymous_5)
FN:217,(anonymous_6)
FN:233,(anonymous_7)
FN:277,normalizarFecha
FN:409,(anonymous_9)
FNF:10
FNH:0
FNDA:0,extraerPeriodoDeNombreArchivo
FNDA:0,obtenerNombreMes
FNDA:0,normalizarHora
FNDA:0,procesarArchivoDimensionamientoGemini
FNDA:0,(anonymous_4)
FNDA:0,(anonymous_5)
FNDA:0,(anonymous_6)
FNDA:0,(anonymous_7)
FNDA:0,normalizarFecha
FNDA:0,(anonymous_9)
DA:1,0
DA:2,0
DA:3,0
DA:4,0
DA:5,0
DA:6,0
DA:7,0
DA:8,0
DA:9,0
DA:10,0
DA:18,0
DA:21,0
DA:22,0
DA:23,0
DA:24,0
DA:27,0
DA:43,0
DA:44,0
DA:45,0
DA:51,0
DA:52,0
DA:53,0
DA:54,0
DA:55,0
DA:56,0
DA:60,0
DA:69,0
DA:74,0
DA:75,0
DA:78,0
DA:87,0
DA:90,0
DA:93,0
DA:100,0
DA:101,0
DA:102,0
DA:103,0
DA:104,0
DA:107,0
DA:108,0
DA:109,0
DA:110,0
DA:114,0
DA:117,0
DA:121,0
DA:130,0
DA:131,0
DA:133,0
DA:134,0
DA:137,0
DA:140,0
DA:141,0
DA:142,0
DA:143,0
DA:149,0
DA:150,0
DA:153,0
DA:154,0
DA:156,0
DA:158,0
DA:159,0
DA:164,0
DA:165,0
DA:167,0
DA:170,0
DA:171,0
DA:177,0
DA:180,0
DA:186,0
DA:187,0
DA:188,0
DA:195,0
DA:201,0
DA:205,0
DA:207,0
DA:209,0
DA:212,0
DA:213,0
DA:217,0
DA:218,0
DA:219,0
DA:220,0
DA:221,0
DA:222,0
DA:225,0
DA:228,0
DA:233,0
DA:243,0
DA:248,0
DA:249,0
DA:252,0
DA:264,0
DA:265,0
DA:268,0
DA:269,0
DA:273,0
DA:274,0
DA:278,0
DA:280,0
DA:282,0
DA:284,0
DA:287,0
DA:288,0
DA:289,0
DA:293,0
DA:294,0
DA:296,0
DA:297,0
DA:298,0
DA:299,0
DA:302,0
DA:307,0
DA:312,0
DA:313,0
DA:314,0
DA:315,0
DA:320,0
DA:321,0
DA:322,0
DA:325,0
DA:327,0
DA:328,0
DA:332,0
DA:334,0
DA:336,0
DA:337,0
DA:338,0
DA:341,0
DA:342,0
DA:343,0
DA:347,0
DA:348,0
DA:349,0
DA:353,0
DA:354,0
DA:355,0
DA:359,0
DA:362,0
DA:386,0
DA:393,0
DA:396,0
DA:397,0
DA:400,0
DA:401,0
DA:404,0
DA:406,0
DA:407,0
DA:409,0
DA:410,0
DA:415,0
DA:416,0
DA:417,0
DA:421,0
DA:432,0
DA:433,0
DA:435,0
DA:443,0
DA:446,0
DA:452,0
DA:465,0
DA:466,0
DA:470,0
LF:162
LH:0
BRDA:18,0,0,0
BRDA:18,0,1,0
BRDA:22,1,0,0
BRDA:22,1,1,0
BRDA:44,2,0,0
BRDA:44,2,1,0
BRDA:52,3,0,0
BRDA:52,3,1,0
BRDA:55,4,0,0
BRDA:55,4,1,0
BRDA:55,5,0,0
BRDA:55,5,1,0
BRDA:74,6,0,0
BRDA:74,6,1,0
BRDA:74,7,0,0
BRDA:74,7,1,0
BRDA:87,8,0,0
BRDA:87,8,1,0
BRDA:87,9,0,0
BRDA:87,9,1,0
BRDA:102,10,0,0
BRDA:102,10,1,0
BRDA:107,11,0,0
BRDA:107,11,1,0
BRDA:107,12,0,0
BRDA:107,12,1,0
BRDA:107,12,2,0
BRDA:109,13,0,0
BRDA:109,13,1,0
BRDA:109,14,0,0
BRDA:109,14,1,0
BRDA:109,14,2,0
BRDA:114,15,0,0
BRDA:114,15,1,0
BRDA:114,16,0,0
BRDA:114,16,1,0
BRDA:114,16,2,0
BRDA:114,16,3,0
BRDA:140,17,0,0
BRDA:140,17,1,0
BRDA:156,18,0,0
BRDA:156,18,1,0
BRDA:165,19,0,0
BRDA:165,19,1,0
BRDA:165,20,0,0
BRDA:165,20,1,0
BRDA:170,21,0,0
BRDA:170,21,1,0
BRDA:171,22,0,0
BRDA:171,22,1,0
BRDA:171,22,2,0
BRDA:171,22,3,0
BRDA:212,23,0,0
BRDA:212,23,1,0
BRDA:212,24,0,0
BRDA:212,24,1,0
BRDA:212,24,2,0
BRDA:218,25,0,0
BRDA:218,25,1,0
BRDA:220,26,0,0
BRDA:220,26,1,0
BRDA:235,27,0,0
BRDA:235,27,1,0
BRDA:238,28,0,0
BRDA:238,28,1,0
BRDA:248,29,0,0
BRDA:248,29,1,0
BRDA:278,30,0,0
BRDA:278,30,1,0
BRDA:282,31,0,0
BRDA:282,31,1,0
BRDA:288,32,0,0
BRDA:288,32,1,0
BRDA:296,33,0,0
BRDA:296,33,1,0
BRDA:314,34,0,0
BRDA:314,34,1,0
BRDA:321,35,0,0
BRDA:321,35,1,0
BRDA:334,36,0,0
BRDA:334,36,1,0
BRDA:334,37,0,0
BRDA:334,37,1,0
BRDA:336,38,0,0
BRDA:336,38,1,0
BRDA:336,38,2,0
BRDA:337,39,0,0
BRDA:337,39,1,0
BRDA:338,40,0,0
BRDA:338,40,1,0
BRDA:342,41,0,0
BRDA:342,41,1,0
BRDA:343,42,0,0
BRDA:343,42,1,0
BRDA:348,43,0,0
BRDA:348,43,1,0
BRDA:349,44,0,0
BRDA:349,44,1,0
BRDA:354,45,0,0
BRDA:354,45,1,0
BRDA:355,46,0,0
BRDA:355,46,1,0
BRDA:359,47,0,0
BRDA:359,47,1,0
BRDA:359,48,0,0
BRDA:359,48,1,0
BRDA:367,49,0,0
BRDA:367,49,1,0
BRDA:376,50,0,0
BRDA:376,50,1,0
BRDA:376,51,0,0
BRDA:376,51,1,0
BRDA:382,52,0,0
BRDA:382,52,1,0
BRDA:400,53,0,0
BRDA:400,53,1,0
BRDA:406,54,0,0
BRDA:406,54,1,0
BRDA:410,55,0,0
BRDA:410,55,1,0
BRDA:410,55,2,0
BRDA:415,56,0,0
BRDA:415,56,1,0
BRDA:426,57,0,0
BRDA:426,57,1,0
BRDA:426,58,0,0
BRDA:426,58,1,0
BRDA:427,59,0,0
BRDA:427,59,1,0
BRDA:427,60,0,0
BRDA:427,60,1,0
BRF:131
BRH:0
end_of_record
TN:
SF:utilidades\calculadorRefrigeriosBackend.js
FN:5,parseHoraInicioDesdeHorario
FN:15,horaAMinutos
FN:23,minutosAStringHHMM
FN:38,calcularRefrigeriosBackend
FN:122,calcularPrimerRefrigerio
FN:130,calcularSegundoRefrigerio
FNF:6
FNH:0
FNDA:0,parseHoraInicioDesdeHorario
FNDA:0,horaAMinutos
FNDA:0,minutosAStringHHMM
FNDA:0,calcularRefrigeriosBackend
FNDA:0,calcularPrimerRefrigerio
FNDA:0,calcularSegundoRefrigerio
DA:6,0
DA:7,0
DA:8,0
DA:9,0
DA:10,0
DA:12,0
DA:16,0
DA:17,0
DA:18,0
DA:19,0
DA:24,0
DA:25,0
DA:27,0
DA:28,0
DA:29,0
DA:40,0
DA:41,0
DA:42,0
DA:46,0
DA:49,0
DA:52,0
DA:55,0
DA:56,0
DA:58,0
DA:59,0
DA:62,0
DA:63,0
DA:64,0
DA:65,0
DA:66,0
DA:67,0
DA:68,0
DA:69,0
DA:70,0
DA:74,0
DA:75,0
DA:76,0
DA:80,0
DA:81,0
DA:82,0
DA:83,0
DA:87,0
DA:88,0
DA:91,0
DA:92,0
DA:95,0
DA:112,0
DA:114,0
DA:118,0
DA:123,0
DA:124,0
DA:125,0
DA:126,0
DA:131,0
DA:132,0
DA:133,0
DA:134,0
DA:138,0
LF:58
LH:0
BRDA:6,0,0,0
BRDA:6,0,1,0
BRDA:6,1,0,0
BRDA:6,1,1,0
BRDA:8,2,0,0
BRDA:8,2,1,0
BRDA:10,3,0,0
BRDA:10,3,1,0
BRDA:16,4,0,0
BRDA:16,4,1,0
BRDA:16,5,0,0
BRDA:16,5,1,0
BRDA:18,6,0,0
BRDA:18,6,1,0
BRDA:18,7,0,0
BRDA:18,7,1,0
BRDA:24,8,0,0
BRDA:24,8,1,0
BRDA:24,9,0,0
BRDA:24,9,1,0
BRDA:24,9,2,0
BRDA:24,9,3,0
BRDA:40,10,0,0
BRDA:40,10,1,0
BRDA:40,11,0,0
BRDA:40,11,1,0
BRDA:40,11,2,0
BRDA:46,12,0,0
BRDA:46,12,1,0
BRDA:58,13,0,0
BRDA:58,13,1,0
BRDA:58,13,2,0
BRDA:58,13,3,0
BRDA:59,14,0,0
BRDA:59,14,1,0
BRDA:59,14,2,0
BRDA:63,15,0,0
BRDA:63,15,1,0
BRDA:65,16,0,0
BRDA:65,16,1,0
BRDA:67,17,0,0
BRDA:67,17,1,0
BRDA:69,18,0,0
BRDA:69,18,1,0
BRDA:74,19,0,0
BRDA:74,19,1,0
BRDA:81,20,0,0
BRDA:81,20,1,0
BRDA:102,21,0,0
BRDA:102,21,1,0
BRDA:103,22,0,0
BRDA:103,22,1,0
BRDA:104,23,0,0
BRDA:104,23,1,0
BRDA:105,24,0,0
BRDA:105,24,1,0
BRDA:106,25,0,0
BRDA:106,25,1,0
BRDA:123,26,0,0
BRDA:123,26,1,0
BRDA:125,27,0,0
BRDA:125,27,1,0
BRDA:131,28,0,0
BRDA:131,28,1,0
BRDA:133,29,0,0
BRDA:133,29,1,0
BRF:66
BRH:0
end_of_record
TN:
SF:utilidades\calculadoraRefrigerios.js
FN:20,(anonymous_0)
FN:52,addMinutesToHourString
FN:66,esTurnoLargo
FN:86,(anonymous_3)
FN:116,(anonymous_4)
FN:127,(anonymous_5)
FN:128,(anonymous_6)
FNF:7
FNH:0
FNDA:0,(anonymous_0)
FNDA:0,addMinutesToHourString
FNDA:0,esTurnoLargo
FNDA:0,(anonymous_3)
FNDA:0,(anonymous_4)
FNDA:0,(anonymous_5)
FNDA:0,(anonymous_6)
DA:1,0
DA:4,0
DA:20,0
DA:22,0
DA:24,0
DA:27,0
DA:28,0
DA:29,0
DA:38,0
DA:39,0
DA:40,0
DA:48,0
DA:53,0
DA:54,0
DA:57,0
DA:59,0
DA:60,0
DA:62,0
DA:67,0
DA:69,0
DA:70,0
DA:72,0
DA:73,0
DA:76,0
DA:77,0
DA:81,0
DA:82,0
DA:86,0
DA:87,0
DA:88,0
DA:89,0
DA:92,0
DA:93,0
DA:100,0
DA:101,0
DA:103,0
DA:104,0
DA:110,0
DA:116,0
DA:117,0
DA:127,0
DA:128,0
DA:129,0
DA:130,0
DA:132,0
DA:133,0
DA:137,0
DA:138,0
DA:142,0
DA:144,0
DA:147,0
LF:51
LH:0
BRDA:28,0,0,0
BRDA:28,0,1,0
BRDA:39,1,0,0
BRDA:39,1,1,0
BRDA:39,2,0,0
BRDA:39,2,1,0
BRDA:67,3,0,0
BRDA:67,3,1,0
BRDA:67,4,0,0
BRDA:67,4,1,0
BRDA:76,5,0,0
BRDA:76,5,1,0
BRDA:92,6,0,0
BRDA:92,6,1,0
BRDA:103,7,0,0
BRDA:103,7,1,0
BRDA:103,8,0,0
BRDA:103,8,1,0
BRDA:132,9,0,0
BRDA:132,9,1,0
BRDA:137,10,0,0
BRDA:137,10,1,0
BRF:22
BRH:0
end_of_record
TN:
SF:utilidades\distribuidorRefrigerios.js
FN:4,horaAMinutos
FN:16,validarDistribucionRefrigerios
FNF:2
FNH:0
FNDA:0,horaAMinutos
FNDA:0,validarDistribucionRefrigerios
DA:5,0
DA:6,0
DA:7,0
DA:8,0
DA:17,0
DA:18,0
DA:21,0
DA:23,0
DA:24,0
DA:26,0
DA:27,0
DA:29,0
DA:31,0
DA:32,0
DA:33,0
DA:34,0
DA:35,0
DA:40,0
DA:41,0
DA:42,0
DA:43,0
DA:44,0
DA:50,0
DA:51,0
DA:52,0
DA:54,0
DA:55,0
DA:56,0
DA:57,0
DA:64,0
DA:67,0
LF:31
LH:0
BRDA:5,0,0,0
BRDA:5,0,1,0
BRDA:5,1,0,0
BRDA:5,1,1,0
BRDA:7,2,0,0
BRDA:7,2,1,0
BRDA:7,3,0,0
BRDA:7,3,1,0
BRDA:17,4,0,0
BRDA:17,4,1,0
BRDA:17,5,0,0
BRDA:17,5,1,0
BRDA:32,6,0,0
BRDA:32,6,1,0
BRDA:35,7,0,0
BRDA:35,7,1,0
BRDA:41,8,0,0
BRDA:41,8,1,0
BRDA:44,9,0,0
BRDA:44,9,1,0
BRDA:52,10,0,0
BRDA:52,10,1,0
BRF:22
BRH:0
end_of_record
TN:
SF:utilidades\formateoFechas.js
FN:6,obtenerNombreMes
FN:26,esFinDeSemana
FN:42,formatearFechaLegible
FN:56,obtenerTipoDia
FNF:4
FNH:0
FNDA:0,obtenerNombreMes
FNDA:0,esFinDeSemana
FNDA:0,formatearFechaLegible
FNDA:0,obtenerTipoDia
DA:7,0
DA:13,0
DA:14,0
DA:15,0
DA:18,0
DA:27,0
DA:28,0
DA:31,0
DA:32,0
DA:34,0
DA:43,0
DA:44,0
DA:47,0
DA:48,0
DA:57,0
DA:58,0
DA:61,0
DA:62,0
DA:64,0
DA:65,0
DA:66,0
DA:69,0
LF:22
LH:0
BRDA:13,0,0,0
BRDA:13,0,1,0
BRDA:13,1,0,0
BRDA:13,1,1,0
BRDA:13,1,2,0
BRDA:27,2,0,0
BRDA:27,2,1,0
BRDA:27,3,0,0
BRDA:27,3,1,0
BRDA:27,3,2,0
BRDA:34,4,0,0
BRDA:34,4,1,0
BRDA:43,5,0,0
BRDA:43,5,1,0
BRDA:43,6,0,0
BRDA:43,6,1,0
BRDA:43,6,2,0
BRDA:57,7,0,0
BRDA:57,7,1,0
BRDA:57,8,0,0
BRDA:57,8,1,0
BRDA:57,8,2,0
BRDA:64,9,0,0
BRDA:64,9,1,0
BRDA:65,10,0,0
BRDA:65,10,1,0
BRF:26
BRH:0
end_of_record
TN:
SF:utilidades\migrarTiposDia.js
FN:7,migrarTiposDia
FN:36,(anonymous_1)
FN:62,(anonymous_2)
FN:63,(anonymous_3)
FNF:4
FNH:0
FNDA:0,migrarTiposDia
FNDA:0,(anonymous_1)
FNDA:0,(anonymous_2)
FNDA:0,(anonymous_3)
DA:2,0
DA:3,0
DA:4,0
DA:5,0
DA:8,0
DA:9,0
DA:10,0
DA:11,0
DA:14,0
DA:15,0
DA:20,0
DA:23,0
DA:26,0
DA:30,0
DA:33,0
DA:34,0
DA:36,0
DA:37,0
DA:38,0
DA:39,0
DA:41,0
DA:45,0
DA:48,0
DA:49,0
DA:52,0
DA:55,0
DA:56,0
DA:61,0
DA:62,0
DA:63,0
LF:30
LH:0
BRDA:37,0,0,0
BRDA:37,0,1,0
BRF:2
BRH:0
end_of_record
TN:
SF:utilidades\prepararBaseDatos.js
FN:20,prepararBaseDatos
FN:32,(anonymous_1)
FN:129,(anonymous_2)
FN:130,(anonymous_3)
FNF:4
FNH:0
FNDA:0,prepararBaseDatos
FNDA:0,(anonymous_1)
FNDA:0,(anonymous_2)
FNDA:0,(anonymous_3)
DA:10,0
DA:11,0
DA:12,0
DA:13,0
DA:14,0
DA:15,0
DA:21,0
DA:23,0
DA:25,0
DA:26,0
DA:27,0
DA:30,0
DA:31,0
DA:32,0
DA:34,0
DA:37,0
DA:38,0
DA:39,0
DA:40,0
DA:41,0
DA:42,0
DA:43,0
DA:44,0
DA:46,0
DA:49,0
DA:52,0
DA:56,0
DA:59,0
DA:69,0
DA:70,0
DA:71,0
DA:72,0
DA:74,0
DA:79,0
DA:84,0
DA:85,0
DA:86,0
DA:87,0
DA:89,0
DA:94,0
DA:95,0
DA:96,0
DA:98,0
DA:102,0
DA:103,0
DA:104,0
DA:105,0
DA:106,0
DA:108,0
DA:109,0
DA:110,0
DA:112,0
DA:115,0
DA:118,0
DA:121,0
DA:122,0
DA:127,0
DA:128,0
DA:129,0
DA:131,0
DA:132,0
DA:136,0
LF:62
LH:0
BRDA:40,0,0,0
BRDA:40,0,1,0
BRDA:86,1,0,0
BRDA:86,1,1,0
BRDA:127,2,0,0
BRDA:127,2,1,0
BRF:6
BRH:0
end_of_record
